{"total": {"lines":{"total":3565,"covered":3057,"skipped":0,"pct":85.75},"statements":{"total":3981,"covered":3355,"skipped":0,"pct":84.27},"functions":{"total":981,"covered":858,"skipped":0,"pct":87.46},"branches":{"total":2663,"covered":1846,"skipped":0,"pct":69.32},"branchesTrue":{"total":0,"covered":0,"skipped":0,"pct":100}}
,"/home/user/project/skills/deploy/git-free-deploy/index.js": {"lines":{"total":40,"covered":29,"skipped":0,"pct":72.5},"functions":{"total":11,"covered":8,"skipped":0,"pct":72.72},"statements":{"total":45,"covered":31,"skipped":0,"pct":68.88},"branches":{"total":29,"covered":9,"skipped":0,"pct":31.03}}
,"/home/user/project/skills/deploy/one-click-netlify/index.js": {"lines":{"total":30,"covered":22,"skipped":0,"pct":73.33},"functions":{"total":8,"covered":6,"skipped":0,"pct":75},"statements":{"total":34,"covered":24,"skipped":0,"pct":70.58},"branches":{"total":17,"covered":9,"skipped":0,"pct":52.94}}
,"/home/user/project/skills/deploy/one-click-vercel/index.js": {"lines":{"total":28,"covered":19,"skipped":0,"pct":67.85},"functions":{"total":7,"covered":5,"skipped":0,"pct":71.42},"statements":{"total":33,"covered":21,"skipped":0,"pct":63.63},"branches":{"total":20,"covered":11,"skipped":0,"pct":55}}
,"/home/user/project/skills/design/anti-slop/index.js": {"lines":{"total":179,"covered":156,"skipped":0,"pct":87.15},"functions":{"total":72,"covered":54,"skipped":0,"pct":75},"statements":{"total":202,"covered":165,"skipped":0,"pct":81.68},"branches":{"total":178,"covered":131,"skipped":0,"pct":73.59}}
,"/home/user/project/skills/design/color-gen/index.js": {"lines":{"total":178,"covered":164,"skipped":0,"pct":92.13},"functions":{"total":37,"covered":32,"skipped":0,"pct":86.48},"statements":{"total":187,"covered":172,"skipped":0,"pct":91.97},"branches":{"total":94,"covered":72,"skipped":0,"pct":76.59}}
,"/home/user/project/skills/design/design-system/index.js": {"lines":{"total":152,"covered":120,"skipped":0,"pct":78.94},"functions":{"total":56,"covered":42,"skipped":0,"pct":75},"statements":{"total":157,"covered":123,"skipped":0,"pct":78.34},"branches":{"total":97,"covered":67,"skipped":0,"pct":69.07}}
,"/home/user/project/skills/design/impeccable-audit/index.js": {"lines":{"total":72,"covered":69,"skipped":0,"pct":95.83},"functions":{"total":19,"covered":18,"skipped":0,"pct":94.73},"statements":{"total":83,"covered":76,"skipped":0,"pct":91.56},"branches":{"total":57,"covered":43,"skipped":0,"pct":75.43}}
,"/home/user/project/skills/design/taste-skill/index.js": {"lines":{"total":70,"covered":65,"skipped":0,"pct":92.85},"functions":{"total":22,"covered":21,"skipped":0,"pct":95.45},"statements":{"total":82,"covered":76,"skipped":0,"pct":92.68},"branches":{"total":68,"covered":47,"skipped":0,"pct":69.11}}
,"/home/user/project/skills/design/template-gallery/index.js": {"lines":{"total":24,"covered":21,"skipped":0,"pct":87.5},"functions":{"total":12,"covered":10,"skipped":0,"pct":83.33},"statements":{"total":28,"covered":24,"skipped":0,"pct":85.71},"branches":{"total":12,"covered":7,"skipped":0,"pct":58.33}}
,"/home/user/project/skills/design/theme-factory/index.js": {"lines":{"total":100,"covered":79,"skipped":0,"pct":79},"functions":{"total":30,"covered":25,"skipped":0,"pct":83.33},"statements":{"total":102,"covered":80,"skipped":0,"pct":78.43},"branches":{"total":97,"covered":81,"skipped":0,"pct":83.5}}
,"/home/user/project/skills/design/typography-rules/index.js": {"lines":{"total":57,"covered":49,"skipped":0,"pct":85.96},"functions":{"total":25,"covered":23,"skipped":0,"pct":92},"statements":{"total":70,"covered":53,"skipped":0,"pct":75.71},"branches":{"total":52,"covered":24,"skipped":0,"pct":46.15}}
,"/home/user/project/skills/explain/code-explainer/index.js": {"lines":{"total":108,"covered":100,"skipped":0,"pct":92.59},"functions":{"total":24,"covered":22,"skipped":0,"pct":91.66},"statements":{"total":123,"covered":109,"skipped":0,"pct":88.61},"branches":{"total":90,"covered":64,"skipped":0,"pct":71.11}}
,"/home/user/project/skills/explain/code-translator/index.js": {"lines":{"total":62,"covered":51,"skipped":0,"pct":82.25},"functions":{"total":33,"covered":31,"skipped":0,"pct":93.93},"statements":{"total":70,"covered":54,"skipped":0,"pct":77.14},"branches":{"total":39,"covered":19,"skipped":0,"pct":48.71}}
,"/home/user/project/skills/explain/intent-capture/index.js": {"lines":{"total":58,"covered":51,"skipped":0,"pct":87.93},"functions":{"total":11,"covered":11,"skipped":0,"pct":100},"statements":{"total":76,"covered":64,"skipped":0,"pct":84.21},"branches":{"total":56,"covered":42,"skipped":0,"pct":75}}
,"/home/user/project/skills/knowledge/context-memory/index.js": {"lines":{"total":15,"covered":14,"skipped":0,"pct":93.33},"functions":{"total":9,"covered":8,"skipped":0,"pct":88.88},"statements":{"total":16,"covered":15,"skipped":0,"pct":93.75},"branches":{"total":2,"covered":2,"skipped":0,"pct":100}}
,"/home/user/project/skills/knowledge/graphify/index.js": {"lines":{"total":102,"covered":100,"skipped":0,"pct":98.03},"functions":{"total":31,"covered":29,"skipped":0,"pct":93.54},"statements":{"total":118,"covered":114,"skipped":0,"pct":96.61},"branches":{"total":93,"covered":59,"skipped":0,"pct":63.44}}
,"/home/user/project/skills/knowledge/knowledge-base/index.js": {"lines":{"total":25,"covered":24,"skipped":0,"pct":96},"functions":{"total":15,"covered":14,"skipped":0,"pct":93.33},"statements":{"total":26,"covered":25,"skipped":0,"pct":96.15},"branches":{"total":66,"covered":49,"skipped":0,"pct":74.24}}
,"/home/user/project/skills/knowledge/wednesday-graph/index.js": {"lines":{"total":29,"covered":27,"skipped":0,"pct":93.1},"functions":{"total":15,"covered":13,"skipped":0,"pct":86.66},"statements":{"total":32,"covered":30,"skipped":0,"pct":93.75},"branches":{"total":16,"covered":15,"skipped":0,"pct":93.75}}
,"/home/user/project/skills/orchestration/gsd-workflow/index.js": {"lines":{"total":42,"covered":40,"skipped":0,"pct":95.23},"functions":{"total":14,"covered":13,"skipped":0,"pct":92.85},"statements":{"total":53,"covered":51,"skipped":0,"pct":96.22},"branches":{"total":39,"covered":29,"skipped":0,"pct":74.35}}
,"/home/user/project/skills/orchestration/model-router/index.js": {"lines":{"total":24,"covered":23,"skipped":0,"pct":95.83},"functions":{"total":8,"covered":7,"skipped":0,"pct":87.5},"statements":{"total":30,"covered":28,"skipped":0,"pct":93.33},"branches":{"total":26,"covered":24,"skipped":0,"pct":92.3}}
,"/home/user/project/skills/orchestration/parallel-exec/index.js": {"lines":{"total":30,"covered":28,"skipped":0,"pct":93.33},"functions":{"total":12,"covered":10,"skipped":0,"pct":83.33},"statements":{"total":39,"covered":36,"skipped":0,"pct":92.3},"branches":{"total":17,"covered":14,"skipped":0,"pct":82.35}}
,"/home/user/project/skills/orchestration/task-coordinator/index.js": {"lines":{"total":44,"covered":42,"skipped":0,"pct":95.45},"functions":{"total":16,"covered":15,"skipped":0,"pct":93.75},"statements":{"total":52,"covered":48,"skipped":0,"pct":92.3},"branches":{"total":17,"covered":11,"skipped":0,"pct":64.7}}
,"/home/user/project/skills/orchestration/virtual-team/index.js": {"lines":{"total":14,"covered":13,"skipped":0,"pct":92.85},"functions":{"total":6,"covered":5,"skipped":0,"pct":83.33},"statements":{"total":14,"covered":13,"skipped":0,"pct":92.85},"branches":{"total":4,"covered":3,"skipped":0,"pct":75}}
,"/home/user/project/skills/preview/diff-preview/index.js": {"lines":{"total":159,"covered":148,"skipped":0,"pct":93.08},"functions":{"total":28,"covered":25,"skipped":0,"pct":89.28},"statements":{"total":172,"covered":159,"skipped":0,"pct":92.44},"branches":{"total":104,"covered":89,"skipped":0,"pct":85.57}}
,"/home/user/project/skills/preview/flowchart-gen/index.js": {"lines":{"total":194,"covered":158,"skipped":0,"pct":81.44},"functions":{"total":23,"covered":20,"skipped":0,"pct":86.95},"statements":{"total":207,"covered":165,"skipped":0,"pct":79.71},"branches":{"total":129,"covered":79,"skipped":0,"pct":61.24}}
,"/home/user/project/skills/preview/screenshot-preview/index.js": {"lines":{"total":190,"covered":114,"skipped":0,"pct":60},"functions":{"total":33,"covered":26,"skipped":0,"pct":78.78},"statements":{"total":196,"covered":118,"skipped":0,"pct":60.2},"branches":{"total":102,"covered":57,"skipped":0,"pct":55.88}}
,"/home/user/project/skills/preview/visual-plans/index.js": {"lines":{"total":78,"covered":72,"skipped":0,"pct":92.3},"functions":{"total":17,"covered":17,"skipped":0,"pct":100},"statements":{"total":94,"covered":81,"skipped":0,"pct":86.17},"branches":{"total":57,"covered":41,"skipped":0,"pct":71.92}}
,"/home/user/project/skills/progress/dashboard/index.js": {"lines":{"total":52,"covered":46,"skipped":0,"pct":88.46},"functions":{"total":12,"covered":11,"skipped":0,"pct":91.66},"statements":{"total":55,"covered":49,"skipped":0,"pct":89.09},"branches":{"total":54,"covered":47,"skipped":0,"pct":87.03}}
,"/home/user/project/skills/progress/done-checklist/index.js": {"lines":{"total":31,"covered":23,"skipped":0,"pct":74.19},"functions":{"total":15,"covered":14,"skipped":0,"pct":93.33},"statements":{"total":38,"covered":29,"skipped":0,"pct":76.31},"branches":{"total":25,"covered":15,"skipped":0,"pct":60}}
,"/home/user/project/skills/progress/error-translator/index.js": {"lines":{"total":16,"covered":13,"skipped":0,"pct":81.25},"functions":{"total":5,"covered":5,"skipped":0,"pct":100},"statements":{"total":18,"covered":15,"skipped":0,"pct":83.33},"branches":{"total":10,"covered":6,"skipped":0,"pct":60}}
,"/home/user/project/skills/progress/tracker/index.js": {"lines":{"total":145,"covered":135,"skipped":0,"pct":93.1},"functions":{"total":52,"covered":47,"skipped":0,"pct":90.38},"statements":{"total":180,"covered":161,"skipped":0,"pct":89.44},"branches":{"total":83,"covered":54,"skipped":0,"pct":65.06}}
,"/home/user/project/skills/quality/anti-patterns/index.js": {"lines":{"total":47,"covered":42,"skipped":0,"pct":89.36},"functions":{"total":23,"covered":22,"skipped":0,"pct":95.65},"statements":{"total":55,"covered":49,"skipped":0,"pct":89.09},"branches":{"total":31,"covered":24,"skipped":0,"pct":77.41}}
,"/home/user/project/skills/quality/code-health/index.js": {"lines":{"total":59,"covered":53,"skipped":0,"pct":89.83},"functions":{"total":19,"covered":17,"skipped":0,"pct":89.47},"statements":{"total":66,"covered":56,"skipped":0,"pct":84.84},"branches":{"total":67,"covered":37,"skipped":0,"pct":55.22}}
,"/home/user/project/skills/quality/code-review/index.js": {"lines":{"total":37,"covered":27,"skipped":0,"pct":72.97},"functions":{"total":5,"covered":4,"skipped":0,"pct":80},"statements":{"total":39,"covered":29,"skipped":0,"pct":74.35},"branches":{"total":36,"covered":25,"skipped":0,"pct":69.44}}
,"/home/user/project/skills/quality/done-verifier/index.js": {"lines":{"total":50,"covered":48,"skipped":0,"pct":96},"functions":{"total":25,"covered":24,"skipped":0,"pct":96},"statements":{"total":59,"covered":57,"skipped":0,"pct":96.61},"branches":{"total":27,"covered":25,"skipped":0,"pct":92.59}}
,"/home/user/project/skills/quality/guardrails/index.js": {"lines":{"total":21,"covered":18,"skipped":0,"pct":85.71},"functions":{"total":9,"covered":9,"skipped":0,"pct":100},"statements":{"total":25,"covered":22,"skipped":0,"pct":88},"branches":{"total":12,"covered":9,"skipped":0,"pct":75}}
,"/home/user/project/skills/quality/health-check/index.js": {"lines":{"total":50,"covered":45,"skipped":0,"pct":90},"functions":{"total":10,"covered":9,"skipped":0,"pct":90},"statements":{"total":55,"covered":50,"skipped":0,"pct":90.9},"branches":{"total":41,"covered":33,"skipped":0,"pct":80.48}}
,"/home/user/project/skills/quality/security-audit/index.js": {"lines":{"total":40,"covered":38,"skipped":0,"pct":95},"functions":{"total":23,"covered":21,"skipped":0,"pct":91.3},"statements":{"total":44,"covered":42,"skipped":0,"pct":95.45},"branches":{"total":21,"covered":18,"skipped":0,"pct":85.71}}
,"/home/user/project/skills/quality/security-defaults/index.js": {"lines":{"total":21,"covered":15,"skipped":0,"pct":71.42},"functions":{"total":9,"covered":7,"skipped":0,"pct":77.77},"statements":{"total":26,"covered":18,"skipped":0,"pct":69.23},"branches":{"total":37,"covered":30,"skipped":0,"pct":81.08}}
,"/home/user/project/skills/quality/testing-guide/index.js": {"lines":{"total":62,"covered":55,"skipped":0,"pct":88.7},"functions":{"total":16,"covered":13,"skipped":0,"pct":81.25},"statements":{"total":66,"covered":57,"skipped":0,"pct":86.36},"branches":{"total":57,"covered":39,"skipped":0,"pct":68.42}}
,"/home/user/project/skills/quality/vibe-review/index.js": {"lines":{"total":69,"covered":54,"skipped":0,"pct":78.26},"functions":{"total":14,"covered":13,"skipped":0,"pct":92.85},"statements":{"total":78,"covered":62,"skipped":0,"pct":79.48},"branches":{"total":71,"covered":46,"skipped":0,"pct":64.78}}
,"/home/user/project/skills/setup/project-wizard/index.js": {"lines":{"total":53,"covered":52,"skipped":0,"pct":98.11},"functions":{"total":7,"covered":7,"skipped":0,"pct":100},"statements":{"total":55,"covered":52,"skipped":0,"pct":94.54},"branches":{"total":51,"covered":43,"skipped":0,"pct":84.31}}
,"/home/user/project/skills/setup/prompt-templates/index.js": {"lines":{"total":43,"covered":21,"skipped":0,"pct":48.83},"functions":{"total":11,"covered":8,"skipped":0,"pct":72.72},"statements":{"total":47,"covered":23,"skipped":0,"pct":48.93},"branches":{"total":26,"covered":10,"skipped":0,"pct":38.46}}
,"/home/user/project/skills/setup/quick-start/index.js": {"lines":{"total":119,"covered":76,"skipped":0,"pct":63.86},"functions":{"total":13,"covered":8,"skipped":0,"pct":61.53},"statements":{"total":119,"covered":76,"skipped":0,"pct":63.86},"branches":{"total":61,"covered":26,"skipped":0,"pct":42.62}}
,"/home/user/project/skills/workflow/architect/index.js": {"lines":{"total":145,"covered":139,"skipped":0,"pct":95.86},"functions":{"total":16,"covered":15,"skipped":0,"pct":93.75},"statements":{"total":164,"covered":155,"skipped":0,"pct":94.51},"branches":{"total":51,"covered":35,"skipped":0,"pct":68.62}}
,"/home/user/project/skills/workflow/caveman-mode/index.js": {"lines":{"total":60,"covered":56,"skipped":0,"pct":93.33},"functions":{"total":13,"covered":12,"skipped":0,"pct":92.3},"statements":{"total":64,"covered":59,"skipped":0,"pct":92.18},"branches":{"total":43,"covered":27,"skipped":0,"pct":62.79}}
,"/home/user/project/skills/workflow/checkpoints/index.js": {"lines":{"total":20,"covered":19,"skipped":0,"pct":95},"functions":{"total":11,"covered":10,"skipped":0,"pct":90.9},"statements":{"total":26,"covered":24,"skipped":0,"pct":92.3},"branches":{"total":7,"covered":4,"skipped":0,"pct":57.14}}
,"/home/user/project/skills/workflow/git-ops/index.js": {"lines":{"total":22,"covered":20,"skipped":0,"pct":90.9},"functions":{"total":5,"covered":4,"skipped":0,"pct":80},"statements":{"total":23,"covered":20,"skipped":0,"pct":86.95},"branches":{"total":28,"covered":20,"skipped":0,"pct":71.42}}
,"/home/user/project/skills/workflow/planning-agent/index.js": {"lines":{"total":36,"covered":32,"skipped":0,"pct":88.88},"functions":{"total":10,"covered":9,"skipped":0,"pct":90},"statements":{"total":46,"covered":40,"skipped":0,"pct":86.95},"branches":{"total":28,"covered":21,"skipped":0,"pct":75}}
,"/home/user/project/skills/workflow/rollback/index.js": {"lines":{"total":17,"covered":11,"skipped":0,"pct":64.7},"functions":{"total":4,"covered":3,"skipped":0,"pct":75},"statements":{"total":17,"covered":11,"skipped":0,"pct":64.7},"branches":{"total":18,"covered":12,"skipped":0,"pct":66.66}}
,"/home/user/project/skills/workflow/spec-driven/index.js": {"lines":{"total":88,"covered":70,"skipped":0,"pct":79.54},"functions":{"total":19,"covered":18,"skipped":0,"pct":94.73},"statements":{"total":95,"covered":76,"skipped":0,"pct":80},"branches":{"total":84,"covered":56,"skipped":0,"pct":66.66}}
,"/home/user/project/skills/workflow/spec-engine/index.js": {"lines":{"total":98,"covered":94,"skipped":0,"pct":95.91},"functions":{"total":22,"covered":21,"skipped":0,"pct":95.45},"statements":{"total":109,"covered":102,"skipped":0,"pct":93.57},"branches":{"total":52,"covered":42,"skipped":0,"pct":80.76}}
,"/home/user/project/skills/workflow/tdd-vibe/index.js": {"lines":{"total":9,"covered":8,"skipped":0,"pct":88.88},"functions":{"total":4,"covered":3,"skipped":0,"pct":75},"statements":{"total":10,"covered":9,"skipped":0,"pct":90},"branches":{"total":2,"covered":2,"skipped":0,"pct":100}}
,"/home/user/project/skills/workflow/verification/index.js": {"lines":{"total":51,"covered":49,"skipped":0,"pct":96.07},"functions":{"total":15,"covered":14,"skipped":0,"pct":93.33},"statements":{"total":61,"covered":57,"skipped":0,"pct":93.44},"branches":{"total":62,"covered":42,"skipped":0,"pct":67.74}}
}
