TN:
SF:skills/deploy/git-free-deploy/index.js
FN:7,(anonymous_0)
FN:14,(anonymous_1)
FN:18,(anonymous_2)
FN:24,(anonymous_3)
FN:28,(anonymous_4)
FN:34,(anonymous_5)
FN:55,(anonymous_6)
FN:70,(anonymous_7)
FN:75,(anonymous_8)
FN:80,(anonymous_9)
FN:91,(anonymous_10)
FNF:11
FNH:8
FNDA:6,(anonymous_0)
FNDA:1,(anonymous_1)
FNDA:1,(anonymous_2)
FNDA:1,(anonymous_3)
FNDA:1,(anonymous_4)
FNDA:1,(anonymous_5)
FNDA:0,(anonymous_6)
FNDA:2,(anonymous_7)
FNDA:1,(anonymous_8)
FNDA:0,(anonymous_9)
FNDA:0,(anonymous_10)
DA:3,1
DA:4,1
DA:8,6
DA:9,6
DA:10,6
DA:15,1
DA:19,1
DA:20,1
DA:21,1
DA:25,1
DA:29,1
DA:30,1
DA:31,0
DA:33,1
DA:34,1
DA:35,1
DA:36,1
DA:37,1
DA:38,1
DA:39,1
DA:42,1
DA:43,1
DA:45,0
DA:47,1
DA:56,0
DA:57,0
DA:58,0
DA:71,2
DA:72,2
DA:73,2
DA:75,1
DA:77,2
DA:81,0
DA:85,1
DA:86,0
DA:87,0
DA:88,0
DA:89,0
DA:91,0
DA:96,1
LF:40
LH:29
BRDA:7,0,0,6
BRDA:14,1,0,0
BRDA:14,2,0,0
BRDA:18,3,0,0
BRDA:20,4,0,1
BRDA:20,4,1,0
BRDA:24,5,0,0
BRDA:28,6,0,0
BRDA:30,7,0,0
BRDA:30,7,1,1
BRDA:34,8,0,1
BRDA:37,9,0,0
BRDA:37,9,1,1
BRDA:38,10,0,0
BRDA:38,10,1,1
BRDA:39,11,0,1
BRDA:39,11,1,0
BRDA:55,12,0,0
BRDA:57,13,0,0
BRDA:57,13,1,0
BRDA:70,14,0,0
BRDA:72,15,0,0
BRDA:72,15,1,2
BRDA:85,16,0,0
BRDA:85,16,1,1
BRDA:87,17,0,0
BRDA:87,17,1,0
BRDA:90,18,0,0
BRDA:90,18,1,0
BRF:29
BRH:9
end_of_record
TN:
SF:skills/deploy/one-click-netlify/index.js
FN:4,(anonymous_0)
FN:11,(anonymous_1)
FN:15,(anonymous_2)
FN:26,(anonymous_3)
FN:31,(anonymous_4)
FN:36,(anonymous_5)
FN:39,(anonymous_6)
FN:46,(anonymous_7)
FNF:8
FNH:6
FNDA:6,(anonymous_0)
FNDA:0,(anonymous_1)
FNDA:2,(anonymous_2)
FNDA:1,(anonymous_3)
FNDA:1,(anonymous_4)
FNDA:1,(anonymous_5)
FNDA:1,(anonymous_6)
FNDA:0,(anonymous_7)
DA:5,6
DA:6,6
DA:7,6
DA:8,6
DA:12,0
DA:16,2
DA:17,2
DA:18,2
DA:19,2
DA:20,2
DA:21,2
DA:22,2
DA:23,2
DA:27,1
DA:28,1
DA:32,1
DA:33,1
DA:37,1
DA:38,1
DA:39,1
DA:43,1
DA:47,0
DA:61,1
DA:62,0
DA:63,0
DA:64,0
DA:65,0
DA:66,0
DA:67,0
DA:70,1
LF:30
LH:22
BRDA:4,0,0,6
BRDA:8,1,0,6
BRDA:8,1,1,6
BRDA:15,2,0,0
BRDA:15,3,0,1
BRDA:19,4,0,1
BRDA:19,4,1,1
BRDA:20,5,0,0
BRDA:20,5,1,2
BRDA:21,6,0,0
BRDA:21,6,1,2
BRDA:26,7,0,0
BRDA:36,8,0,0
BRDA:61,9,0,0
BRDA:61,9,1,1
BRDA:63,10,0,0
BRDA:63,10,1,0
BRF:17
BRH:9
end_of_record
TN:
SF:skills/deploy/one-click-vercel/index.js
FN:4,(anonymous_0)
FN:11,(anonymous_1)
FN:15,(anonymous_2)
FN:26,(anonymous_3)
FN:29,(anonymous_4)
FN:36,(anonymous_5)
FN:41,(anonymous_6)
FNF:7
FNH:5
FNDA:5,(anonymous_0)
FNDA:0,(anonymous_1)
FNDA:2,(anonymous_2)
FNDA:1,(anonymous_3)
FNDA:1,(anonymous_4)
FNDA:0,(anonymous_5)
FNDA:1,(anonymous_6)
DA:5,5
DA:6,5
DA:7,5
DA:8,5
DA:12,0
DA:16,2
DA:17,2
DA:18,2
DA:19,2
DA:20,2
DA:21,2
DA:22,2
DA:23,2
DA:27,1
DA:28,1
DA:29,1
DA:33,1
DA:37,0
DA:38,0
DA:42,1
DA:56,1
DA:57,0
DA:58,0
DA:59,0
DA:60,0
DA:61,0
DA:62,0
DA:65,1
LF:28
LH:19
BRDA:4,0,0,5
BRDA:8,1,0,5
BRDA:8,1,1,5
BRDA:15,2,0,0
BRDA:15,3,0,1
BRDA:19,4,0,1
BRDA:19,4,1,1
BRDA:20,5,0,0
BRDA:20,5,1,2
BRDA:21,6,0,0
BRDA:21,6,1,2
BRDA:22,7,0,0
BRDA:22,7,1,2
BRDA:26,8,0,0
BRDA:26,9,0,1
BRDA:36,10,0,0
BRDA:56,11,0,0
BRDA:56,11,1,1
BRDA:58,12,0,0
BRDA:58,12,1,0
BRF:20
BRH:11
end_of_record
TN:
SF:skills/design/anti-slop/index.js
FN:9,(anonymous_0)
FN:18,(anonymous_1)
FN:44,(anonymous_2)
FN:55,(anonymous_3)
FN:73,(anonymous_4)
FN:75,(anonymous_5)
FN:112,(anonymous_6)
FN:115,(anonymous_7)
FN:134,(anonymous_8)
FN:136,(anonymous_9)
FN:153,(anonymous_10)
FN:171,(anonymous_11)
FN:188,(anonymous_12)
FN:205,(anonymous_13)
FN:208,(anonymous_14)
FN:230,(anonymous_15)
FN:247,(anonymous_16)
FN:249,(anonymous_17)
FN:265,(anonymous_18)
FN:268,(anonymous_19)
FN:284,(anonymous_20)
FN:286,(anonymous_21)
FN:302,(anonymous_22)
FN:304,(anonymous_23)
FN:320,(anonymous_24)
FN:323,(anonymous_25)
FN:338,(anonymous_26)
FN:356,(anonymous_27)
FN:375,(anonymous_28)
FN:378,(anonymous_29)
FN:393,(anonymous_30)
FN:411,(anonymous_31)
FN:430,(anonymous_32)
FN:447,(anonymous_33)
FN:464,(anonymous_34)
FN:466,(anonymous_35)
FN:481,(anonymous_36)
FN:498,(anonymous_37)
FN:515,(anonymous_38)
FN:517,(anonymous_39)
FN:532,(anonymous_40)
FN:551,(anonymous_41)
FN:553,(anonymous_42)
FN:569,(anonymous_43)
FN:571,(anonymous_44)
FN:588,(anonymous_45)
FN:590,(anonymous_46)
FN:605,(anonymous_47)
FN:622,(anonymous_48)
FN:640,(anonymous_49)
FN:642,(anonymous_50)
FN:643,(anonymous_51)
FN:659,(anonymous_52)
FN:679,(anonymous_53)
FN:696,(anonymous_54)
FN:698,(anonymous_55)
FN:713,(anonymous_56)
FN:733,(anonymous_57)
FN:751,(anonymous_58)
FN:760,(anonymous_59)
FN:761,(anonymous_60)
FN:777,(anonymous_61)
FN:789,(anonymous_62)
FN:799,(anonymous_63)
FN:800,(anonymous_64)
FN:804,(anonymous_65)
FN:819,(anonymous_66)
FN:830,(anonymous_67)
FN:882,(anonymous_68)
FN:892,(anonymous_69)
FN:911,(anonymous_70)
FN:929,(anonymous_71)
FNF:72
FNH:54
FNDA:21,(anonymous_0)
FNDA:21,(anonymous_1)
FNDA:6,(anonymous_2)
FNDA:8,(anonymous_3)
FNDA:0,(anonymous_4)
FNDA:0,(anonymous_5)
FNDA:6,(anonymous_6)
FNDA:0,(anonymous_7)
FNDA:6,(anonymous_8)
FNDA:0,(anonymous_9)
FNDA:6,(anonymous_10)
FNDA:6,(anonymous_11)
FNDA:6,(anonymous_12)
FNDA:6,(anonymous_13)
FNDA:0,(anonymous_14)
FNDA:6,(anonymous_15)
FNDA:6,(anonymous_16)
FNDA:6,(anonymous_17)
FNDA:6,(anonymous_18)
FNDA:4,(anonymous_19)
FNDA:6,(anonymous_20)
FNDA:0,(anonymous_21)
FNDA:6,(anonymous_22)
FNDA:0,(anonymous_23)
FNDA:6,(anonymous_24)
FNDA:30,(anonymous_25)
FNDA:6,(anonymous_26)
FNDA:6,(anonymous_27)
FNDA:6,(anonymous_28)
FNDA:0,(anonymous_29)
FNDA:6,(anonymous_30)
FNDA:6,(anonymous_31)
FNDA:6,(anonymous_32)
FNDA:6,(anonymous_33)
FNDA:6,(anonymous_34)
FNDA:0,(anonymous_35)
FNDA:6,(anonymous_36)
FNDA:6,(anonymous_37)
FNDA:6,(anonymous_38)
FNDA:0,(anonymous_39)
FNDA:6,(anonymous_40)
FNDA:6,(anonymous_41)
FNDA:0,(anonymous_42)
FNDA:6,(anonymous_43)
FNDA:0,(anonymous_44)
FNDA:6,(anonymous_45)
FNDA:0,(anonymous_46)
FNDA:6,(anonymous_47)
FNDA:6,(anonymous_48)
FNDA:6,(anonymous_49)
FNDA:0,(anonymous_50)
FNDA:0,(anonymous_51)
FNDA:6,(anonymous_52)
FNDA:6,(anonymous_53)
FNDA:6,(anonymous_54)
FNDA:0,(anonymous_55)
FNDA:6,(anonymous_56)
FNDA:6,(anonymous_57)
FNDA:6,(anonymous_58)
FNDA:0,(anonymous_59)
FNDA:0,(anonymous_60)
FNDA:6,(anonymous_61)
FNDA:48,(anonymous_62)
FNDA:6,(anonymous_63)
FNDA:12,(anonymous_64)
FNDA:36,(anonymous_65)
FNDA:4,(anonymous_66)
FNDA:6,(anonymous_67)
FNDA:6,(anonymous_68)
FNDA:6,(anonymous_69)
FNDA:1,(anonymous_70)
FNDA:2,(anonymous_71)
DA:10,21
DA:11,21
DA:12,21
DA:15,21
DA:19,21
DA:45,6
DA:46,6
DA:55,8
DA:56,6
DA:74,0
DA:75,0
DA:76,0
DA:77,0
DA:78,0
DA:79,0
DA:80,0
DA:81,0
DA:82,0
DA:113,6
DA:114,6
DA:116,0
DA:117,0
DA:135,6
DA:136,6
DA:137,6
DA:138,6
DA:154,6
DA:155,6
DA:156,6
DA:172,6
DA:173,6
DA:189,6
DA:190,6
DA:206,6
DA:207,6
DA:208,0
DA:209,0
DA:210,0
DA:212,0
DA:213,0
DA:231,6
DA:232,6
DA:248,6
DA:249,6
DA:250,6
DA:266,6
DA:267,6
DA:268,4
DA:269,1
DA:285,6
DA:286,6
DA:287,6
DA:303,6
DA:304,6
DA:305,6
DA:321,6
DA:322,6
DA:323,30
DA:339,6
DA:340,6
DA:341,6
DA:357,6
DA:358,6
DA:376,6
DA:377,6
DA:378,6
DA:394,6
DA:395,6
DA:396,6
DA:412,6
DA:413,6
DA:414,0
DA:415,0
DA:431,6
DA:432,6
DA:448,6
DA:449,6
DA:465,6
DA:466,6
DA:482,6
DA:483,6
DA:499,6
DA:500,6
DA:516,6
DA:517,6
DA:533,6
DA:534,6
DA:552,6
DA:553,6
DA:554,6
DA:570,6
DA:571,6
DA:572,6
DA:573,6
DA:589,6
DA:590,6
DA:606,6
DA:607,6
DA:623,6
DA:624,6
DA:625,6
DA:641,6
DA:642,6
DA:643,6
DA:644,6
DA:660,6
DA:661,6
DA:662,6
DA:680,6
DA:681,6
DA:697,6
DA:698,6
DA:714,6
DA:715,6
DA:716,6
DA:734,6
DA:735,6
DA:736,6
DA:752,6
DA:753,6
DA:760,6
DA:761,0
DA:778,6
DA:779,6
DA:789,48
DA:800,6
DA:801,12
DA:805,36
DA:806,36
DA:808,12
DA:811,6
DA:812,6
DA:813,6
DA:814,6
DA:815,6
DA:820,4
DA:821,0
DA:822,0
DA:831,6
DA:832,6
DA:834,6
DA:835,246
DA:836,246
DA:838,246
DA:840,18
DA:841,18
DA:842,228
DA:843,228
DA:846,246
DA:847,14
DA:856,14
DA:857,11
DA:859,3
DA:863,0
DA:867,6
DA:869,6
DA:883,6
DA:884,6
DA:885,6
DA:886,6
DA:893,6
DA:894,0
DA:897,6
DA:898,6
DA:899,5
DA:901,6
DA:902,3
DA:905,6
DA:912,1
DA:913,1
DA:914,41
DA:915,6
DA:917,41
DA:923,1
DA:930,2
DA:931,43
DA:932,1
DA:942,1
DA:946,2
LF:179
LH:156
BRDA:45,0,0,6
BRDA:45,0,1,4
BRDA:74,1,0,0
BRDA:74,1,1,0
BRDA:82,2,0,0
BRDA:82,2,1,0
BRDA:113,3,0,6
BRDA:113,3,1,6
BRDA:116,4,0,0
BRDA:116,4,1,0
BRDA:117,5,0,0
BRDA:117,5,1,0
BRDA:117,6,0,0
BRDA:117,6,1,0
BRDA:117,7,0,0
BRDA:117,7,1,0
BRDA:135,8,0,6
BRDA:135,8,1,6
BRDA:136,9,0,0
BRDA:136,9,1,0
BRDA:138,10,0,6
BRDA:138,10,1,0
BRDA:154,11,0,6
BRDA:154,11,1,5
BRDA:155,12,0,6
BRDA:155,12,1,5
BRDA:172,13,0,6
BRDA:172,13,1,5
BRDA:173,14,0,6
BRDA:173,14,1,6
BRDA:189,15,0,6
BRDA:189,15,1,4
BRDA:206,16,0,6
BRDA:206,16,1,6
BRDA:206,16,2,6
BRDA:207,17,0,6
BRDA:207,17,1,0
BRDA:213,18,0,0
BRDA:213,18,1,0
BRDA:231,19,0,6
BRDA:231,19,1,6
BRDA:231,19,2,6
BRDA:248,20,0,6
BRDA:248,20,1,6
BRDA:266,21,0,6
BRDA:266,21,1,5
BRDA:267,22,0,5
BRDA:267,22,1,1
BRDA:285,23,0,6
BRDA:285,23,1,6
BRDA:285,23,2,6
BRDA:286,24,0,0
BRDA:286,24,1,0
BRDA:287,25,0,6
BRDA:287,25,1,6
BRDA:303,26,0,6
BRDA:303,26,1,6
BRDA:304,27,0,0
BRDA:304,27,1,0
BRDA:321,28,0,6
BRDA:321,28,1,6
BRDA:339,29,0,6
BRDA:339,29,1,6
BRDA:357,30,0,6
BRDA:357,30,1,6
BRDA:376,31,0,6
BRDA:376,31,1,5
BRDA:377,32,0,6
BRDA:377,32,1,6
BRDA:378,33,0,6
BRDA:378,33,1,6
BRDA:394,34,0,6
BRDA:394,34,1,6
BRDA:395,35,0,6
BRDA:395,35,1,6
BRDA:412,36,0,6
BRDA:412,36,1,6
BRDA:413,37,0,6
BRDA:413,37,1,0
BRDA:431,38,0,6
BRDA:431,38,1,6
BRDA:432,39,0,6
BRDA:432,39,1,6
BRDA:448,40,0,6
BRDA:448,40,1,6
BRDA:465,41,0,6
BRDA:465,41,1,6
BRDA:466,42,0,0
BRDA:466,42,1,0
BRDA:482,43,0,6
BRDA:482,43,1,6
BRDA:483,44,0,6
BRDA:483,44,1,0
BRDA:499,45,0,6
BRDA:499,45,1,6
BRDA:516,46,0,6
BRDA:516,46,1,6
BRDA:517,47,0,0
BRDA:517,47,1,0
BRDA:517,47,2,0
BRDA:533,48,0,6
BRDA:533,48,1,6
BRDA:534,49,0,6
BRDA:534,49,1,0
BRDA:534,49,2,0
BRDA:552,50,0,6
BRDA:552,50,1,6
BRDA:570,51,0,6
BRDA:570,51,1,6
BRDA:573,52,0,6
BRDA:573,52,1,6
BRDA:589,53,0,6
BRDA:589,53,1,6
BRDA:590,54,0,0
BRDA:590,54,1,0
BRDA:606,55,0,6
BRDA:606,55,1,6
BRDA:623,56,0,6
BRDA:623,56,1,6
BRDA:624,57,0,6
BRDA:624,57,1,6
BRDA:625,58,0,6
BRDA:625,58,1,0
BRDA:641,59,0,6
BRDA:641,59,1,6
BRDA:644,60,0,6
BRDA:644,60,1,0
BRDA:660,61,0,6
BRDA:660,61,1,6
BRDA:661,62,0,6
BRDA:661,62,1,6
BRDA:662,63,0,6
BRDA:662,63,1,0
BRDA:680,64,0,6
BRDA:680,64,1,6
BRDA:697,65,0,6
BRDA:697,65,1,6
BRDA:698,66,0,0
BRDA:698,66,1,0
BRDA:714,67,0,6
BRDA:714,67,1,6
BRDA:715,68,0,6
BRDA:715,68,1,6
BRDA:734,69,0,6
BRDA:734,69,1,6
BRDA:752,70,0,6
BRDA:752,70,1,6
BRDA:761,71,0,0
BRDA:761,71,1,0
BRDA:761,71,2,0
BRDA:778,72,0,6
BRDA:778,72,1,6
BRDA:806,73,0,0
BRDA:806,73,1,36
BRDA:820,74,0,4
BRDA:820,74,1,0
BRDA:822,75,0,0
BRDA:822,75,1,0
BRDA:838,76,0,18
BRDA:838,76,1,228
BRDA:842,77,0,228
BRDA:842,77,1,0
BRDA:846,78,0,14
BRDA:846,78,1,232
BRDA:856,79,0,11
BRDA:856,79,1,3
BRDA:893,80,0,0
BRDA:893,80,1,6
BRDA:893,81,0,6
BRDA:893,81,1,1
BRDA:898,82,0,5
BRDA:898,82,1,1
BRDA:901,83,0,3
BRDA:901,83,1,3
BRDA:914,84,0,6
BRDA:914,84,1,35
BRDA:931,85,0,1
BRDA:931,85,1,42
BRF:178
BRH:131
end_of_record
TN:
SF:skills/design/color-gen/index.js
FN:9,(anonymous_0)
FN:26,(anonymous_1)
FN:40,(anonymous_2)
FN:44,(anonymous_3)
FN:55,(anonymous_4)
FN:89,(anonymous_5)
FN:98,(anonymous_6)
FN:119,(anonymous_7)
FN:123,(anonymous_8)
FN:134,(anonymous_9)
FN:145,(anonymous_10)
FN:165,(anonymous_11)
FN:187,(anonymous_12)
FN:213,(anonymous_13)
FN:223,(anonymous_14)
FN:229,(anonymous_15)
FN:235,(anonymous_16)
FN:241,(anonymous_17)
FN:247,(anonymous_18)
FN:253,(anonymous_19)
FN:259,(anonymous_20)
FN:282,(anonymous_21)
FN:296,(anonymous_22)
FN:307,(anonymous_23)
FN:338,(anonymous_24)
FN:377,(anonymous_25)
FN:402,(anonymous_26)
FN:444,(anonymous_27)
FN:447,(anonymous_28)
FN:465,(anonymous_29)
FN:480,(anonymous_30)
FN:483,(anonymous_31)
FN:501,(anonymous_32)
FN:506,(anonymous_33)
FN:537,(anonymous_34)
FN:561,(anonymous_35)
FN:571,(anonymous_36)
FNF:37
FNH:32
FNDA:18,(anonymous_0)
FNDA:246,(anonymous_1)
FNDA:239,(anonymous_2)
FNDA:717,(anonymous_3)
FNDA:119,(anonymous_4)
FNDA:238,(anonymous_5)
FNDA:714,(anonymous_6)
FNDA:125,(anonymous_7)
FNDA:375,(anonymous_8)
FNDA:56,(anonymous_9)
FNDA:5,(anonymous_10)
FNDA:3,(anonymous_11)
FNDA:25,(anonymous_12)
FNDA:3,(anonymous_13)
FNDA:2,(anonymous_14)
FNDA:6,(anonymous_15)
FNDA:2,(anonymous_16)
FNDA:6,(anonymous_17)
FNDA:0,(anonymous_18)
FNDA:0,(anonymous_19)
FNDA:2,(anonymous_20)
FNDA:3,(anonymous_21)
FNDA:36,(anonymous_22)
FNDA:2,(anonymous_23)
FNDA:3,(anonymous_24)
FNDA:1,(anonymous_25)
FNDA:0,(anonymous_26)
FNDA:2,(anonymous_27)
FNDA:2,(anonymous_28)
FNDA:1,(anonymous_29)
FNDA:1,(anonymous_30)
FNDA:1,(anonymous_31)
FNDA:1,(anonymous_32)
FNDA:10,(anonymous_33)
FNDA:1,(anonymous_34)
FNDA:0,(anonymous_35)
FNDA:0,(anonymous_36)
DA:10,18
DA:11,18
DA:12,18
DA:13,18
DA:27,246
DA:28,246
DA:41,239
DA:45,717
DA:46,717
DA:56,119
DA:57,119
DA:58,119
DA:59,119
DA:60,119
DA:63,119
DA:65,119
DA:66,0
DA:68,119
DA:69,119
DA:70,119
DA:72,9
DA:73,9
DA:75,4
DA:76,4
DA:78,106
DA:79,106
DA:83,119
DA:90,238
DA:91,238
DA:92,238
DA:95,238
DA:96,0
DA:98,238
DA:99,714
DA:100,714
DA:101,714
DA:102,668
DA:103,430
DA:104,238
DA:106,238
DA:107,238
DA:108,238
DA:109,238
DA:110,238
DA:113,238
DA:120,125
DA:121,125
DA:123,125
DA:124,375
DA:125,375
DA:128,125
DA:135,56
DA:136,56
DA:137,56
DA:138,56
DA:139,56
DA:146,5
DA:147,5
DA:149,5
DA:154,5
DA:166,3
DA:167,3
DA:169,3
DA:170,2
DA:171,2
DA:174,2
DA:175,2
DA:177,2
DA:194,25
DA:196,25
DA:197,25
DA:198,25
DA:200,25
DA:201,138
DA:202,138
DA:203,138
DA:204,138
DA:207,25
DA:214,3
DA:215,3
DA:216,3
DA:217,3
DA:224,2
DA:225,2
DA:229,6
DA:236,2
DA:237,2
DA:241,6
DA:248,0
DA:249,0
DA:253,0
DA:260,2
DA:261,2
DA:262,2
DA:263,2
DA:265,2
DA:283,3
DA:284,3
DA:285,3
DA:287,3
DA:291,3
DA:292,3
DA:296,3
DA:297,36
DA:298,36
DA:301,3
DA:308,2
DA:309,2
DA:311,2
DA:318,2
DA:320,2
DA:321,8
DA:322,8
DA:323,8
DA:330,2
DA:339,3
DA:340,3
DA:341,3
DA:344,3
DA:345,3
DA:346,3
DA:349,3
DA:351,3
DA:352,41
DA:353,41
DA:358,41
DA:360,41
DA:361,1
DA:362,1
DA:366,3
DA:378,1
DA:379,1
DA:381,1
DA:403,0
DA:445,2
DA:447,2
DA:448,2
DA:449,20
DA:450,0
DA:451,20
DA:452,20
DA:453,20
DA:458,2
DA:459,2
DA:466,1
DA:467,1
DA:469,1
DA:470,10
DA:473,1
DA:474,1
DA:481,1
DA:483,1
DA:484,1
DA:485,10
DA:486,0
DA:487,10
DA:488,10
DA:489,10
DA:494,1
DA:495,1
DA:502,1
DA:503,1
DA:506,1
DA:507,10
DA:508,51
DA:509,9
DA:510,0
DA:512,9
DA:517,1
DA:520,1
DA:521,0
DA:522,0
DA:531,1
DA:538,1
DA:539,1
DA:540,1
DA:544,1
DA:562,0
DA:564,0
DA:571,0
DA:576,1
LF:181
LH:167
BRDA:28,0,0,245
BRDA:28,0,1,1
BRDA:46,1,0,133
BRDA:46,1,1,584
BRDA:65,2,0,0
BRDA:65,2,1,119
BRDA:69,3,0,110
BRDA:69,3,1,9
BRDA:70,4,0,9
BRDA:70,4,1,4
BRDA:70,4,2,106
BRDA:72,5,0,0
BRDA:72,5,1,9
BRDA:95,6,0,0
BRDA:95,6,1,238
BRDA:99,7,0,32
BRDA:99,7,1,682
BRDA:100,8,0,4
BRDA:100,8,1,710
BRDA:101,9,0,46
BRDA:101,9,1,668
BRDA:102,10,0,238
BRDA:102,10,1,430
BRDA:103,11,0,192
BRDA:103,11,1,238
BRDA:106,12,0,135
BRDA:106,12,1,103
BRDA:121,13,0,0
BRDA:121,13,1,125
BRDA:125,14,0,57
BRDA:125,14,1,318
BRDA:145,15,0,5
BRDA:165,16,0,1
BRDA:169,17,0,2
BRDA:169,17,1,1
BRDA:171,18,0,1
BRDA:171,18,1,1
BRDA:177,19,0,1
BRDA:177,19,1,1
BRDA:187,20,0,8
BRDA:189,21,0,9
BRDA:190,22,0,8
BRDA:191,23,0,8
BRDA:192,24,0,25
BRDA:193,25,0,25
BRDA:223,26,0,2
BRDA:247,27,0,0
BRDA:274,28,0,0
BRDA:274,28,1,2
BRDA:282,29,0,0
BRDA:287,30,0,3
BRDA:287,30,1,0
BRDA:292,31,0,3
BRDA:292,31,1,0
BRDA:338,32,0,0
BRDA:346,33,0,1
BRDA:346,33,1,2
BRDA:360,34,0,1
BRDA:360,34,1,40
BRDA:444,35,0,1
BRDA:447,36,0,2
BRDA:449,37,0,0
BRDA:449,37,1,20
BRDA:449,38,0,20
BRDA:449,38,1,0
BRDA:449,38,2,0
BRDA:451,39,0,20
BRDA:451,39,1,0
BRDA:451,40,0,20
BRDA:451,40,1,20
BRDA:465,41,0,1
BRDA:480,42,0,1
BRDA:483,43,0,1
BRDA:485,44,0,0
BRDA:485,44,1,10
BRDA:485,45,0,10
BRDA:485,45,1,0
BRDA:485,45,2,0
BRDA:487,46,0,10
BRDA:487,46,1,0
BRDA:487,47,0,10
BRDA:487,47,1,10
BRDA:501,48,0,1
BRDA:508,49,0,9
BRDA:508,49,1,42
BRDA:508,50,0,51
BRDA:508,50,1,9
BRDA:509,51,0,0
BRDA:509,51,1,9
BRDA:509,52,0,9
BRDA:509,52,1,0
BRDA:541,53,0,0
BRDA:541,53,1,1
BRDA:561,54,0,0
BRF:94
BRH:72
end_of_record
TN:
SF:skills/design/design-system/index.js
FN:9,(anonymous_0)
FN:18,(anonymous_1)
FN:33,(anonymous_2)
FN:62,(anonymous_3)
FN:67,(anonymous_4)
FN:74,(anonymous_5)
FN:79,(anonymous_6)
FN:89,(anonymous_7)
FN:129,(anonymous_8)
FN:140,(anonymous_9)
FN:144,(anonymous_10)
FN:146,(anonymous_11)
FN:150,(anonymous_12)
FN:164,(anonymous_13)
FN:169,(anonymous_14)
FN:176,(anonymous_15)
FN:224,(anonymous_16)
FN:240,(anonymous_17)
FN:245,(anonymous_18)
FN:250,(anonymous_19)
FN:260,(anonymous_20)
FN:285,(anonymous_21)
FN:292,(anonymous_22)
FN:296,(anonymous_23)
FN:306,(anonymous_24)
FN:330,(anonymous_25)
FN:337,(anonymous_26)
FN:341,(anonymous_27)
FN:351,(anonymous_28)
FN:371,(anonymous_29)
FN:378,(anonymous_30)
FN:385,(anonymous_31)
FN:414,(anonymous_32)
FN:427,(anonymous_33)
FN:501,(anonymous_34)
FN:563,(anonymous_35)
FN:612,(anonymous_36)
FN:625,(anonymous_37)
FN:629,(anonymous_38)
FN:640,(anonymous_39)
FN:647,(anonymous_40)
FN:659,(anonymous_41)
FN:696,(anonymous_42)
FN:698,(anonymous_43)
FN:699,(anonymous_44)
FN:700,(anonymous_45)
FN:716,(anonymous_46)
FN:722,(anonymous_47)
FN:723,(anonymous_48)
FN:724,(anonymous_49)
FN:725,(anonymous_50)
FN:726,(anonymous_51)
FN:727,(anonymous_52)
FN:728,(anonymous_53)
FN:729,(anonymous_54)
FN:730,(anonymous_55)
FNF:56
FNH:42
FNDA:28,(anonymous_0)
FNDA:28,(anonymous_1)
FNDA:28,(anonymous_2)
FNDA:6,(anonymous_3)
FNDA:28,(anonymous_4)
FNDA:4,(anonymous_5)
FNDA:56,(anonymous_6)
FNDA:27,(anonymous_7)
FNDA:6,(anonymous_8)
FNDA:4,(anonymous_9)
FNDA:12,(anonymous_10)
FNDA:104,(anonymous_11)
FNDA:0,(anonymous_12)
FNDA:0,(anonymous_13)
FNDA:0,(anonymous_14)
FNDA:28,(anonymous_15)
FNDA:3,(anonymous_16)
FNDA:4,(anonymous_17)
FNDA:12,(anonymous_18)
FNDA:44,(anonymous_19)
FNDA:28,(anonymous_20)
FNDA:4,(anonymous_21)
FNDA:4,(anonymous_22)
FNDA:32,(anonymous_23)
FNDA:28,(anonymous_24)
FNDA:3,(anonymous_25)
FNDA:4,(anonymous_26)
FNDA:32,(anonymous_27)
FNDA:28,(anonymous_28)
FNDA:3,(anonymous_29)
FNDA:0,(anonymous_30)
FNDA:28,(anonymous_31)
FNDA:2,(anonymous_32)
FNDA:4,(anonymous_33)
FNDA:0,(anonymous_34)
FNDA:2,(anonymous_35)
FNDA:4,(anonymous_36)
FNDA:1,(anonymous_37)
FNDA:81,(anonymous_38)
FNDA:1,(anonymous_39)
FNDA:1,(anonymous_40)
FNDA:81,(anonymous_41)
FNDA:2,(anonymous_42)
FNDA:1,(anonymous_43)
FNDA:0,(anonymous_44)
FNDA:0,(anonymous_45)
FNDA:1,(anonymous_46)
FNDA:1,(anonymous_47)
FNDA:1,(anonymous_48)
FNDA:0,(anonymous_49)
FNDA:0,(anonymous_50)
FNDA:0,(anonymous_51)
FNDA:0,(anonymous_52)
FNDA:0,(anonymous_53)
FNDA:0,(anonymous_54)
FNDA:0,(anonymous_55)
DA:10,28
DA:11,28
DA:13,28
DA:14,28
DA:15,28
DA:19,28
DA:34,28
DA:63,6
DA:64,6
DA:65,1
DA:67,28
DA:68,5
DA:75,4
DA:76,4
DA:77,4
DA:79,4
DA:80,56
DA:81,56
DA:84,4
DA:90,27
DA:130,6
DA:131,6
DA:132,5
DA:134,1
DA:141,4
DA:142,4
DA:144,4
DA:145,12
DA:146,12
DA:147,104
DA:149,0
DA:150,0
DA:151,0
DA:154,0
DA:158,4
DA:165,0
DA:166,0
DA:167,0
DA:168,0
DA:169,0
DA:170,0
DA:171,0
DA:177,28
DA:225,3
DA:226,3
DA:227,3
DA:229,3
DA:231,2
DA:241,4
DA:242,4
DA:245,4
DA:246,12
DA:250,4
DA:251,44
DA:252,44
DA:255,4
DA:261,28
DA:286,4
DA:293,4
DA:294,4
DA:296,4
DA:297,32
DA:298,32
DA:301,4
DA:307,28
DA:331,3
DA:338,4
DA:339,4
DA:341,4
DA:342,32
DA:343,32
DA:346,4
DA:352,28
DA:372,3
DA:379,0
DA:380,0
DA:386,28
DA:415,2
DA:416,2
DA:417,2
DA:419,0
DA:428,4
DA:429,4
DA:431,4
DA:465,4
DA:471,4
DA:502,0
DA:503,0
DA:505,0
DA:527,0
DA:533,0
DA:564,2
DA:565,2
DA:567,2
DA:590,2
DA:598,2
DA:613,4
DA:626,1
DA:627,1
DA:629,1
DA:630,81
DA:633,1
DA:634,1
DA:641,1
DA:648,1
DA:650,1
DA:659,1
DA:660,81
DA:661,26
DA:662,26
DA:663,26
DA:664,0
DA:665,0
DA:666,0
DA:667,0
DA:669,26
DA:671,55
DA:672,14
DA:673,14
DA:674,41
DA:675,8
DA:676,8
DA:677,33
DA:678,3
DA:679,3
DA:680,30
DA:681,22
DA:682,22
DA:683,22
DA:684,8
DA:685,8
DA:686,8
DA:690,1
DA:697,2
DA:698,1
DA:699,0
DA:700,0
DA:703,2
DA:704,1
DA:710,1
DA:717,1
DA:718,1
DA:722,1
DA:723,1
DA:724,0
DA:725,0
DA:726,0
DA:727,0
DA:728,0
DA:729,0
DA:730,0
DA:735,1
LF:152
LH:120
BRDA:9,0,0,27
BRDA:20,1,0,28
BRDA:20,1,1,28
BRDA:21,2,0,28
BRDA:21,2,1,27
BRDA:22,3,0,28
BRDA:22,3,1,28
BRDA:23,4,0,28
BRDA:23,4,1,28
BRDA:24,5,0,28
BRDA:24,5,1,28
BRDA:25,6,0,28
BRDA:25,6,1,28
BRDA:26,7,0,28
BRDA:26,7,1,28
BRDA:64,8,0,1
BRDA:64,8,1,5
BRDA:68,9,0,4
BRDA:68,9,1,1
BRDA:80,10,0,56
BRDA:80,10,1,8
BRDA:129,11,0,1
BRDA:131,12,0,5
BRDA:131,12,1,1
BRDA:132,13,0,5
BRDA:132,13,1,0
BRDA:132,13,2,0
BRDA:145,14,0,12
BRDA:145,14,1,0
BRDA:145,15,0,12
BRDA:145,15,1,12
BRDA:149,16,0,0
BRDA:149,16,1,0
BRDA:169,17,0,0
BRDA:169,17,1,0
BRDA:171,18,0,0
BRDA:171,18,1,0
BRDA:226,19,0,3
BRDA:226,19,1,1
BRDA:229,20,0,1
BRDA:229,20,1,2
BRDA:285,21,0,1
BRDA:286,22,0,4
BRDA:286,22,1,0
BRDA:297,23,0,4
BRDA:297,23,1,28
BRDA:330,24,0,0
BRDA:331,25,0,3
BRDA:331,25,1,0
BRDA:342,26,0,4
BRDA:342,26,1,28
BRDA:372,27,0,3
BRDA:372,27,1,0
BRDA:416,28,0,2
BRDA:416,28,1,0
BRDA:419,29,0,0
BRDA:419,29,1,0
BRDA:427,30,0,1
BRDA:427,31,0,3
BRDA:480,32,0,0
BRDA:480,32,1,4
BRDA:501,33,0,0
BRDA:501,34,0,0
BRDA:539,35,0,0
BRDA:539,35,1,0
BRDA:540,36,0,0
BRDA:540,36,1,0
BRDA:541,37,0,0
BRDA:541,37,1,0
BRDA:563,38,0,1
BRDA:563,39,0,1
BRDA:660,40,0,26
BRDA:660,40,1,55
BRDA:663,41,0,0
BRDA:663,41,1,26
BRDA:663,42,0,26
BRDA:663,42,1,4
BRDA:666,43,0,0
BRDA:666,43,1,0
BRDA:671,44,0,14
BRDA:671,44,1,41
BRDA:674,45,0,8
BRDA:674,45,1,33
BRDA:676,46,0,8
BRDA:676,46,1,1
BRDA:677,47,0,3
BRDA:677,47,1,30
BRDA:680,48,0,22
BRDA:680,48,1,8
BRDA:682,49,0,22
BRDA:682,49,1,0
BRDA:684,50,0,8
BRDA:684,50,1,0
BRDA:685,51,0,8
BRDA:685,51,1,1
BRDA:703,52,0,1
BRDA:703,52,1,1
BRF:97
BRH:67
end_of_record
TN:
SF:skills/design/impeccable-audit/index.js
FN:44,(anonymous_0)
FN:45,(anonymous_1)
FN:64,(anonymous_2)
FN:99,(anonymous_3)
FN:107,(anonymous_4)
FN:111,(anonymous_5)
FN:112,(anonymous_6)
FN:116,(anonymous_7)
FN:122,(anonymous_8)
FN:124,(anonymous_9)
FN:145,(anonymous_10)
FN:159,(anonymous_11)
FN:178,(anonymous_12)
FN:205,(anonymous_13)
FN:243,(anonymous_14)
FN:272,(anonymous_15)
FN:276,(anonymous_16)
FN:280,(anonymous_17)
FN:288,(anonymous_18)
FNF:19
FNH:18
FNDA:4,(anonymous_0)
FNDA:1,(anonymous_1)
FNDA:4,(anonymous_2)
FNDA:15,(anonymous_3)
FNDA:1,(anonymous_4)
FNDA:2,(anonymous_5)
FNDA:31,(anonymous_6)
FNDA:23,(anonymous_7)
FNDA:3,(anonymous_8)
FNDA:9,(anonymous_9)
FNDA:1,(anonymous_10)
FNDA:4,(anonymous_11)
FNDA:4,(anonymous_12)
FNDA:2,(anonymous_13)
FNDA:2,(anonymous_14)
FNDA:10,(anonymous_15)
FNDA:4,(anonymous_16)
FNDA:1,(anonymous_17)
FNDA:0,(anonymous_18)
DA:1,1
DA:3,1
DA:39,1
DA:45,4
DA:65,4
DA:100,15
DA:101,15
DA:102,15
DA:104,15
DA:108,1
DA:112,31
DA:113,2
DA:114,1
DA:116,23
DA:119,1
DA:123,3
DA:124,9
DA:125,3
DA:126,1
DA:128,2
DA:129,1
DA:132,1
DA:142,1
DA:146,1
DA:147,1
DA:148,1
DA:149,1
DA:150,1
DA:151,0
DA:153,1
DA:154,1
DA:155,1
DA:156,1
DA:160,4
DA:161,4
DA:163,4
DA:164,4
DA:165,4
DA:167,4
DA:179,4
DA:180,4
DA:181,4
DA:183,4
DA:184,20
DA:185,20
DA:186,8
DA:188,20
DA:189,2
DA:197,2
DA:198,2
DA:202,4
DA:206,2
DA:208,2
DA:209,1
DA:214,2
DA:215,1
DA:220,2
DA:221,1
DA:226,2
DA:227,0
DA:233,2
DA:244,2
DA:272,10
DA:273,2
DA:276,4
DA:281,1
DA:282,1
DA:283,1
DA:284,23
DA:285,1
DA:289,0
DA:298,1
LF:72
LH:69
BRDA:45,0,0,4
BRDA:45,0,1,1
BRDA:45,1,0,1
BRDA:45,1,1,1
BRDA:66,2,0,4
BRDA:66,2,1,0
BRDA:66,2,2,0
BRDA:66,2,3,0
BRDA:113,3,0,1
BRDA:113,3,1,1
BRDA:122,4,0,0
BRDA:125,5,0,1
BRDA:125,5,1,2
BRDA:128,6,0,1
BRDA:128,6,1,1
BRDA:136,7,0,1
BRDA:136,7,1,1
BRDA:137,8,0,1
BRDA:137,8,1,1
BRDA:138,9,0,1
BRDA:138,9,1,1
BRDA:139,10,0,1
BRDA:139,10,1,1
BRDA:150,11,0,0
BRDA:150,11,1,1
BRDA:153,12,0,0
BRDA:153,12,1,1
BRDA:154,13,0,0
BRDA:154,13,1,1
BRDA:155,14,0,0
BRDA:155,14,1,1
BRDA:185,15,0,12
BRDA:185,15,1,8
BRDA:186,16,0,8
BRDA:186,16,1,0
BRDA:188,17,0,2
BRDA:188,17,1,18
BRDA:197,18,0,0
BRDA:197,18,1,2
BRDA:205,19,0,0
BRDA:208,20,0,1
BRDA:208,20,1,1
BRDA:208,21,0,2
BRDA:208,21,1,1
BRDA:214,22,0,1
BRDA:214,22,1,1
BRDA:214,23,0,2
BRDA:214,23,1,1
BRDA:220,24,0,1
BRDA:220,24,1,1
BRDA:226,25,0,0
BRDA:226,25,1,2
BRDA:226,26,0,2
BRDA:226,26,1,0
BRDA:237,27,0,1
BRDA:237,27,1,1
BRDA:243,28,0,0
BRF:57
BRH:43
end_of_record
TN:
SF:skills/design/taste-skill/index.js
FN:111,(anonymous_0)
FN:120,(anonymous_1)
FN:124,(anonymous_2)
FN:127,(anonymous_3)
FN:135,(anonymous_4)
FN:136,(anonymous_5)
FN:137,(anonymous_6)
FN:137,(anonymous_7)
FN:153,(anonymous_8)
FN:165,(anonymous_9)
FN:173,(anonymous_10)
FN:174,(anonymous_11)
FN:178,(anonymous_12)
FN:188,(anonymous_13)
FN:206,(anonymous_14)
FN:214,(anonymous_15)
FN:215,(anonymous_16)
FN:222,(anonymous_17)
FN:231,(anonymous_18)
FN:287,(anonymous_19)
FN:291,(anonymous_20)
FN:295,(anonymous_21)
FNF:22
FNH:21
FNDA:18,(anonymous_0)
FNDA:0,(anonymous_1)
FNDA:4,(anonymous_2)
FNDA:7,(anonymous_3)
FNDA:3,(anonymous_4)
FNDA:3,(anonymous_5)
FNDA:7,(anonymous_6)
FNDA:17,(anonymous_7)
FNDA:1,(anonymous_8)
FNDA:4,(anonymous_9)
FNDA:4,(anonymous_10)
FNDA:8,(anonymous_11)
FNDA:32,(anonymous_12)
FNDA:4,(anonymous_13)
FNDA:4,(anonymous_14)
FNDA:3,(anonymous_15)
FNDA:4,(anonymous_16)
FNDA:4,(anonymous_17)
FNDA:2,(anonymous_18)
FNDA:1,(anonymous_19)
FNDA:1,(anonymous_20)
FNDA:1,(anonymous_21)
DA:11,1
DA:66,1
DA:69,1
DA:103,1
DA:112,18
DA:113,18
DA:114,18
DA:116,18
DA:117,18
DA:121,0
DA:125,4
DA:126,4
DA:127,7
DA:128,4
DA:136,3
DA:137,17
DA:139,3
DA:147,3
DA:154,1
DA:155,1
DA:156,1
DA:157,1
DA:158,1
DA:159,1
DA:166,4
DA:167,4
DA:174,8
DA:175,4
DA:177,4
DA:178,32
DA:179,16
DA:182,4
DA:189,4
DA:190,4
DA:191,4
DA:192,4
DA:193,1
DA:195,4
DA:196,1
DA:198,4
DA:200,4
DA:207,4
DA:208,4
DA:215,4
DA:216,3
DA:223,4
DA:232,2
DA:234,2
DA:235,2
DA:236,1
DA:243,2
DA:244,2
DA:245,1
DA:252,2
DA:253,2
DA:254,0
DA:257,2
DA:258,2
DA:259,0
DA:266,2
DA:267,2
DA:268,0
DA:275,2
DA:276,2
DA:277,0
DA:284,2
DA:288,1
DA:292,1
DA:296,1
DA:306,1
LF:70
LH:65
BRDA:121,0,0,0
BRDA:121,0,1,0
BRDA:126,1,0,0
BRDA:126,1,1,4
BRDA:127,2,0,7
BRDA:127,2,1,7
BRDA:128,3,0,4
BRDA:128,3,1,0
BRDA:135,4,0,0
BRDA:136,5,0,3
BRDA:136,5,1,0
BRDA:139,6,0,2
BRDA:139,6,1,1
BRDA:147,7,0,2
BRDA:147,7,1,1
BRDA:153,8,0,0
BRDA:155,9,0,1
BRDA:155,9,1,0
BRDA:156,10,0,1
BRDA:156,10,1,0
BRDA:157,11,0,1
BRDA:157,11,1,0
BRDA:157,12,0,1
BRDA:157,12,1,0
BRDA:159,13,0,1
BRDA:159,13,1,0
BRDA:165,14,0,0
BRDA:173,15,0,0
BRDA:179,16,0,2
BRDA:179,16,1,14
BRDA:188,17,0,1
BRDA:190,18,0,1
BRDA:190,18,1,3
BRDA:190,19,0,4
BRDA:190,19,1,1
BRDA:191,20,0,1
BRDA:191,20,1,3
BRDA:191,21,0,4
BRDA:191,21,1,1
BRDA:192,22,0,1
BRDA:192,22,1,3
BRDA:192,23,0,4
BRDA:192,23,1,3
BRDA:195,24,0,1
BRDA:195,24,1,3
BRDA:195,25,0,4
BRDA:195,25,1,1
BRDA:198,26,0,1
BRDA:198,26,1,3
BRDA:206,27,0,1
BRDA:206,28,0,1
BRDA:214,29,0,1
BRDA:222,30,0,1
BRDA:231,31,0,0
BRDA:235,32,0,1
BRDA:235,32,1,1
BRDA:244,33,0,1
BRDA:244,33,1,1
BRDA:253,34,0,0
BRDA:253,34,1,2
BRDA:258,35,0,0
BRDA:258,35,1,2
BRDA:262,36,0,0
BRDA:262,36,1,0
BRDA:267,37,0,0
BRDA:267,37,1,2
BRDA:276,38,0,0
BRDA:276,38,1,2
BRF:68
BRH:47
end_of_record
TN:
SF:skills/design/template-gallery/index.js
FN:7,(anonymous_0)
FN:13,(anonymous_1)
FN:14,(anonymous_2)
FN:23,(anonymous_3)
FN:24,(anonymous_4)
FN:27,(anonymous_5)
FN:29,(anonymous_6)
FN:34,(anonymous_7)
FN:40,(anonymous_8)
FN:53,(anonymous_9)
FN:60,(anonymous_10)
FN:114,(anonymous_11)
FNF:12
FNH:10
FNDA:5,(anonymous_0)
FNDA:1,(anonymous_1)
FNDA:7,(anonymous_2)
FNDA:2,(anonymous_3)
FNDA:2,(anonymous_4)
FNDA:1,(anonymous_5)
FNDA:7,(anonymous_6)
FNDA:0,(anonymous_7)
FNDA:1,(anonymous_8)
FNDA:3,(anonymous_9)
FNDA:4,(anonymous_10)
FNDA:0,(anonymous_11)
DA:3,1
DA:4,1
DA:8,5
DA:9,5
DA:10,5
DA:14,7
DA:24,2
DA:28,1
DA:29,7
DA:31,1
DA:32,0
DA:34,0
DA:37,1
DA:41,1
DA:42,1
DA:44,1
DA:45,1
DA:47,1
DA:53,1
DA:54,3
DA:57,1
DA:61,4
DA:115,0
DA:119,1
LF:24
LH:21
BRDA:24,0,0,2
BRDA:24,0,1,0
BRDA:29,1,0,7
BRDA:29,1,1,6
BRDA:31,2,0,0
BRDA:31,2,1,1
BRDA:42,3,0,0
BRDA:42,3,1,1
BRDA:44,4,0,1
BRDA:44,4,1,0
BRDA:45,5,0,1
BRDA:45,5,1,0
BRF:12
BRH:7
end_of_record
TN:
SF:skills/design/theme-factory/index.js
FN:9,(anonymous_0)
FN:18,(anonymous_1)
FN:450,(anonymous_2)
FN:455,(anonymous_3)
FN:467,(anonymous_4)
FN:502,(anonymous_5)
FN:506,(anonymous_6)
FN:519,(anonymous_7)
FN:535,(anonymous_8)
FN:539,(anonymous_9)
FN:549,(anonymous_10)
FN:560,(anonymous_11)
FN:570,(anonymous_12)
FN:577,(anonymous_13)
FN:578,(anonymous_14)
FN:589,(anonymous_15)
FN:661,(anonymous_16)
FN:665,(anonymous_17)
FN:670,(anonymous_18)
FN:675,(anonymous_19)
FN:680,(anonymous_20)
FN:693,(anonymous_21)
FN:698,(anonymous_22)
FN:708,(anonymous_23)
FN:712,(anonymous_24)
FN:722,(anonymous_25)
FN:735,(anonymous_26)
FN:742,(anonymous_27)
FN:762,(anonymous_28)
FN:783,(anonymous_29)
FNF:30
FNH:25
FNDA:11,(anonymous_0)
FNDA:11,(anonymous_1)
FNDA:11,(anonymous_2)
FNDA:24,(anonymous_3)
FNDA:2,(anonymous_4)
FNDA:2,(anonymous_5)
FNDA:6,(anonymous_6)
FNDA:0,(anonymous_7)
FNDA:0,(anonymous_8)
FNDA:0,(anonymous_9)
FNDA:0,(anonymous_10)
FNDA:0,(anonymous_11)
FNDA:6,(anonymous_12)
FNDA:1,(anonymous_13)
FNDA:8,(anonymous_14)
FNDA:5,(anonymous_15)
FNDA:4,(anonymous_16)
FNDA:16,(anonymous_17)
FNDA:16,(anonymous_18)
FNDA:12,(anonymous_19)
FNDA:24,(anonymous_20)
FNDA:20,(anonymous_21)
FNDA:16,(anonymous_22)
FNDA:2,(anonymous_23)
FNDA:60,(anonymous_24)
FNDA:4,(anonymous_25)
FNDA:1,(anonymous_26)
FNDA:1,(anonymous_27)
FNDA:2,(anonymous_28)
FNDA:1,(anonymous_29)
DA:10,11
DA:11,11
DA:13,11
DA:14,11
DA:15,11
DA:19,11
DA:451,11
DA:456,24
DA:457,24
DA:458,24
DA:459,24
DA:460,24
DA:461,24
DA:468,2
DA:469,2
DA:470,2
DA:472,2
DA:473,2
DA:476,2
DA:478,2
DA:479,0
DA:481,2
DA:482,2
DA:483,2
DA:485,1
DA:486,1
DA:488,0
DA:489,0
DA:491,1
DA:492,1
DA:496,2
DA:503,2
DA:504,2
DA:505,2
DA:506,2
DA:507,6
DA:508,6
DA:509,6
DA:513,2
DA:520,0
DA:521,0
DA:523,0
DA:524,0
DA:525,0
DA:526,0
DA:529,0
DA:536,0
DA:540,0
DA:541,0
DA:543,0
DA:550,0
DA:551,0
DA:552,0
DA:553,0
DA:554,0
DA:561,0
DA:562,0
DA:571,6
DA:578,8
DA:590,5
DA:662,4
DA:665,4
DA:666,16
DA:670,4
DA:671,16
DA:675,4
DA:676,12
DA:680,4
DA:681,24
DA:685,4
DA:686,4
DA:687,4
DA:690,4
DA:693,4
DA:694,20
DA:698,4
DA:699,16
DA:702,4
DA:709,2
DA:710,2
DA:712,2
DA:713,60
DA:716,2
DA:719,2
DA:720,1
DA:722,1
DA:723,4
DA:724,4
DA:726,1
DA:729,2
DA:736,1
DA:743,1
DA:745,1
DA:763,2
DA:764,2
DA:766,2
DA:784,1
DA:785,1
DA:787,1
DA:795,1
LF:100
LH:79
BRDA:478,0,0,0
BRDA:478,0,1,2
BRDA:482,1,0,1
BRDA:482,1,1,1
BRDA:483,2,0,1
BRDA:483,2,1,0
BRDA:483,2,2,1
BRDA:485,3,0,0
BRDA:485,3,1,1
BRDA:519,4,0,0
BRDA:541,5,0,0
BRDA:541,5,1,0
BRDA:560,6,0,0
BRDA:560,7,0,0
BRDA:562,8,0,0
BRDA:562,8,1,0
BRDA:571,9,0,6
BRDA:571,9,1,2
BRDA:582,10,0,8
BRDA:582,10,1,7
BRDA:591,11,0,5
BRDA:591,11,1,1
BRDA:592,12,0,5
BRDA:592,12,1,2
BRDA:595,13,0,5
BRDA:595,13,1,2
BRDA:597,14,0,5
BRDA:597,14,1,5
BRDA:598,15,0,5
BRDA:598,15,1,2
BRDA:600,16,0,5
BRDA:600,16,1,5
BRDA:601,17,0,5
BRDA:601,17,1,2
BRDA:602,18,0,5
BRDA:602,18,1,5
BRDA:602,18,2,2
BRDA:605,19,0,5
BRDA:605,19,1,3
BRDA:607,20,0,5
BRDA:607,20,1,5
BRDA:608,21,0,5
BRDA:608,21,1,3
BRDA:610,22,0,5
BRDA:610,22,1,5
BRDA:611,23,0,5
BRDA:611,23,1,3
BRDA:612,24,0,5
BRDA:612,24,1,5
BRDA:612,25,0,0
BRDA:612,25,1,5
BRDA:615,26,0,5
BRDA:615,26,1,5
BRDA:616,27,0,5
BRDA:616,27,1,5
BRDA:617,28,0,5
BRDA:617,28,1,5
BRDA:620,29,0,5
BRDA:620,29,1,2
BRDA:621,30,0,5
BRDA:621,30,1,3
BRDA:622,31,0,5
BRDA:622,31,1,5
BRDA:623,32,0,5
BRDA:623,32,1,5
BRDA:624,33,0,5
BRDA:624,33,1,5
BRDA:625,34,0,5
BRDA:625,34,1,5
BRDA:629,35,0,5
BRDA:629,35,1,5
BRDA:634,36,0,5
BRDA:634,36,1,5
BRDA:641,37,0,5
BRDA:641,37,1,5
BRDA:642,38,0,5
BRDA:642,38,1,4
BRDA:649,39,0,5
BRDA:649,39,1,4
BRDA:719,40,0,1
BRDA:719,40,1,1
BRDA:719,41,0,2
BRDA:719,41,1,2
BRDA:742,42,0,0
BRDA:743,43,0,1
BRDA:743,43,1,1
BRDA:751,44,0,1
BRDA:751,44,1,0
BRDA:754,45,0,1
BRDA:754,45,1,1
BRDA:768,46,0,0
BRDA:768,46,1,2
BRDA:775,47,0,0
BRDA:775,47,1,2
BRDA:776,48,0,0
BRDA:776,48,1,2
BRDA:783,49,0,1
BRF:97
BRH:81
end_of_record
TN:
SF:skills/design/typography-rules/index.js
FN:9,(anonymous_0)
FN:21,(anonymous_1)
FN:184,(anonymous_2)
FN:263,(anonymous_3)
FN:282,(anonymous_4)
FN:289,(anonymous_5)
FN:290,(anonymous_6)
FN:299,(anonymous_7)
FN:302,(anonymous_8)
FN:304,(anonymous_9)
FN:306,(anonymous_10)
FN:312,(anonymous_11)
FN:319,(anonymous_12)
FN:336,(anonymous_13)
FN:400,(anonymous_14)
FN:414,(anonymous_15)
FN:434,(anonymous_16)
FN:484,(anonymous_17)
FN:487,(anonymous_18)
FN:491,(anonymous_19)
FN:495,(anonymous_20)
FN:499,(anonymous_21)
FN:510,(anonymous_22)
FN:560,(anonymous_23)
FN:595,(anonymous_24)
FNF:25
FNH:23
FNDA:15,(anonymous_0)
FNDA:15,(anonymous_1)
FNDA:15,(anonymous_2)
FNDA:15,(anonymous_3)
FNDA:2,(anonymous_4)
FNDA:1,(anonymous_5)
FNDA:21,(anonymous_6)
FNDA:2,(anonymous_7)
FNDA:42,(anonymous_8)
FNDA:115,(anonymous_9)
FNDA:4,(anonymous_10)
FNDA:2,(anonymous_11)
FNDA:3,(anonymous_12)
FNDA:7,(anonymous_13)
FNDA:3,(anonymous_14)
FNDA:0,(anonymous_15)
FNDA:2,(anonymous_16)
FNDA:1,(anonymous_17)
FNDA:4,(anonymous_18)
FNDA:8,(anonymous_19)
FNDA:4,(anonymous_20)
FNDA:4,(anonymous_21)
FNDA:1,(anonymous_22)
FNDA:0,(anonymous_23)
FNDA:1,(anonymous_24)
DA:10,15
DA:11,15
DA:13,15
DA:14,15
DA:15,15
DA:16,15
DA:22,15
DA:185,15
DA:264,15
DA:283,2
DA:290,21
DA:300,2
DA:303,42
DA:304,115
DA:306,4
DA:313,2
DA:320,3
DA:321,3
DA:322,25
DA:323,25
DA:330,3
DA:337,7
DA:394,7
DA:401,3
DA:402,2
DA:403,2
DA:404,2
DA:405,2
DA:406,2
DA:407,1
DA:408,1
DA:416,0
DA:417,0
DA:418,0
DA:421,0
DA:424,0
DA:425,0
DA:428,0
DA:439,2
DA:441,2
DA:443,2
DA:485,1
DA:487,1
DA:488,4
DA:491,1
DA:492,8
DA:495,1
DA:496,4
DA:499,1
DA:500,4
DA:503,1
DA:504,1
DA:511,1
DA:561,0
DA:596,1
DA:597,1
DA:609,1
LF:57
LH:49
BRDA:283,0,0,2
BRDA:283,0,1,1
BRDA:303,1,0,42
BRDA:303,1,1,39
BRDA:313,2,0,2
BRDA:313,2,1,1
BRDA:319,3,0,0
BRDA:319,4,0,0
BRDA:319,5,0,0
BRDA:336,6,0,0
BRDA:394,7,0,7
BRDA:394,7,1,0
BRDA:401,8,0,1
BRDA:401,8,1,2
BRDA:402,9,0,0
BRDA:402,9,1,2
BRDA:403,10,0,0
BRDA:403,10,1,2
BRDA:404,11,0,0
BRDA:404,11,1,2
BRDA:405,12,0,0
BRDA:405,12,1,2
BRDA:406,13,0,1
BRDA:406,13,1,1
BRDA:407,14,0,0
BRDA:407,14,1,1
BRDA:414,15,0,0
BRDA:414,16,0,0
BRDA:416,17,0,0
BRDA:416,17,1,0
BRDA:417,18,0,0
BRDA:417,18,1,0
BRDA:418,19,0,0
BRDA:418,19,1,0
BRDA:421,20,0,0
BRDA:421,20,1,0
BRDA:424,21,0,0
BRDA:424,21,1,0
BRDA:425,22,0,0
BRDA:425,22,1,0
BRDA:434,23,0,2
BRDA:436,24,0,2
BRDA:437,25,0,2
BRDA:438,26,0,2
BRDA:446,27,0,2
BRDA:446,27,1,0
BRDA:449,28,0,2
BRDA:449,28,1,0
BRDA:451,29,0,2
BRDA:451,29,1,0
BRDA:596,30,0,1
BRDA:596,30,1,0
BRF:52
BRH:24
end_of_record
TN:
SF:skills/explain/code-explainer/index.js
FN:4,(anonymous_0)
FN:10,(anonymous_1)
FN:28,(anonymous_2)
FN:29,(anonymous_3)
FN:40,(anonymous_4)
FN:58,(anonymous_5)
FN:59,(anonymous_6)
FN:62,(anonymous_7)
FN:64,(anonymous_8)
FN:70,(anonymous_9)
FN:74,(anonymous_10)
FN:87,(anonymous_11)
FN:93,(anonymous_12)
FN:101,(anonymous_13)
FN:104,(anonymous_14)
FN:111,(anonymous_15)
FN:159,(anonymous_16)
FN:167,(anonymous_17)
FN:184,(anonymous_18)
FN:186,(anonymous_19)
FN:195,(anonymous_20)
FN:204,(anonymous_21)
FN:212,(anonymous_22)
FN:230,(anonymous_23)
FNF:24
FNH:22
FNDA:11,(anonymous_0)
FNDA:10,(anonymous_1)
FNDA:2,(anonymous_2)
FNDA:3,(anonymous_3)
FNDA:8,(anonymous_4)
FNDA:8,(anonymous_5)
FNDA:10,(anonymous_6)
FNDA:10,(anonymous_7)
FNDA:10,(anonymous_8)
FNDA:10,(anonymous_9)
FNDA:8,(anonymous_10)
FNDA:0,(anonymous_11)
FNDA:3,(anonymous_12)
FNDA:2,(anonymous_13)
FNDA:3,(anonymous_14)
FNDA:8,(anonymous_15)
FNDA:3,(anonymous_16)
FNDA:8,(anonymous_17)
FNDA:8,(anonymous_18)
FNDA:10,(anonymous_19)
FNDA:8,(anonymous_20)
FNDA:2,(anonymous_21)
FNDA:3,(anonymous_22)
FNDA:0,(anonymous_23)
DA:5,11
DA:6,11
DA:7,11
DA:11,10
DA:12,2
DA:15,8
DA:16,8
DA:17,8
DA:18,8
DA:19,8
DA:20,8
DA:22,8
DA:28,2
DA:29,3
DA:41,8
DA:46,2
DA:48,6
DA:49,1
DA:51,5
DA:52,5
DA:53,5
DA:54,5
DA:55,4
DA:59,10
DA:60,8
DA:62,10
DA:65,10
DA:70,10
DA:75,8
DA:76,8
DA:83,8
DA:85,40
DA:86,2
DA:87,2
DA:88,2
DA:93,3
DA:100,8
DA:101,8
DA:105,3
DA:112,8
DA:113,8
DA:115,8
DA:116,3
DA:126,8
DA:127,3
DA:128,3
DA:129,3
DA:130,33
DA:131,3
DA:132,3
DA:133,3
DA:134,3
DA:135,79
DA:136,72
DA:137,7
DA:138,7
DA:139,3
DA:140,3
DA:144,3
DA:147,8
DA:148,8
DA:149,8
DA:150,8
DA:151,4
DA:152,5
DA:153,3
DA:154,3
DA:159,8
DA:160,3
DA:161,3
DA:162,3
DA:164,8
DA:168,8
DA:169,8
DA:175,8
DA:177,32
DA:178,2
DA:181,8
DA:185,8
DA:186,8
DA:187,10
DA:191,8
DA:192,8
DA:196,8
DA:197,8
DA:199,8
DA:200,1
DA:203,8
DA:204,2
DA:205,2
DA:210,8
DA:211,2
DA:212,3
DA:214,2
DA:217,8
DA:221,8
DA:222,8
DA:223,0
DA:224,0
DA:225,0
DA:227,8
DA:231,0
DA:235,1
DA:236,0
DA:237,0
DA:238,0
DA:239,0
DA:242,1
LF:108
LH:100
BRDA:4,0,0,11
BRDA:10,1,0,10
BRDA:11,2,0,2
BRDA:11,2,1,8
BRDA:11,3,0,10
BRDA:11,3,1,8
BRDA:15,4,0,8
BRDA:15,4,1,8
BRDA:41,5,0,2
BRDA:41,5,1,6
BRDA:48,6,0,1
BRDA:48,6,1,5
BRDA:51,7,0,0
BRDA:51,7,1,5
BRDA:52,8,0,0
BRDA:52,8,1,5
BRDA:53,9,0,0
BRDA:53,9,1,5
BRDA:54,10,0,1
BRDA:54,10,1,4
BRDA:65,11,0,10
BRDA:65,11,1,10
BRDA:65,11,2,10
BRDA:65,11,3,10
BRDA:86,12,0,2
BRDA:86,12,1,0
BRDA:87,13,0,2
BRDA:87,13,1,0
BRDA:90,14,0,2
BRDA:90,14,1,0
BRDA:105,15,0,3
BRDA:105,15,1,2
BRDA:105,15,2,1
BRDA:105,15,3,1
BRDA:105,15,4,0
BRDA:118,16,0,3
BRDA:118,16,1,3
BRDA:128,17,0,1
BRDA:128,17,1,2
BRDA:130,18,0,36
BRDA:130,18,1,36
BRDA:131,19,0,0
BRDA:131,19,1,3
BRDA:135,20,0,7
BRDA:135,20,1,72
BRDA:136,21,0,7
BRDA:136,21,1,65
BRDA:138,22,0,3
BRDA:138,22,1,4
BRDA:144,23,0,0
BRDA:144,23,1,3
BRDA:150,24,0,4
BRDA:150,24,1,4
BRDA:152,25,0,3
BRDA:152,25,1,2
BRDA:152,26,0,5
BRDA:152,26,1,5
BRDA:152,26,2,5
BRDA:178,27,0,2
BRDA:178,27,1,0
BRDA:191,28,0,8
BRDA:191,28,1,0
BRDA:191,29,0,0
BRDA:191,29,1,0
BRDA:199,30,0,1
BRDA:199,30,1,7
BRDA:200,31,0,1
BRDA:200,31,1,0
BRDA:203,32,0,2
BRDA:203,32,1,6
BRDA:206,33,0,0
BRDA:206,33,1,2
BRDA:210,34,0,2
BRDA:210,34,1,6
BRDA:212,35,0,0
BRDA:212,35,1,3
BRDA:214,36,0,1
BRDA:214,36,1,1
BRDA:221,37,0,8
BRDA:221,37,1,0
BRDA:223,38,0,0
BRDA:223,38,1,0
BRDA:235,39,0,0
BRDA:235,39,1,1
BRDA:237,40,0,0
BRDA:237,40,1,0
BRDA:238,41,0,0
BRDA:238,41,1,0
BRDA:239,42,0,0
BRDA:239,42,1,0
BRF:90
BRH:64
end_of_record
TN:
SF:skills/explain/code-translator/index.js
FN:4,(anonymous_0)
FN:10,(anonymous_1)
FN:19,(anonymous_2)
FN:36,(anonymous_3)
FN:50,(anonymous_4)
FN:54,(anonymous_5)
FN:55,(anonymous_6)
FN:56,(anonymous_7)
FN:57,(anonymous_8)
FN:58,(anonymous_9)
FN:59,(anonymous_10)
FN:60,(anonymous_11)
FN:61,(anonymous_12)
FN:62,(anonymous_13)
FN:63,(anonymous_14)
FN:64,(anonymous_15)
FN:65,(anonymous_16)
FN:66,(anonymous_17)
FN:67,(anonymous_18)
FN:68,(anonymous_19)
FN:74,(anonymous_20)
FN:75,(anonymous_21)
FN:76,(anonymous_22)
FN:77,(anonymous_23)
FN:78,(anonymous_24)
FN:79,(anonymous_25)
FN:80,(anonymous_26)
FN:81,(anonymous_27)
FN:82,(anonymous_28)
FN:94,(anonymous_29)
FN:134,(anonymous_30)
FN:144,(anonymous_31)
FN:149,(anonymous_32)
FNF:33
FNH:31
FNDA:11,(anonymous_0)
FNDA:8,(anonymous_1)
FNDA:7,(anonymous_2)
FNDA:1,(anonymous_3)
FNDA:7,(anonymous_4)
FNDA:4,(anonymous_5)
FNDA:4,(anonymous_6)
FNDA:4,(anonymous_7)
FNDA:0,(anonymous_8)
FNDA:4,(anonymous_9)
FNDA:4,(anonymous_10)
FNDA:4,(anonymous_11)
FNDA:4,(anonymous_12)
FNDA:4,(anonymous_13)
FNDA:4,(anonymous_14)
FNDA:4,(anonymous_15)
FNDA:4,(anonymous_16)
FNDA:0,(anonymous_17)
FNDA:4,(anonymous_18)
FNDA:4,(anonymous_19)
FNDA:3,(anonymous_20)
FNDA:3,(anonymous_21)
FNDA:3,(anonymous_22)
FNDA:3,(anonymous_23)
FNDA:3,(anonymous_24)
FNDA:3,(anonymous_25)
FNDA:3,(anonymous_26)
FNDA:3,(anonymous_27)
FNDA:3,(anonymous_28)
FNDA:7,(anonymous_29)
FNDA:2,(anonymous_30)
FNDA:1,(anonymous_31)
FNDA:5,(anonymous_32)
DA:5,11
DA:6,11
DA:7,11
DA:11,8
DA:13,7
DA:14,7
DA:15,7
DA:17,7
DA:18,7
DA:20,7
DA:21,7
DA:25,7
DA:37,1
DA:41,1
DA:43,0
DA:44,0
DA:45,0
DA:46,0
DA:47,0
DA:51,7
DA:54,4
DA:55,4
DA:57,4
DA:58,4
DA:59,4
DA:60,4
DA:61,4
DA:62,4
DA:63,4
DA:64,4
DA:65,4
DA:66,0
DA:67,4
DA:68,4
DA:74,3
DA:75,3
DA:76,3
DA:77,3
DA:78,3
DA:79,3
DA:80,3
DA:81,3
DA:82,3
DA:87,7
DA:95,7
DA:97,7
DA:98,3
DA:100,7
DA:125,7
DA:126,154
DA:127,72
DA:131,7
DA:135,2
DA:145,1
DA:149,5
DA:154,1
DA:155,0
DA:156,0
DA:157,0
DA:158,0
DA:159,0
DA:162,1
LF:62
LH:51
BRDA:4,0,0,11
BRDA:11,1,0,1
BRDA:11,1,1,7
BRDA:13,2,0,7
BRDA:13,2,1,1
BRDA:14,3,0,7
BRDA:14,3,1,0
BRDA:31,4,0,7
BRDA:31,4,1,0
BRDA:37,5,0,1
BRDA:37,5,1,0
BRDA:38,6,0,1
BRDA:38,6,1,1
BRDA:43,7,0,0
BRDA:43,7,1,0
BRDA:44,8,0,0
BRDA:44,8,1,0
BRDA:45,9,0,0
BRDA:45,9,1,0
BRDA:46,10,0,0
BRDA:46,10,1,0
BRDA:88,11,0,7
BRDA:88,11,1,0
BRDA:97,12,0,4
BRDA:97,12,1,3
BRDA:97,13,0,7
BRDA:97,13,1,4
BRDA:98,14,0,3
BRDA:98,14,1,0
BRDA:126,15,0,72
BRDA:126,15,1,82
BRDA:154,16,0,0
BRDA:154,16,1,1
BRDA:156,17,0,0
BRDA:156,17,1,0
BRDA:157,18,0,0
BRDA:157,18,1,0
BRDA:158,19,0,0
BRDA:158,19,1,0
BRF:39
BRH:19
end_of_record
TN:
SF:skills/explain/intent-capture/index.js
FN:4,(anonymous_0)
FN:10,(anonymous_1)
FN:32,(anonymous_2)
FN:45,(anonymous_3)
FN:59,(anonymous_4)
FN:69,(anonymous_5)
FN:78,(anonymous_6)
FN:124,(anonymous_7)
FN:130,(anonymous_8)
FN:137,(anonymous_9)
FN:149,(anonymous_10)
FNF:11
FNH:11
FNDA:13,(anonymous_0)
FNDA:11,(anonymous_1)
FNDA:9,(anonymous_2)
FNDA:18,(anonymous_3)
FNDA:18,(anonymous_4)
FNDA:14,(anonymous_5)
FNDA:18,(anonymous_6)
FNDA:18,(anonymous_7)
FNDA:9,(anonymous_8)
FNDA:9,(anonymous_9)
FNDA:1,(anonymous_10)
DA:5,13
DA:6,13
DA:7,13
DA:11,11
DA:12,2
DA:15,9
DA:16,9
DA:18,9
DA:33,9
DA:38,9
DA:39,21
DA:40,21
DA:42,4
DA:46,18
DA:47,14
DA:48,8
DA:49,6
DA:50,6
DA:51,4
DA:52,2
DA:53,0
DA:54,0
DA:55,0
DA:56,0
DA:60,18
DA:61,18
DA:66,18
DA:67,54
DA:68,54
DA:69,6
DA:70,14
DA:71,14
DA:75,18
DA:79,18
DA:80,18
DA:118,18
DA:119,648
DA:121,18
DA:125,18
DA:131,9
DA:132,8
DA:133,7
DA:134,7
DA:138,9
DA:139,9
DA:140,9
DA:141,9
DA:142,9
DA:143,9
DA:144,9
DA:145,9
DA:146,9
DA:150,1
DA:165,1
DA:166,0
DA:168,0
DA:169,0
DA:172,1
LF:58
LH:51
BRDA:4,0,0,13
BRDA:11,1,0,2
BRDA:11,1,1,9
BRDA:11,2,0,11
BRDA:11,2,1,9
BRDA:40,3,0,5
BRDA:40,3,1,16
BRDA:40,4,0,5
BRDA:40,4,1,1
BRDA:40,4,2,1
BRDA:40,4,3,0
BRDA:40,4,4,0
BRDA:46,5,0,4
BRDA:46,5,1,14
BRDA:47,6,0,6
BRDA:47,6,1,8
BRDA:48,7,0,2
BRDA:48,7,1,6
BRDA:49,8,0,0
BRDA:49,8,1,6
BRDA:50,9,0,2
BRDA:50,9,1,4
BRDA:51,10,0,2
BRDA:51,10,1,2
BRDA:52,11,0,2
BRDA:52,11,1,0
BRDA:53,12,0,0
BRDA:53,12,1,0
BRDA:54,13,0,0
BRDA:54,13,1,0
BRDA:55,14,0,0
BRDA:55,14,1,0
BRDA:68,15,0,6
BRDA:68,15,1,48
BRDA:71,16,0,12
BRDA:71,16,1,2
BRDA:71,17,0,14
BRDA:71,17,1,12
BRDA:119,18,0,14
BRDA:119,18,1,634
BRDA:131,19,0,1
BRDA:131,19,1,8
BRDA:132,20,0,1
BRDA:132,20,1,7
BRDA:133,21,0,0
BRDA:133,21,1,7
BRDA:143,22,0,6
BRDA:143,22,1,3
BRDA:144,23,0,3
BRDA:144,23,1,6
BRDA:145,24,0,3
BRDA:145,24,1,6
BRDA:165,25,0,0
BRDA:165,25,1,1
BRDA:168,26,0,0
BRDA:168,26,1,0
BRF:56
BRH:42
end_of_record
TN:
SF:skills/knowledge/context-memory/index.js
FN:4,(anonymous_0)
FN:11,(anonymous_1)
FN:16,(anonymous_2)
FN:20,(anonymous_3)
FN:21,(anonymous_4)
FN:28,(anonymous_5)
FN:33,(anonymous_6)
FN:37,(anonymous_7)
FN:42,(anonymous_8)
FNF:9
FNH:8
FNDA:10,(anonymous_0)
FNDA:109,(anonymous_1)
FNDA:7,(anonymous_2)
FNDA:1,(anonymous_3)
FNDA:100,(anonymous_4)
FNDA:2,(anonymous_5)
FNDA:3,(anonymous_6)
FNDA:7,(anonymous_7)
FNDA:0,(anonymous_8)
DA:5,10
DA:6,10
DA:7,10
DA:8,10
DA:12,109
DA:13,109
DA:17,7
DA:21,100
DA:29,2
DA:30,2
DA:34,3
DA:35,3
DA:37,7
DA:43,0
DA:47,1
LF:15
LH:14
BRDA:17,0,0,7
BRDA:17,0,1,2
BRF:2
BRH:2
end_of_record
TN:
SF:skills/knowledge/graphify/index.js
FN:26,(anonymous_0)
FN:33,(anonymous_1)
FN:45,(anonymous_2)
FN:46,(anonymous_3)
FN:63,(anonymous_4)
FN:85,(anonymous_5)
FN:86,(anonymous_6)
FN:100,(anonymous_7)
FN:108,(anonymous_8)
FN:110,(anonymous_9)
FN:117,(anonymous_10)
FN:125,(anonymous_11)
FN:126,(anonymous_12)
FN:133,(anonymous_13)
FN:134,(anonymous_14)
FN:141,(anonymous_15)
FN:157,(anonymous_16)
FN:160,(anonymous_17)
FN:162,(anonymous_18)
FN:169,(anonymous_19)
FN:195,(anonymous_20)
FN:196,(anonymous_21)
FN:198,(anonymous_22)
FN:206,(anonymous_23)
FN:233,(anonymous_24)
FN:244,(anonymous_25)
FN:255,(anonymous_26)
FN:257,(anonymous_27)
FN:258,(anonymous_28)
FN:267,(anonymous_29)
FN:271,(anonymous_30)
FNF:31
FNH:29
FNDA:21,(anonymous_0)
FNDA:18,(anonymous_1)
FNDA:21,(anonymous_2)
FNDA:31,(anonymous_3)
FNDA:26,(anonymous_4)
FNDA:2,(anonymous_5)
FNDA:3,(anonymous_6)
FNDA:6,(anonymous_7)
FNDA:14,(anonymous_8)
FNDA:13,(anonymous_9)
FNDA:1,(anonymous_10)
FNDA:1,(anonymous_11)
FNDA:0,(anonymous_12)
FNDA:1,(anonymous_13)
FNDA:2,(anonymous_14)
FNDA:1,(anonymous_15)
FNDA:1,(anonymous_16)
FNDA:2,(anonymous_17)
FNDA:2,(anonymous_18)
FNDA:2,(anonymous_19)
FNDA:1,(anonymous_20)
FNDA:2,(anonymous_21)
FNDA:1,(anonymous_22)
FNDA:2,(anonymous_23)
FNDA:1,(anonymous_24)
FNDA:8,(anonymous_25)
FNDA:3,(anonymous_26)
FNDA:8,(anonymous_27)
FNDA:5,(anonymous_28)
FNDA:1,(anonymous_29)
FNDA:0,(anonymous_30)
DA:10,1
DA:27,21
DA:28,21
DA:29,21
DA:34,18
DA:36,17
DA:37,17
DA:39,17
DA:40,26
DA:41,26
DA:42,26
DA:44,26
DA:45,26
DA:46,31
DA:47,17
DA:49,21
DA:53,17
DA:64,26
DA:65,26
DA:70,26
DA:72,78
DA:73,25
DA:76,26
DA:86,2
DA:87,3
DA:88,1
DA:90,2
DA:91,1
DA:93,1
DA:101,6
DA:102,16
DA:103,6
DA:104,10
DA:105,10
DA:107,6
DA:108,14
DA:110,13
DA:118,1
DA:119,2
DA:120,1
DA:121,1
DA:122,1
DA:124,1
DA:125,1
DA:126,0
DA:134,2
DA:142,1
DA:158,1
DA:159,1
DA:160,1
DA:161,2
DA:162,2
DA:170,2
DA:171,2
DA:172,3
DA:173,3
DA:176,2
DA:177,2
DA:178,2
DA:179,5
DA:180,5
DA:181,5
DA:182,4
DA:183,3
DA:184,3
DA:185,3
DA:189,1
DA:196,2
DA:197,1
DA:198,1
DA:199,1
DA:207,2
DA:208,2
DA:209,3
DA:210,3
DA:213,2
DA:214,2
DA:215,2
DA:216,4
DA:217,4
DA:218,2
DA:219,2
DA:220,2
DA:224,2
DA:226,2
DA:234,1
DA:241,1
DA:242,1
DA:243,3
DA:244,8
DA:245,3
DA:247,1
DA:256,3
DA:257,8
DA:258,5
DA:259,3
DA:261,3
DA:262,3
DA:264,3
DA:268,1
DA:272,0
DA:276,1
LF:102
LH:100
BRDA:33,0,0,0
BRDA:34,1,0,1
BRDA:34,1,1,17
BRDA:40,2,0,26
BRDA:40,2,1,0
BRDA:40,2,2,0
BRDA:41,3,0,26
BRDA:41,3,1,4
BRDA:46,4,0,17
BRDA:46,4,1,4
BRDA:85,5,0,0
BRDA:87,6,0,1
BRDA:87,6,1,2
BRDA:90,7,0,1
BRDA:90,7,1,1
BRDA:100,8,0,1
BRDA:102,9,0,6
BRDA:102,9,1,0
BRDA:103,10,0,6
BRDA:103,10,1,0
BRDA:104,11,0,10
BRDA:104,11,1,10
BRDA:105,12,0,10
BRDA:105,12,1,6
BRDA:117,13,0,1
BRDA:119,14,0,1
BRDA:119,14,1,0
BRDA:120,15,0,1
BRDA:120,15,1,0
BRDA:121,16,0,1
BRDA:121,16,1,1
BRDA:122,17,0,1
BRDA:122,17,1,1
BRDA:124,18,0,1
BRDA:124,18,1,0
BRDA:125,19,0,1
BRDA:125,19,1,0
BRDA:125,20,0,1
BRDA:125,20,1,0
BRDA:134,21,0,2
BRDA:134,21,1,2
BRDA:143,22,0,1
BRDA:143,22,1,0
BRDA:145,23,0,0
BRDA:145,23,1,0
BRDA:146,24,0,0
BRDA:146,24,1,0
BRDA:157,25,0,0
BRDA:159,26,0,0
BRDA:159,26,1,1
BRDA:160,27,0,1
BRDA:160,27,1,0
BRDA:161,28,0,2
BRDA:161,28,1,0
BRDA:171,29,0,2
BRDA:171,29,1,0
BRDA:172,30,0,3
BRDA:172,30,1,0
BRDA:181,31,0,1
BRDA:181,31,1,4
BRDA:182,32,0,4
BRDA:182,32,1,1
BRDA:183,33,0,3
BRDA:183,33,1,0
BRDA:196,34,0,1
BRDA:196,34,1,0
BRDA:197,35,0,0
BRDA:197,35,1,1
BRDA:198,36,0,1
BRDA:198,36,1,0
BRDA:198,37,0,1
BRDA:198,37,1,1
BRDA:208,38,0,2
BRDA:208,38,1,0
BRDA:209,39,0,3
BRDA:209,39,1,0
BRDA:217,40,0,4
BRDA:217,40,1,2
BRDA:218,41,0,2
BRDA:218,41,1,0
BRDA:242,42,0,1
BRDA:242,42,1,0
BRDA:243,43,0,3
BRDA:243,43,1,0
BRDA:245,44,0,2
BRDA:245,44,1,1
BRDA:255,45,0,0
BRDA:256,46,0,3
BRDA:256,46,1,0
BRDA:259,47,0,3
BRDA:259,47,1,0
BRDA:261,48,0,3
BRDA:261,48,1,2
BRF:93
BRH:59
end_of_record
TN:
SF:skills/knowledge/knowledge-base/index.js
FN:4,(anonymous_0)
FN:11,(anonymous_1)
FN:31,(anonymous_2)
FN:35,(anonymous_3)
FN:40,(anonymous_4)
FN:43,(anonymous_5)
FN:50,(anonymous_6)
FN:55,(anonymous_7)
FN:58,(anonymous_8)
FN:64,(anonymous_9)
FN:68,(anonymous_10)
FN:71,(anonymous_11)
FN:78,(anonymous_12)
FN:79,(anonymous_13)
FN:85,(anonymous_14)
FNF:15
FNH:14
FNDA:9,(anonymous_0)
FNDA:11,(anonymous_1)
FNDA:5,(anonymous_2)
FNDA:2,(anonymous_3)
FNDA:2,(anonymous_4)
FNDA:2,(anonymous_5)
FNDA:2,(anonymous_6)
FNDA:1,(anonymous_7)
FNDA:1,(anonymous_8)
FNDA:1,(anonymous_9)
FNDA:2,(anonymous_10)
FNDA:2,(anonymous_11)
FNDA:2,(anonymous_12)
FNDA:2,(anonymous_13)
FNDA:0,(anonymous_14)
DA:5,9
DA:6,9
DA:7,9
DA:8,9
DA:12,11
DA:18,11
DA:19,11
DA:20,1
DA:26,10
DA:27,9
DA:28,9
DA:32,5
DA:33,4
DA:35,2
DA:41,2
DA:43,2
DA:50,2
DA:56,1
DA:58,1
DA:64,1
DA:69,2
DA:71,2
DA:79,2
DA:86,0
DA:90,1
LF:25
LH:24
BRDA:19,0,0,1
BRDA:19,0,1,10
BRDA:32,1,0,5
BRDA:32,1,1,2
BRDA:35,2,0,4
BRDA:35,2,1,2
BRDA:35,3,0,4
BRDA:35,3,1,2
BRDA:35,4,0,4
BRDA:35,4,1,4
BRDA:35,5,0,4
BRDA:35,5,1,4
BRDA:42,6,0,2
BRDA:42,6,1,0
BRDA:43,7,0,2
BRDA:43,7,1,0
BRDA:44,8,0,2
BRDA:44,8,1,0
BRDA:45,9,0,2
BRDA:45,9,1,0
BRDA:46,10,0,2
BRDA:46,10,1,2
BRDA:47,11,0,2
BRDA:47,11,1,2
BRDA:49,12,0,2
BRDA:49,12,1,0
BRDA:50,13,0,2
BRDA:50,13,1,0
BRDA:50,14,0,2
BRDA:50,14,1,0
BRDA:50,15,0,2
BRDA:50,15,1,2
BRDA:57,16,0,1
BRDA:57,16,1,0
BRDA:58,17,0,1
BRDA:58,17,1,0
BRDA:60,18,0,1
BRDA:60,18,1,1
BRDA:61,19,0,1
BRDA:61,19,1,1
BRDA:63,20,0,1
BRDA:63,20,1,1
BRDA:64,21,0,1
BRDA:64,21,1,0
BRDA:64,22,0,1
BRDA:64,22,1,0
BRDA:64,23,0,1
BRDA:64,23,1,1
BRDA:64,24,0,1
BRDA:64,24,1,1
BRDA:71,25,0,2
BRDA:71,25,1,0
BRDA:72,26,0,2
BRDA:72,26,1,0
BRDA:73,27,0,2
BRDA:73,27,1,2
BRDA:74,28,0,2
BRDA:74,28,1,0
BRDA:76,29,0,2
BRDA:76,29,1,0
BRDA:79,30,0,2
BRDA:79,30,1,0
BRDA:79,31,0,2
BRDA:79,31,1,2
BRDA:79,32,0,2
BRDA:79,32,1,0
BRF:66
BRH:49
end_of_record
TN:
SF:skills/knowledge/wednesday-graph/index.js
FN:4,(anonymous_0)
FN:10,(anonymous_1)
FN:15,(anonymous_2)
FN:15,(anonymous_3)
FN:19,(anonymous_4)
FN:34,(anonymous_5)
FN:40,(anonymous_6)
FN:41,(anonymous_7)
FN:42,(anonymous_8)
FN:49,(anonymous_9)
FN:55,(anonymous_10)
FN:56,(anonymous_11)
FN:57,(anonymous_12)
FN:58,(anonymous_13)
FN:66,(anonymous_14)
FNF:15
FNH:13
FNDA:8,(anonymous_0)
FNDA:8,(anonymous_1)
FNDA:7,(anonymous_2)
FNDA:4,(anonymous_3)
FNDA:7,(anonymous_4)
FNDA:4,(anonymous_5)
FNDA:4,(anonymous_6)
FNDA:5,(anonymous_7)
FNDA:0,(anonymous_8)
FNDA:12,(anonymous_9)
FNDA:24,(anonymous_10)
FNDA:7,(anonymous_11)
FNDA:7,(anonymous_12)
FNDA:5,(anonymous_13)
FNDA:0,(anonymous_14)
DA:5,8
DA:6,8
DA:7,8
DA:11,8
DA:13,6
DA:15,7
DA:17,6
DA:19,7
DA:20,6
DA:21,6
DA:23,6
DA:34,4
DA:40,4
DA:41,5
DA:42,0
DA:50,12
DA:51,12
DA:52,12
DA:53,17
DA:54,17
DA:55,24
DA:56,7
DA:57,7
DA:58,17
DA:59,5
DA:60,5
DA:63,12
DA:67,0
DA:71,1
LF:29
LH:27
BRDA:11,0,0,2
BRDA:11,0,1,6
BRDA:11,1,0,8
BRDA:11,1,1,6
BRDA:15,2,0,7
BRDA:15,2,1,3
BRDA:19,3,0,7
BRDA:19,3,1,3
BRDA:34,4,0,4
BRDA:34,4,1,0
BRDA:55,5,0,17
BRDA:55,5,1,7
BRDA:56,6,0,6
BRDA:56,6,1,1
BRDA:57,7,0,7
BRDA:57,7,1,7
BRF:16
BRH:15
end_of_record
TN:
SF:skills/orchestration/gsd-workflow/index.js
FN:31,(anonymous_0)
FN:42,(anonymous_1)
FN:70,(anonymous_2)
FN:84,(anonymous_3)
FN:85,(anonymous_4)
FN:92,(anonymous_5)
FN:94,(anonymous_6)
FN:108,(anonymous_7)
FN:113,(anonymous_8)
FN:118,(anonymous_9)
FN:130,(anonymous_10)
FN:134,(anonymous_11)
FN:138,(anonymous_12)
FN:142,(anonymous_13)
FNF:14
FNH:13
FNDA:16,(anonymous_0)
FNDA:10,(anonymous_1)
FNDA:2,(anonymous_2)
FNDA:6,(anonymous_3)
FNDA:2,(anonymous_4)
FNDA:2,(anonymous_5)
FNDA:4,(anonymous_6)
FNDA:2,(anonymous_7)
FNDA:5,(anonymous_8)
FNDA:3,(anonymous_9)
FNDA:0,(anonymous_10)
FNDA:1,(anonymous_11)
FNDA:1,(anonymous_12)
FNDA:1,(anonymous_13)
DA:9,1
DA:28,1
DA:32,16
DA:33,16
DA:34,16
DA:36,16
DA:43,10
DA:44,10
DA:45,1
DA:48,9
DA:49,3
DA:50,2
DA:51,1
DA:53,6
DA:54,3
DA:55,2
DA:56,1
DA:58,3
DA:59,3
DA:60,2
DA:61,1
DA:63,0
DA:71,2
DA:84,6
DA:85,2
DA:93,2
DA:94,4
DA:95,2
DA:109,2
DA:110,2
DA:112,2
DA:113,5
DA:114,3
DA:115,1
DA:116,1
DA:118,3
DA:121,2
DA:131,0
DA:135,1
DA:139,1
DA:143,1
DA:152,1
LF:42
LH:40
BRDA:42,0,0,0
BRDA:44,1,0,1
BRDA:44,1,1,9
BRDA:48,2,0,3
BRDA:48,2,1,6
BRDA:49,3,0,1
BRDA:49,3,1,2
BRDA:50,4,0,1
BRDA:50,4,1,1
BRDA:50,5,0,2
BRDA:50,5,1,1
BRDA:53,6,0,3
BRDA:53,6,1,3
BRDA:54,7,0,1
BRDA:54,7,1,2
BRDA:55,8,0,1
BRDA:55,8,1,1
BRDA:58,9,0,3
BRDA:58,9,1,0
BRDA:59,10,0,1
BRDA:59,10,1,2
BRDA:60,11,0,1
BRDA:60,11,1,1
BRDA:70,12,0,0
BRDA:92,13,0,0
BRDA:92,14,0,0
BRDA:108,15,0,0
BRDA:113,16,0,3
BRDA:113,16,1,0
BRDA:114,17,0,1
BRDA:114,17,1,2
BRDA:118,18,0,2
BRDA:118,18,1,0
BRDA:123,19,0,1
BRDA:123,19,1,1
BRDA:124,20,0,1
BRDA:124,20,1,1
BRDA:131,21,0,0
BRDA:131,21,1,0
BRF:39
BRH:29
end_of_record
TN:
SF:skills/orchestration/model-router/index.js
FN:4,(anonymous_0)
FN:10,(anonymous_1)
FN:14,(anonymous_2)
FN:18,(anonymous_3)
FN:25,(anonymous_4)
FN:31,(anonymous_5)
FN:86,(anonymous_6)
FN:100,(anonymous_7)
FNF:8
FNH:7
FNDA:7,(anonymous_0)
FNDA:6,(anonymous_1)
FNDA:30,(anonymous_2)
FNDA:44,(anonymous_3)
FNDA:12,(anonymous_4)
FNDA:6,(anonymous_5)
FNDA:30,(anonymous_6)
FNDA:0,(anonymous_7)
DA:5,7
DA:6,7
DA:7,7
DA:11,6
DA:12,6
DA:13,6
DA:14,30
DA:18,44
DA:20,6
DA:21,6
DA:25,12
DA:32,6
DA:87,30
DA:88,30
DA:89,4
DA:91,30
DA:92,30
DA:93,30
DA:94,30
DA:95,30
DA:96,30
DA:97,30
DA:101,0
DA:105,1
LF:24
LH:23
BRDA:88,0,0,4
BRDA:88,0,1,26
BRDA:88,1,0,30
BRDA:88,1,1,10
BRDA:91,2,0,9
BRDA:91,2,1,21
BRDA:91,3,0,30
BRDA:91,3,1,15
BRDA:92,4,0,0
BRDA:92,4,1,30
BRDA:92,5,0,30
BRDA:92,5,1,0
BRDA:93,6,0,2
BRDA:93,6,1,28
BRDA:93,7,0,30
BRDA:93,7,1,5
BRDA:94,8,0,3
BRDA:94,8,1,27
BRDA:94,9,0,30
BRDA:94,9,1,5
BRDA:95,10,0,2
BRDA:95,10,1,28
BRDA:95,11,0,30
BRDA:95,11,1,5
BRDA:96,12,0,12
BRDA:96,12,1,18
BRF:26
BRH:24
end_of_record
TN:
SF:skills/orchestration/parallel-exec/index.js
FN:4,(anonymous_0)
FN:10,(anonymous_1)
FN:23,(anonymous_2)
FN:36,(anonymous_3)
FN:47,(anonymous_4)
FN:47,(anonymous_5)
FN:48,(anonymous_6)
FN:48,(anonymous_7)
FN:59,(anonymous_8)
FN:60,(anonymous_9)
FN:61,(anonymous_10)
FN:69,(anonymous_11)
FNF:12
FNH:10
FNDA:8,(anonymous_0)
FNDA:7,(anonymous_1)
FNDA:8,(anonymous_2)
FNDA:6,(anonymous_3)
FNDA:5,(anonymous_4)
FNDA:0,(anonymous_5)
FNDA:5,(anonymous_6)
FNDA:6,(anonymous_7)
FNDA:15,(anonymous_8)
FNDA:15,(anonymous_9)
FNDA:16,(anonymous_10)
FNDA:0,(anonymous_11)
DA:5,8
DA:6,8
DA:7,8
DA:11,7
DA:13,6
DA:14,6
DA:16,6
DA:23,8
DA:37,6
DA:38,6
DA:40,6
DA:41,8
DA:42,8
DA:44,8
DA:45,17
DA:46,17
DA:47,17
DA:48,17
DA:50,17
DA:51,15
DA:52,15
DA:56,8
DA:57,0
DA:59,15
DA:60,8
DA:61,16
DA:62,15
DA:66,6
DA:70,0
DA:74,1
LF:30
LH:28
BRDA:10,0,0,0
BRDA:11,1,0,1
BRDA:11,1,1,6
BRDA:29,2,0,4
BRDA:29,2,1,2
BRDA:46,3,0,17
BRDA:46,3,1,12
BRDA:47,4,0,5
BRDA:47,4,1,3
BRDA:50,5,0,15
BRDA:50,5,1,2
BRDA:50,6,0,17
BRDA:50,6,1,15
BRDA:56,7,0,0
BRDA:56,7,1,8
BRDA:62,8,0,15
BRDA:62,8,1,0
BRF:17
BRH:14
end_of_record
TN:
SF:skills/orchestration/task-coordinator/index.js
FN:4,(anonymous_0)
FN:11,(anonymous_1)
FN:15,(anonymous_2)
FN:29,(anonymous_3)
FN:30,(anonymous_4)
FN:49,(anonymous_5)
FN:55,(anonymous_6)
FN:59,(anonymous_7)
FN:65,(anonymous_8)
FN:66,(anonymous_9)
FN:73,(anonymous_10)
FN:77,(anonymous_11)
FN:78,(anonymous_12)
FN:84,(anonymous_13)
FN:85,(anonymous_14)
FN:89,(anonymous_15)
FNF:16
FNH:15
FNDA:4,(anonymous_0)
FNDA:3,(anonymous_1)
FNDA:6,(anonymous_2)
FNDA:1,(anonymous_3)
FNDA:1,(anonymous_4)
FNDA:2,(anonymous_5)
FNDA:1,(anonymous_6)
FNDA:3,(anonymous_7)
FNDA:1,(anonymous_8)
FNDA:1,(anonymous_9)
FNDA:2,(anonymous_10)
FNDA:1,(anonymous_11)
FNDA:1,(anonymous_12)
FNDA:1,(anonymous_13)
FNDA:1,(anonymous_14)
FNDA:0,(anonymous_15)
DA:5,4
DA:6,4
DA:7,4
DA:8,4
DA:12,3
DA:15,6
DA:25,3
DA:26,3
DA:30,1
DA:31,1
DA:33,1
DA:34,1
DA:36,1
DA:37,2
DA:38,2
DA:39,2
DA:40,2
DA:43,1
DA:44,1
DA:46,1
DA:49,2
DA:56,1
DA:57,1
DA:58,1
DA:59,1
DA:60,3
DA:61,2
DA:62,0
DA:64,2
DA:65,2
DA:66,1
DA:67,1
DA:69,2
DA:70,2
DA:71,2
DA:73,2
DA:74,1
DA:78,1
DA:79,1
DA:80,1
DA:84,1
DA:85,1
DA:90,0
DA:94,1
LF:44
LH:42
BRDA:11,0,0,0
BRDA:17,1,0,6
BRDA:17,1,1,0
BRDA:18,2,0,6
BRDA:18,2,1,6
BRDA:19,3,0,6
BRDA:19,3,1,3
BRDA:31,4,0,0
BRDA:31,4,1,1
BRDA:60,5,0,1
BRDA:60,5,1,2
BRDA:61,6,0,0
BRDA:61,6,1,2
BRDA:67,7,0,1
BRDA:67,7,1,0
BRDA:79,8,0,0
BRDA:79,8,1,1
BRF:17
BRH:11
end_of_record
TN:
SF:skills/orchestration/virtual-team/index.js
FN:4,(anonymous_0)
FN:10,(anonymous_1)
FN:55,(anonymous_2)
FN:66,(anonymous_3)
FN:67,(anonymous_4)
FN:72,(anonymous_5)
FNF:6
FNH:5
FNDA:8,(anonymous_0)
FNDA:19,(anonymous_1)
FNDA:18,(anonymous_2)
FNDA:2,(anonymous_3)
FNDA:10,(anonymous_4)
FNDA:0,(anonymous_5)
DA:5,8
DA:6,8
DA:7,8
DA:11,19
DA:39,19
DA:40,19
DA:41,1
DA:44,18
DA:56,18
DA:63,18
DA:67,2
DA:68,10
DA:73,0
DA:77,1
LF:14
LH:13
BRDA:40,0,0,1
BRDA:40,0,1,18
BRDA:63,1,0,18
BRDA:63,1,1,0
BRF:4
BRH:3
end_of_record
TN:
SF:skills/preview/diff-preview/index.js
FN:7,(anonymous_0)
FN:23,(anonymous_1)
FN:44,(anonymous_2)
FN:51,(anonymous_3)
FN:88,(anonymous_4)
FN:89,(anonymous_5)
FN:90,(anonymous_6)
FN:91,(anonymous_7)
FN:104,(anonymous_8)
FN:139,(anonymous_9)
FN:150,(anonymous_10)
FN:190,(anonymous_11)
FN:211,(anonymous_12)
FN:258,(anonymous_13)
FN:265,(anonymous_14)
FN:267,(anonymous_15)
FN:268,(anonymous_16)
FN:269,(anonymous_17)
FN:271,(anonymous_18)
FN:272,(anonymous_19)
FN:293,(anonymous_20)
FN:314,(anonymous_21)
FN:315,(anonymous_22)
FN:321,(anonymous_23)
FN:329,(anonymous_24)
FN:353,(anonymous_25)
FN:354,(anonymous_26)
FN:375,(anonymous_27)
FNF:28
FNH:25
FNDA:15,(anonymous_0)
FNDA:6,(anonymous_1)
FNDA:14,(anonymous_2)
FNDA:57,(anonymous_3)
FNDA:14,(anonymous_4)
FNDA:55,(anonymous_5)
FNDA:55,(anonymous_6)
FNDA:55,(anonymous_7)
FNDA:8,(anonymous_8)
FNDA:5,(anonymous_9)
FNDA:7,(anonymous_10)
FNDA:8,(anonymous_11)
FNDA:1,(anonymous_12)
FNDA:1,(anonymous_13)
FNDA:1,(anonymous_14)
FNDA:2,(anonymous_15)
FNDA:1,(anonymous_16)
FNDA:2,(anonymous_17)
FNDA:2,(anonymous_18)
FNDA:1,(anonymous_19)
FNDA:0,(anonymous_20)
FNDA:0,(anonymous_21)
FNDA:0,(anonymous_22)
FNDA:1,(anonymous_23)
FNDA:1,(anonymous_24)
FNDA:4,(anonymous_25)
FNDA:4,(anonymous_26)
FNDA:4,(anonymous_27)
DA:8,15
DA:9,15
DA:10,15
DA:11,15
DA:12,15
DA:13,15
DA:24,6
DA:25,6
DA:27,6
DA:28,6
DA:29,6
DA:31,6
DA:45,14
DA:46,14
DA:49,14
DA:51,57
DA:53,14
DA:54,43
DA:55,145
DA:56,30
DA:58,115
DA:64,14
DA:65,14
DA:66,14
DA:68,14
DA:69,56
DA:70,30
DA:71,30
DA:72,30
DA:73,26
DA:74,13
DA:75,13
DA:77,13
DA:78,13
DA:82,14
DA:89,55
DA:90,55
DA:91,55
DA:93,14
DA:105,8
DA:106,8
DA:107,8
DA:109,8
DA:110,35
DA:112,35
DA:113,16
DA:114,7
DA:116,16
DA:117,19
DA:119,5
DA:120,5
DA:121,1
DA:122,1
DA:123,1
DA:128,8
DA:129,6
DA:130,6
DA:133,8
DA:140,5
DA:141,5
DA:142,6
DA:144,5
DA:151,7
DA:152,7
DA:153,7
DA:155,7
DA:156,7
DA:158,7
DA:159,29
DA:160,29
DA:162,29
DA:163,6
DA:164,6
DA:165,23
DA:166,6
DA:167,6
DA:169,17
DA:172,29
DA:173,29
DA:174,29
DA:175,29
DA:177,0
DA:180,29
DA:181,29
DA:184,7
DA:191,8
DA:193,8
DA:194,2
DA:197,6
DA:198,6
DA:199,5
DA:201,6
DA:202,5
DA:205,6
DA:212,1
DA:213,1
DA:214,1
DA:216,1
DA:217,1
DA:219,1
DA:220,1
DA:222,1
DA:223,4
DA:224,2
DA:225,2
DA:226,2
DA:231,2
DA:232,2
DA:233,2
DA:234,1
DA:235,1
DA:240,1
DA:242,1
DA:243,1
DA:248,1
DA:252,1
DA:259,1
DA:260,1
DA:262,1
DA:264,1
DA:265,1
DA:266,1
DA:267,2
DA:268,1
DA:269,2
DA:270,1
DA:271,2
DA:272,1
DA:274,1
DA:276,1
DA:277,2
DA:278,1
DA:279,1
DA:280,1
DA:282,0
DA:287,1
DA:294,0
DA:295,0
DA:298,0
DA:299,0
DA:302,0
DA:303,0
DA:304,0
DA:308,0
DA:315,0
DA:322,1
DA:323,1
DA:330,1
DA:331,1
DA:333,1
DA:353,4
DA:354,4
DA:358,1
DA:359,4
DA:360,4
DA:361,4
DA:364,1
DA:369,1
DA:376,4
DA:385,1
LF:160
LH:149
BRDA:7,0,0,14
BRDA:10,1,0,15
BRDA:10,1,1,14
BRDA:13,2,0,15
BRDA:13,2,1,15
BRDA:23,3,0,5
BRDA:55,4,0,30
BRDA:55,4,1,115
BRDA:68,5,0,70
BRDA:68,5,1,14
BRDA:69,6,0,30
BRDA:69,6,1,26
BRDA:69,7,0,56
BRDA:69,7,1,56
BRDA:69,7,2,56
BRDA:73,8,0,13
BRDA:73,8,1,13
BRDA:73,9,0,26
BRDA:73,9,1,26
BRDA:73,9,2,26
BRDA:112,10,0,16
BRDA:112,10,1,19
BRDA:113,11,0,7
BRDA:113,11,1,9
BRDA:117,12,0,5
BRDA:117,12,1,14
BRDA:120,13,0,1
BRDA:120,13,1,4
BRDA:128,14,0,6
BRDA:128,14,1,2
BRDA:141,15,0,11
BRDA:141,15,1,7
BRDA:150,16,0,1
BRDA:153,17,0,7
BRDA:153,17,1,7
BRDA:162,18,0,6
BRDA:162,18,1,23
BRDA:163,19,0,6
BRDA:163,19,1,0
BRDA:165,20,0,6
BRDA:165,20,1,17
BRDA:166,21,0,6
BRDA:166,21,1,0
BRDA:172,22,0,29
BRDA:172,22,1,0
BRDA:173,23,0,6
BRDA:173,23,1,23
BRDA:174,24,0,6
BRDA:174,24,1,23
BRDA:180,25,0,23
BRDA:180,25,1,6
BRDA:181,26,0,23
BRDA:181,26,1,6
BRDA:193,27,0,2
BRDA:193,27,1,6
BRDA:198,28,0,5
BRDA:198,28,1,1
BRDA:199,29,0,1
BRDA:199,29,1,4
BRDA:201,30,0,5
BRDA:201,30,1,1
BRDA:202,31,0,1
BRDA:202,31,1,4
BRDA:211,32,0,1
BRDA:214,33,0,1
BRDA:214,33,1,1
BRDA:223,34,0,2
BRDA:223,34,1,2
BRDA:224,35,0,2
BRDA:224,35,1,0
BRDA:225,36,0,2
BRDA:225,36,1,0
BRDA:233,37,0,1
BRDA:233,37,1,1
BRDA:234,38,0,1
BRDA:234,38,1,0
BRDA:242,39,0,1
BRDA:242,39,1,0
BRDA:258,40,0,1
BRDA:265,41,0,1
BRDA:265,41,1,0
BRDA:268,42,0,1
BRDA:268,42,1,1
BRDA:269,43,0,1
BRDA:269,43,1,0
BRDA:272,44,0,1
BRDA:272,44,1,0
BRDA:277,45,0,1
BRDA:277,45,1,1
BRDA:279,46,0,1
BRDA:279,46,1,0
BRDA:294,47,0,0
BRDA:294,47,1,0
BRDA:303,48,0,0
BRDA:303,48,1,0
BRDA:329,49,0,1
BRDA:331,50,0,1
BRDA:331,50,1,1
BRDA:359,51,0,2
BRDA:359,51,1,2
BRDA:360,52,0,1
BRDA:360,52,1,3
BRDA:360,53,0,1
BRDA:360,53,1,2
BRF:104
BRH:89
end_of_record
TN:
SF:skills/preview/flowchart-gen/index.js
FN:7,(anonymous_0)
FN:21,(anonymous_1)
FN:44,(anonymous_2)
FN:123,(anonymous_3)
FN:130,(anonymous_4)
FN:176,(anonymous_5)
FN:200,(anonymous_6)
FN:243,(anonymous_7)
FN:273,(anonymous_8)
FN:290,(anonymous_9)
FN:292,(anonymous_10)
FN:299,(anonymous_11)
FN:311,(anonymous_12)
FN:354,(anonymous_13)
FN:379,(anonymous_14)
FN:419,(anonymous_15)
FN:420,(anonymous_16)
FN:427,(anonymous_17)
FN:441,(anonymous_18)
FN:455,(anonymous_19)
FN:471,(anonymous_20)
FN:506,(anonymous_21)
FN:514,(anonymous_22)
FNF:23
FNH:20
FNDA:14,(anonymous_0)
FNDA:6,(anonymous_1)
FNDA:1,(anonymous_2)
FNDA:2,(anonymous_3)
FNDA:6,(anonymous_4)
FNDA:0,(anonymous_5)
FNDA:6,(anonymous_6)
FNDA:0,(anonymous_7)
FNDA:0,(anonymous_8)
FNDA:6,(anonymous_9)
FNDA:18,(anonymous_10)
FNDA:17,(anonymous_11)
FNDA:7,(anonymous_12)
FNDA:7,(anonymous_13)
FNDA:38,(anonymous_14)
FNDA:1,(anonymous_15)
FNDA:2,(anonymous_16)
FNDA:1,(anonymous_17)
FNDA:4,(anonymous_18)
FNDA:1,(anonymous_19)
FNDA:1,(anonymous_20)
FNDA:1,(anonymous_21)
FNDA:1,(anonymous_22)
DA:8,14
DA:9,14
DA:10,14
DA:11,14
DA:12,14
DA:23,6
DA:25,6
DA:26,6
DA:27,6
DA:29,6
DA:45,1
DA:53,1
DA:55,1
DA:57,3
DA:58,3
DA:59,1
DA:60,1
DA:64,3
DA:65,3
DA:66,0
DA:70,3
DA:71,3
DA:72,1
DA:79,3
DA:80,3
DA:81,1
DA:89,1
DA:90,1
DA:91,0
DA:92,0
DA:95,1
DA:99,3
DA:100,3
DA:101,0
DA:106,1
DA:107,3
DA:108,3
DA:109,0
DA:110,0
DA:111,0
DA:117,1
DA:124,2
DA:131,6
DA:134,6
DA:142,6
DA:143,0
DA:152,6
DA:153,6
DA:163,6
DA:164,0
DA:174,6
DA:175,6
DA:176,0
DA:177,0
DA:187,6
DA:194,6
DA:201,6
DA:204,6
DA:205,0
DA:206,6
DA:207,5
DA:211,6
DA:212,5
DA:214,6
DA:215,0
DA:219,6
DA:220,1
DA:228,6
DA:229,0
DA:230,0
DA:231,0
DA:241,6
DA:242,0
DA:243,0
DA:245,0
DA:250,0
DA:255,6
DA:256,5
DA:261,1
DA:262,0
DA:264,1
DA:267,6
DA:275,0
DA:276,0
DA:278,0
DA:291,6
DA:292,18
DA:299,17
DA:312,7
DA:313,7
DA:320,7
DA:323,7
DA:324,7
DA:325,20
DA:326,20
DA:327,14
DA:328,6
DA:329,0
DA:331,6
DA:335,7
DA:336,7
DA:337,18
DA:338,18
DA:342,7
DA:343,7
DA:344,7
DA:345,7
DA:346,7
DA:348,7
DA:355,7
DA:356,7
DA:359,7
DA:360,7
DA:361,18
DA:362,18
DA:366,7
DA:367,7
DA:369,7
DA:370,7
DA:371,7
DA:372,7
DA:374,7
DA:375,19
DA:376,19
DA:377,19
DA:379,38
DA:380,19
DA:384,19
DA:388,19
DA:389,13
DA:390,13
DA:391,13
DA:392,6
DA:393,0
DA:395,6
DA:396,6
DA:397,6
DA:401,19
DA:402,19
DA:403,12
DA:404,12
DA:405,0
DA:407,12
DA:409,12
DA:413,7
DA:420,2
DA:427,1
DA:435,1
DA:442,4
DA:443,4
DA:444,4
DA:446,4
DA:456,1
DA:457,1
DA:459,1
DA:460,1
DA:467,1
DA:470,1
DA:471,1
DA:472,1
DA:475,1
DA:476,0
DA:477,0
DA:478,0
DA:479,0
DA:483,1
DA:484,1
DA:485,1
DA:487,1
DA:488,1
DA:489,1
DA:490,0
DA:491,0
DA:492,0
DA:494,0
DA:495,0
DA:499,1
DA:500,1
DA:507,1
DA:508,1
DA:515,1
DA:516,1
DA:522,1
DA:523,3
DA:524,3
DA:525,3
DA:526,3
DA:529,1
DA:530,1
DA:531,3
DA:532,3
DA:533,3
DA:536,1
DA:540,1
LF:194
LH:158
BRDA:7,0,0,13
BRDA:10,1,0,14
BRDA:10,1,1,13
BRDA:12,2,0,14
BRDA:12,2,1,14
BRDA:21,3,0,3
BRDA:23,4,0,0
BRDA:23,4,1,6
BRDA:32,5,0,6
BRDA:32,5,1,5
BRDA:58,6,0,1
BRDA:58,6,1,2
BRDA:65,7,0,0
BRDA:65,7,1,3
BRDA:71,8,0,1
BRDA:71,8,1,2
BRDA:71,9,0,3
BRDA:71,9,1,1
BRDA:80,10,0,1
BRDA:80,10,1,2
BRDA:90,11,0,0
BRDA:90,11,1,1
BRDA:100,12,0,0
BRDA:100,12,1,3
BRDA:108,13,0,0
BRDA:108,13,1,3
BRDA:108,14,0,3
BRDA:108,14,1,0
BRDA:110,15,0,0
BRDA:110,15,1,0
BRDA:110,16,0,0
BRDA:110,16,1,0
BRDA:142,17,0,0
BRDA:142,17,1,6
BRDA:142,18,0,6
BRDA:142,18,1,6
BRDA:169,19,0,0
BRDA:169,19,1,0
BRDA:176,20,0,0
BRDA:176,20,1,0
BRDA:204,21,0,0
BRDA:204,21,1,6
BRDA:204,22,0,6
BRDA:204,22,1,6
BRDA:206,23,0,5
BRDA:206,23,1,1
BRDA:211,24,0,5
BRDA:211,24,1,1
BRDA:214,25,0,0
BRDA:214,25,1,6
BRDA:230,26,0,0
BRDA:230,26,1,0
BRDA:243,27,0,0
BRDA:243,27,1,0
BRDA:245,28,0,0
BRDA:245,28,1,0
BRDA:247,29,0,0
BRDA:247,29,1,0
BRDA:255,30,0,5
BRDA:255,30,1,1
BRDA:261,31,0,0
BRDA:261,31,1,1
BRDA:279,32,0,0
BRDA:279,32,1,0
BRDA:279,32,2,0
BRDA:279,32,3,0
BRDA:279,32,4,0
BRDA:290,33,0,0
BRDA:297,34,0,6
BRDA:297,34,1,12
BRDA:297,35,0,18
BRDA:297,35,1,18
BRDA:304,36,0,6
BRDA:304,36,1,5
BRDA:311,37,0,1
BRDA:312,38,0,7
BRDA:312,38,1,6
BRDA:320,39,0,7
BRDA:320,39,1,0
BRDA:326,40,0,14
BRDA:326,40,1,6
BRDA:326,41,0,20
BRDA:326,41,1,13
BRDA:328,42,0,0
BRDA:328,42,1,6
BRDA:337,43,0,0
BRDA:337,43,1,18
BRDA:354,44,0,1
BRDA:361,45,0,18
BRDA:361,45,1,0
BRDA:376,46,0,0
BRDA:376,46,1,19
BRDA:380,47,0,0
BRDA:380,47,1,19
BRDA:384,48,0,0
BRDA:384,48,1,19
BRDA:388,49,0,13
BRDA:388,49,1,6
BRDA:388,50,0,19
BRDA:388,50,1,12
BRDA:392,51,0,0
BRDA:392,51,1,6
BRDA:401,52,0,19
BRDA:401,52,1,7
BRDA:404,53,0,0
BRDA:404,53,1,12
BRDA:422,54,0,1
BRDA:422,54,1,1
BRDA:455,55,0,1
BRDA:456,56,0,1
BRDA:456,56,1,1
BRDA:457,57,0,1
BRDA:457,57,1,1
BRDA:478,58,0,0
BRDA:478,58,1,0
BRDA:478,59,0,0
BRDA:478,59,1,0
BRDA:485,60,0,0
BRDA:485,60,1,1
BRDA:487,61,0,1
BRDA:487,61,1,0
BRDA:490,62,0,0
BRDA:490,62,1,0
BRDA:506,63,0,1
BRDA:514,64,0,1
BRDA:526,65,0,1
BRDA:526,65,1,2
BRDA:533,66,0,0
BRDA:533,66,1,3
BRF:129
BRH:79
end_of_record
TN:
SF:skills/preview/screenshot-preview/index.js
FN:11,(anonymous_0)
FN:26,(anonymous_1)
FN:38,(anonymous_2)
FN:73,(anonymous_3)
FN:111,(anonymous_4)
FN:144,(anonymous_5)
FN:152,(anonymous_6)
FN:158,(anonymous_7)
FN:164,(anonymous_8)
FN:173,(anonymous_9)
FN:174,(anonymous_10)
FN:182,(anonymous_11)
FN:218,(anonymous_12)
FN:231,(anonymous_13)
FN:236,(anonymous_14)
FN:237,(anonymous_15)
FN:243,(anonymous_16)
FN:252,(anonymous_17)
FN:263,(anonymous_18)
FN:295,(anonymous_19)
FN:308,(anonymous_20)
FN:326,(anonymous_21)
FN:342,(anonymous_22)
FN:357,(anonymous_23)
FN:381,(anonymous_24)
FN:431,(anonymous_25)
FN:452,(anonymous_26)
FN:458,(anonymous_27)
FN:463,(anonymous_28)
FN:468,(anonymous_29)
FN:484,(anonymous_30)
FN:489,(anonymous_31)
FN:490,(anonymous_32)
FNF:33
FNH:12
FNDA:13,(anonymous_0)
FNDA:13,(anonymous_1)
FNDA:0,(anonymous_2)
FNDA:0,(anonymous_3)
FNDA:0,(anonymous_4)
FNDA:1,(anonymous_5)
FNDA:0,(anonymous_6)
FNDA:0,(anonymous_7)
FNDA:0,(anonymous_8)
FNDA:0,(anonymous_9)
FNDA:0,(anonymous_10)
FNDA:0,(anonymous_11)
FNDA:1,(anonymous_12)
FNDA:3,(anonymous_13)
FNDA:0,(anonymous_14)
FNDA:0,(anonymous_15)
FNDA:0,(anonymous_16)
FNDA:6,(anonymous_17)
FNDA:1,(anonymous_18)
FNDA:1,(anonymous_19)
FNDA:0,(anonymous_20)
FNDA:0,(anonymous_21)
FNDA:1,(anonymous_22)
FNDA:1,(anonymous_23)
FNDA:0,(anonymous_24)
FNDA:1,(anonymous_25)
FNDA:1,(anonymous_26)
FNDA:0,(anonymous_27)
FNDA:0,(anonymous_28)
FNDA:0,(anonymous_29)
FNDA:0,(anonymous_30)
FNDA:0,(anonymous_31)
FNDA:0,(anonymous_32)
DA:6,1
DA:7,1
DA:8,1
DA:12,13
DA:13,13
DA:14,13
DA:15,13
DA:16,13
DA:17,13
DA:18,13
DA:20,13
DA:27,13
DA:28,0
DA:39,0
DA:40,0
DA:42,0
DA:43,0
DA:44,0
DA:46,0
DA:48,0
DA:56,0
DA:66,0
DA:74,0
DA:75,0
DA:76,0
DA:77,0
DA:79,0
DA:84,0
DA:86,0
DA:87,0
DA:90,0
DA:91,0
DA:94,0
DA:100,0
DA:102,0
DA:104,0
DA:113,0
DA:114,0
DA:115,0
DA:118,0
DA:119,0
DA:120,0
DA:121,0
DA:122,0
DA:123,0
DA:124,0
DA:125,0
DA:127,0
DA:128,0
DA:130,0
DA:145,1
DA:146,1
DA:153,0
DA:154,0
DA:156,0
DA:157,0
DA:158,0
DA:159,0
DA:162,0
DA:163,0
DA:164,0
DA:171,0
DA:173,0
DA:174,0
DA:183,0
DA:184,0
DA:185,0
DA:187,0
DA:188,0
DA:190,0
DA:191,0
DA:195,0
DA:196,0
DA:198,0
DA:200,0
DA:207,0
DA:219,1
DA:232,3
DA:234,3
DA:236,0
DA:237,0
DA:243,0
DA:246,3
DA:253,6
DA:254,6
DA:255,6
DA:256,6
DA:257,6
DA:258,0
DA:260,6
DA:264,1
DA:265,1
DA:266,1
DA:269,0
DA:273,0
DA:274,0
DA:275,0
DA:276,0
DA:277,0
DA:278,0
DA:280,0
DA:281,0
DA:284,0
DA:285,0
DA:287,0
DA:289,0
DA:296,1
DA:297,1
DA:298,1
DA:301,0
DA:302,0
DA:309,0
DA:310,0
DA:312,0
DA:313,0
DA:314,0
DA:316,0
DA:317,0
DA:318,0
DA:319,0
DA:324,0
DA:325,0
DA:326,0
DA:329,0
DA:330,0
DA:333,0
DA:343,1
DA:344,1
DA:347,0
DA:348,0
DA:349,0
DA:351,0
DA:358,1
DA:359,1
DA:361,1
DA:362,1
DA:365,0
DA:366,0
DA:367,0
DA:369,0
DA:371,0
DA:382,0
DA:383,0
DA:385,0
DA:386,0
DA:389,0
DA:390,0
DA:391,0
DA:394,0
DA:397,0
DA:398,0
DA:401,0
DA:402,0
DA:403,0
DA:404,0
DA:408,0
DA:410,0
DA:419,0
DA:421,0
DA:432,1
DA:433,1
DA:434,1
DA:437,0
DA:439,0
DA:453,1
DA:455,1
DA:457,1
DA:458,0
DA:461,1
DA:462,0
DA:463,0
DA:466,1
DA:467,0
DA:468,0
DA:471,1
DA:472,0
DA:475,1
DA:485,0
DA:486,0
DA:487,0
DA:489,0
DA:490,0
DA:491,0
DA:498,0
DA:499,0
DA:501,0
DA:502,0
DA:503,0
DA:506,0
DA:511,1
LF:190
LH:47
BRDA:11,0,0,6
BRDA:14,1,0,13
BRDA:14,1,1,7
BRDA:15,2,0,13
BRDA:15,2,1,11
BRDA:16,3,0,13
BRDA:16,3,1,12
BRDA:17,4,0,13
BRDA:17,4,1,13
BRDA:18,5,0,13
BRDA:18,5,1,13
BRDA:27,6,0,0
BRDA:27,6,1,13
BRDA:38,7,0,0
BRDA:39,8,0,0
BRDA:39,8,1,0
BRDA:42,9,0,0
BRDA:42,9,1,0
BRDA:43,10,0,0
BRDA:43,10,1,0
BRDA:53,11,0,0
BRDA:53,11,1,0
BRDA:80,12,0,0
BRDA:80,12,1,0
BRDA:81,13,0,0
BRDA:81,13,1,0
BRDA:86,14,0,0
BRDA:86,14,1,0
BRDA:90,15,0,0
BRDA:90,15,1,0
BRDA:96,16,0,0
BRDA:96,16,1,0
BRDA:97,17,0,0
BRDA:97,17,1,0
BRDA:114,18,0,0
BRDA:114,18,1,0
BRDA:114,19,0,0
BRDA:114,19,1,0
BRDA:127,20,0,0
BRDA:127,20,1,0
BRDA:152,21,0,0
BRDA:154,22,0,0
BRDA:154,22,1,0
BRDA:166,23,0,0
BRDA:166,23,1,0
BRDA:231,24,0,2
BRDA:232,25,0,0
BRDA:232,25,1,3
BRDA:257,26,0,0
BRDA:257,26,1,6
BRDA:257,27,0,6
BRDA:257,27,1,6
BRDA:265,28,0,1
BRDA:265,28,1,0
BRDA:273,29,0,0
BRDA:273,29,1,0
BRDA:276,30,0,0
BRDA:276,30,1,0
BRDA:297,31,0,1
BRDA:297,31,1,0
BRDA:308,32,0,0
BRDA:309,33,0,0
BRDA:309,33,1,0
BRDA:310,34,0,0
BRDA:310,34,1,0
BRDA:318,35,0,0
BRDA:318,35,1,0
BRDA:324,36,0,0
BRDA:324,36,1,0
BRDA:343,37,0,1
BRDA:343,37,1,0
BRDA:349,38,0,0
BRDA:349,38,1,0
BRDA:357,39,0,1
BRDA:361,40,0,1
BRDA:361,40,1,0
BRDA:385,41,0,0
BRDA:385,41,1,0
BRDA:401,42,0,0
BRDA:401,42,1,0
BRDA:402,43,0,0
BRDA:402,43,1,0
BRDA:403,44,0,0
BRDA:403,44,1,0
BRDA:404,45,0,0
BRDA:404,45,1,0
BRDA:404,46,0,0
BRDA:404,46,1,0
BRDA:433,47,0,1
BRDA:433,47,1,0
BRDA:452,48,0,1
BRDA:457,49,0,0
BRDA:457,49,1,1
BRDA:461,50,0,0
BRDA:461,50,1,1
BRDA:466,51,0,0
BRDA:466,51,1,1
BRDA:471,52,0,0
BRDA:471,52,1,1
BRDA:484,53,0,0
BRDA:494,54,0,0
BRDA:494,54,1,0
BRF:102
BRH:28
end_of_record
TN:
SF:skills/preview/visual-plans/index.js
FN:7,(anonymous_0)
FN:19,(anonymous_1)
FN:36,(anonymous_2)
FN:38,(anonymous_3)
FN:53,(anonymous_4)
FN:71,(anonymous_5)
FN:87,(anonymous_6)
FN:105,(anonymous_7)
FN:117,(anonymous_8)
FN:139,(anonymous_9)
FN:140,(anonymous_10)
FN:141,(anonymous_11)
FN:142,(anonymous_12)
FN:156,(anonymous_13)
FN:173,(anonymous_14)
FN:196,(anonymous_15)
FN:224,(anonymous_16)
FNF:17
FNH:17
FNDA:13,(anonymous_0)
FNDA:3,(anonymous_1)
FNDA:4,(anonymous_2)
FNDA:8,(anonymous_3)
FNDA:10,(anonymous_4)
FNDA:112,(anonymous_5)
FNDA:9,(anonymous_6)
FNDA:9,(anonymous_7)
FNDA:9,(anonymous_8)
FNDA:5,(anonymous_9)
FNDA:6,(anonymous_10)
FNDA:7,(anonymous_11)
FNDA:4,(anonymous_12)
FNDA:4,(anonymous_13)
FNDA:6,(anonymous_14)
FNDA:4,(anonymous_15)
FNDA:1,(anonymous_16)
DA:8,13
DA:9,13
DA:10,13
DA:11,13
DA:20,3
DA:21,3
DA:23,3
DA:37,4
DA:38,8
DA:40,4
DA:41,7
DA:42,7
DA:43,7
DA:47,4
DA:54,10
DA:56,10
DA:70,10
DA:71,112
DA:72,9
DA:81,1
DA:88,9
DA:94,9
DA:95,27
DA:96,27
DA:99,0
DA:106,9
DA:107,8
DA:108,8
DA:109,8
DA:110,6
DA:111,6
DA:118,9
DA:120,9
DA:121,8
DA:123,9
DA:124,0
DA:125,9
DA:126,0
DA:129,9
DA:130,9
DA:131,9
DA:133,9
DA:140,6
DA:141,7
DA:142,5
DA:144,5
DA:145,0
DA:147,5
DA:148,2
DA:150,3
DA:157,4
DA:159,4
DA:161,4
DA:162,6
DA:165,4
DA:167,4
DA:174,6
DA:175,6
DA:177,6
DA:179,1
DA:181,0
DA:183,3
DA:185,0
DA:187,1
DA:189,1
DA:197,4
DA:218,4
DA:225,1
DA:226,1
DA:227,1
DA:228,1
DA:230,1
DA:231,1
DA:232,1
DA:233,1
DA:236,1
DA:237,1
DA:241,1
LF:78
LH:72
BRDA:7,0,0,12
BRDA:10,1,0,13
BRDA:10,1,1,12
BRDA:11,2,0,13
BRDA:11,2,1,12
BRDA:42,3,0,7
BRDA:42,3,1,0
BRDA:71,4,0,9
BRDA:71,4,1,39
BRDA:96,5,0,9
BRDA:96,5,1,18
BRDA:106,6,0,1
BRDA:106,6,1,8
BRDA:107,7,0,0
BRDA:107,7,1,8
BRDA:108,8,0,0
BRDA:108,8,1,8
BRDA:109,9,0,2
BRDA:109,9,1,6
BRDA:110,10,0,0
BRDA:110,10,1,6
BRDA:120,11,0,1
BRDA:120,11,1,8
BRDA:121,12,0,0
BRDA:121,12,1,8
BRDA:123,13,0,0
BRDA:123,13,1,9
BRDA:123,14,0,9
BRDA:123,14,1,9
BRDA:125,15,0,0
BRDA:125,15,1,9
BRDA:129,16,0,0
BRDA:129,16,1,9
BRDA:130,17,0,0
BRDA:130,17,1,9
BRDA:131,18,0,0
BRDA:131,18,1,9
BRDA:144,19,0,0
BRDA:144,19,1,5
BRDA:144,20,0,5
BRDA:144,20,1,1
BRDA:147,21,0,2
BRDA:147,21,1,3
BRDA:147,22,0,5
BRDA:147,22,1,3
BRDA:177,23,0,1
BRDA:177,23,1,0
BRDA:177,23,2,3
BRDA:177,23,3,0
BRDA:177,23,4,1
BRDA:177,23,5,1
BRDA:179,24,0,1
BRDA:179,24,1,0
BRDA:218,25,0,4
BRDA:218,25,1,0
BRDA:231,26,0,1
BRDA:231,26,1,0
BRF:57
BRH:41
end_of_record
TN:
SF:skills/progress/dashboard/index.js
FN:4,(anonymous_0)
FN:10,(anonymous_1)
FN:16,(anonymous_2)
FN:19,(anonymous_3)
FN:28,(anonymous_4)
FN:34,(anonymous_5)
FN:47,(anonymous_6)
FN:61,(anonymous_7)
FN:104,(anonymous_8)
FN:116,(anonymous_9)
FN:121,(anonymous_10)
FN:126,(anonymous_11)
FNF:12
FNH:11
FNDA:10,(anonymous_0)
FNDA:9,(anonymous_1)
FNDA:36,(anonymous_2)
FNDA:10,(anonymous_3)
FNDA:36,(anonymous_4)
FNDA:10,(anonymous_5)
FNDA:9,(anonymous_6)
FNDA:9,(anonymous_7)
FNDA:1,(anonymous_8)
FNDA:4,(anonymous_9)
FNDA:1,(anonymous_10)
FNDA:0,(anonymous_11)
DA:5,10
DA:6,10
DA:7,10
DA:11,9
DA:12,9
DA:13,9
DA:15,9
DA:16,9
DA:17,36
DA:19,9
DA:20,10
DA:21,10
DA:24,9
DA:25,9
DA:26,9
DA:28,36
DA:34,10
DA:36,9
DA:48,9
DA:49,7
DA:50,7
DA:51,7
DA:52,7
DA:62,9
DA:63,9
DA:64,1
DA:69,9
DA:70,4
DA:74,5
DA:75,1
DA:79,4
DA:80,1
DA:84,3
DA:85,0
DA:90,3
DA:95,9
DA:96,2
DA:101,9
DA:105,1
DA:106,1
DA:107,1
DA:108,1
DA:117,4
DA:121,1
DA:123,1
DA:127,0
DA:136,1
DA:137,0
DA:138,0
DA:147,0
DA:148,0
DA:151,1
LF:52
LH:46
BRDA:4,0,0,10
BRDA:10,1,0,0
BRDA:11,2,0,9
BRDA:11,2,1,1
BRDA:12,3,0,9
BRDA:12,3,1,9
BRDA:13,4,0,9
BRDA:13,4,1,7
BRDA:20,5,0,10
BRDA:20,5,1,0
BRDA:21,6,0,10
BRDA:21,6,1,10
BRDA:25,7,0,9
BRDA:25,7,1,4
BRDA:26,8,0,7
BRDA:26,8,1,2
BRDA:30,9,0,36
BRDA:30,9,1,26
BRDA:31,10,0,28
BRDA:31,10,1,8
BRDA:31,11,0,28
BRDA:31,11,1,18
BRDA:34,12,0,10
BRDA:34,12,1,1
BRDA:48,13,0,2
BRDA:48,13,1,7
BRDA:50,14,0,5
BRDA:50,14,1,2
BRDA:51,15,0,7
BRDA:51,15,1,0
BRDA:56,16,0,7
BRDA:56,16,1,0
BRDA:56,17,0,6
BRDA:56,17,1,1
BRDA:63,18,0,1
BRDA:63,18,1,8
BRDA:69,19,0,4
BRDA:69,19,1,5
BRDA:74,20,0,1
BRDA:74,20,1,4
BRDA:79,21,0,1
BRDA:79,21,1,3
BRDA:84,22,0,0
BRDA:84,22,1,3
BRDA:95,23,0,2
BRDA:95,23,1,7
BRDA:95,24,0,9
BRDA:95,24,1,7
BRDA:112,25,0,0
BRDA:112,25,1,1
BRDA:117,26,0,1
BRDA:117,26,1,3
BRDA:136,27,0,0
BRDA:136,27,1,1
BRF:54
BRH:47
end_of_record
TN:
SF:skills/progress/done-checklist/index.js
FN:4,(anonymous_0)
FN:11,(anonymous_1)
FN:194,(anonymous_2)
FN:195,(anonymous_3)
FN:202,(anonymous_4)
FN:203,(anonymous_5)
FN:207,(anonymous_6)
FN:220,(anonymous_7)
FN:224,(anonymous_8)
FN:224,(anonymous_9)
FN:226,(anonymous_10)
FN:227,(anonymous_11)
FN:228,(anonymous_12)
FN:235,(anonymous_13)
FN:251,(anonymous_14)
FNF:15
FNH:14
FNDA:9,(anonymous_0)
FNDA:7,(anonymous_1)
FNDA:3,(anonymous_2)
FNDA:26,(anonymous_3)
FNDA:26,(anonymous_4)
FNDA:26,(anonymous_5)
FNDA:26,(anonymous_6)
FNDA:26,(anonymous_7)
FNDA:26,(anonymous_8)
FNDA:13,(anonymous_9)
FNDA:142,(anonymous_10)
FNDA:142,(anonymous_11)
FNDA:142,(anonymous_12)
FNDA:1,(anonymous_13)
FNDA:0,(anonymous_14)
DA:5,9
DA:6,9
DA:7,9
DA:12,7
DA:191,7
DA:195,26
DA:202,26
DA:203,26
DA:205,3
DA:206,3
DA:207,26
DA:210,3
DA:211,2
DA:212,2
DA:214,3
DA:220,26
DA:224,26
DA:226,142
DA:227,142
DA:228,142
DA:236,1
DA:246,1
DA:247,0
DA:248,0
DA:249,0
DA:250,0
DA:251,0
DA:252,0
DA:253,0
DA:255,0
DA:258,1
LF:31
LH:23
BRDA:4,0,0,9
BRDA:11,1,0,0
BRDA:191,2,0,7
BRDA:191,2,1,1
BRDA:194,3,0,0
BRDA:202,4,0,26
BRDA:202,4,1,7
BRDA:203,5,0,26
BRDA:203,5,1,1
BRDA:210,6,0,1
BRDA:210,6,1,2
BRDA:211,7,0,0
BRDA:211,7,1,2
BRDA:226,8,0,142
BRDA:226,8,1,26
BRDA:227,9,0,142
BRDA:227,9,1,26
BRDA:246,10,0,0
BRDA:246,10,1,1
BRDA:248,11,0,0
BRDA:248,11,1,0
BRDA:252,12,0,0
BRDA:252,12,1,0
BRDA:252,13,0,0
BRDA:252,13,1,0
BRF:25
BRH:15
end_of_record
TN:
SF:skills/progress/error-translator/index.js
FN:4,(anonymous_0)
FN:11,(anonymous_1)
FN:172,(anonymous_2)
FN:173,(anonymous_3)
FN:176,(anonymous_4)
FNF:5
FNH:5
FNDA:14,(anonymous_0)
FNDA:13,(anonymous_1)
FNDA:1,(anonymous_2)
FNDA:2,(anonymous_3)
FNDA:1,(anonymous_4)
DA:5,14
DA:6,14
DA:7,14
DA:12,13
DA:14,11
DA:155,11
DA:156,83
DA:157,10
DA:165,1
DA:173,2
DA:177,1
DA:187,1
DA:188,0
DA:189,0
DA:190,0
DA:193,1
LF:16
LH:13
BRDA:4,0,0,14
BRDA:12,1,0,2
BRDA:12,1,1,11
BRDA:156,2,0,10
BRDA:156,2,1,73
BRDA:172,3,0,0
BRDA:187,4,0,0
BRDA:187,4,1,1
BRDA:189,5,0,0
BRDA:189,5,1,0
BRF:10
BRH:6
end_of_record
TN:
SF:skills/progress/tracker/index.js
FN:11,(anonymous_0)
FN:22,(anonymous_1)
FN:30,(anonymous_2)
FN:34,(anonymous_3)
FN:35,(anonymous_4)
FN:38,(anonymous_5)
FN:44,(anonymous_6)
FN:56,(anonymous_7)
FN:84,(anonymous_8)
FN:98,(anonymous_9)
FN:115,(anonymous_10)
FN:124,(anonymous_11)
FN:126,(anonymous_12)
FN:136,(anonymous_13)
FN:146,(anonymous_14)
FN:148,(anonymous_15)
FN:149,(anonymous_16)
FN:150,(anonymous_17)
FN:151,(anonymous_18)
FN:155,(anonymous_19)
FN:161,(anonymous_20)
FN:162,(anonymous_21)
FN:170,(anonymous_22)
FN:174,(anonymous_23)
FN:177,(anonymous_24)
FN:189,(anonymous_25)
FN:193,(anonymous_26)
FN:198,(anonymous_27)
FN:200,(anonymous_28)
FN:201,(anonymous_29)
FN:202,(anonymous_30)
FN:205,(anonymous_31)
FN:223,(anonymous_32)
FN:225,(anonymous_33)
FN:228,(anonymous_34)
FN:235,(anonymous_35)
FN:241,(anonymous_36)
FN:243,(anonymous_37)
FN:245,(anonymous_38)
FN:246,(anonymous_39)
FN:247,(anonymous_40)
FN:249,(anonymous_41)
FN:256,(anonymous_42)
FN:260,(anonymous_43)
FN:271,(anonymous_44)
FN:273,(anonymous_45)
FN:279,(anonymous_46)
FN:291,(anonymous_47)
FN:294,(anonymous_48)
FN:295,(anonymous_49)
FN:301,(anonymous_50)
FN:305,(anonymous_51)
FNF:52
FNH:47
FNDA:16,(anonymous_0)
FNDA:19,(anonymous_1)
FNDA:24,(anonymous_2)
FNDA:6,(anonymous_3)
FNDA:4,(anonymous_4)
FNDA:4,(anonymous_5)
FNDA:19,(anonymous_6)
FNDA:18,(anonymous_7)
FNDA:1,(anonymous_8)
FNDA:1,(anonymous_9)
FNDA:1,(anonymous_10)
FNDA:1,(anonymous_11)
FNDA:1,(anonymous_12)
FNDA:2,(anonymous_13)
FNDA:3,(anonymous_14)
FNDA:2,(anonymous_15)
FNDA:0,(anonymous_16)
FNDA:0,(anonymous_17)
FNDA:2,(anonymous_18)
FNDA:0,(anonymous_19)
FNDA:1,(anonymous_20)
FNDA:1,(anonymous_21)
FNDA:1,(anonymous_22)
FNDA:4,(anonymous_23)
FNDA:1,(anonymous_24)
FNDA:1,(anonymous_25)
FNDA:1,(anonymous_26)
FNDA:4,(anonymous_27)
FNDA:2,(anonymous_28)
FNDA:2,(anonymous_29)
FNDA:2,(anonymous_30)
FNDA:2,(anonymous_31)
FNDA:1,(anonymous_32)
FNDA:4,(anonymous_33)
FNDA:1,(anonymous_34)
FNDA:4,(anonymous_35)
FNDA:4,(anonymous_36)
FNDA:4,(anonymous_37)
FNDA:4,(anonymous_38)
FNDA:4,(anonymous_39)
FNDA:4,(anonymous_40)
FNDA:5,(anonymous_41)
FNDA:4,(anonymous_42)
FNDA:4,(anonymous_43)
FNDA:0,(anonymous_44)
FNDA:1,(anonymous_45)
FNDA:1,(anonymous_46)
FNDA:1,(anonymous_47)
FNDA:4,(anonymous_48)
FNDA:4,(anonymous_49)
FNDA:1,(anonymous_50)
FNDA:0,(anonymous_51)
DA:8,1
DA:12,16
DA:13,16
DA:15,16
DA:16,16
DA:17,16
DA:23,19
DA:24,0
DA:31,24
DA:35,6
DA:39,4
DA:40,4
DA:41,4
DA:45,19
DA:57,18
DA:58,18
DA:59,18
DA:60,0
DA:62,18
DA:63,18
DA:64,18
DA:77,18
DA:78,18
DA:85,1
DA:86,1
DA:87,1
DA:88,1
DA:89,1
DA:90,0
DA:92,1
DA:99,1
DA:100,0
DA:102,1
DA:103,1
DA:104,1
DA:105,1
DA:106,1
DA:107,1
DA:108,1
DA:110,1
DA:116,1
DA:117,1
DA:118,1
DA:119,1
DA:120,1
DA:121,1
DA:125,1
DA:126,1
DA:127,1
DA:128,1
DA:129,1
DA:130,1
DA:131,1
DA:137,2
DA:138,2
DA:139,0
DA:147,3
DA:148,3
DA:149,3
DA:150,3
DA:151,3
DA:152,3
DA:153,0
DA:154,0
DA:155,0
DA:158,3
DA:162,1
DA:163,1
DA:164,1
DA:165,1
DA:171,1
DA:172,1
DA:173,1
DA:174,1
DA:175,4
DA:177,1
DA:178,1
DA:180,1
DA:181,1
DA:182,1
DA:183,1
DA:189,1
DA:194,1
DA:195,1
DA:196,1
DA:197,1
DA:198,4
DA:200,2
DA:201,2
DA:202,2
DA:204,1
DA:205,1
DA:206,2
DA:209,1
DA:224,1
DA:225,1
DA:226,4
DA:228,1
DA:229,1
DA:232,1
DA:235,1
DA:236,4
DA:237,4
DA:241,4
DA:243,4
DA:245,4
DA:246,4
DA:247,4
DA:249,1
DA:250,5
DA:251,5
DA:252,5
DA:256,4
DA:258,1
DA:259,1
DA:260,1
DA:261,4
DA:262,4
DA:263,1
DA:264,1
DA:266,1
DA:269,1
DA:270,1
DA:271,0
DA:273,1
DA:275,1
DA:276,1
DA:280,1
DA:292,1
DA:293,1
DA:294,1
DA:295,4
DA:296,4
DA:297,4
DA:298,4
DA:299,3
DA:301,1
DA:302,1
DA:303,1
DA:304,1
DA:305,1
DA:306,0
DA:310,4
DA:312,1
DA:316,1
LF:145
LH:135
BRDA:11,0,0,16
BRDA:15,1,0,16
BRDA:15,1,1,16
BRDA:16,2,0,16
BRDA:16,2,1,16
BRDA:23,3,0,19
BRDA:23,3,1,0
BRDA:35,4,0,6
BRDA:35,4,1,2
BRDA:40,5,0,0
BRDA:40,5,1,4
BRDA:56,6,0,14
BRDA:58,7,0,18
BRDA:58,7,1,16
BRDA:59,8,0,0
BRDA:59,8,1,18
BRDA:63,9,0,0
BRDA:63,9,1,18
BRDA:67,10,0,18
BRDA:67,10,1,18
BRDA:74,11,0,2
BRDA:74,11,1,16
BRDA:89,12,0,0
BRDA:89,12,1,1
BRDA:89,13,0,1
BRDA:89,13,1,1
BRDA:90,14,0,0
BRDA:90,14,1,0
BRDA:99,15,0,0
BRDA:99,15,1,1
BRDA:107,16,0,1
BRDA:107,16,1,0
BRDA:108,17,0,1
BRDA:108,17,1,1
BRDA:127,18,0,0
BRDA:127,18,1,1
BRDA:138,19,0,2
BRDA:138,19,1,0
BRDA:146,20,0,1
BRDA:148,21,0,1
BRDA:148,21,1,2
BRDA:149,22,0,0
BRDA:149,22,1,3
BRDA:150,23,0,0
BRDA:150,23,1,3
BRDA:151,24,0,1
BRDA:151,24,1,2
BRDA:152,25,0,0
BRDA:152,25,1,3
BRDA:155,26,0,0
BRDA:155,26,1,0
BRDA:163,27,0,0
BRDA:163,27,1,1
BRDA:178,28,0,1
BRDA:178,28,1,0
BRDA:181,29,0,1
BRDA:181,29,1,1
BRDA:182,30,0,1
BRDA:182,30,1,0
BRDA:198,31,0,4
BRDA:198,31,1,3
BRDA:206,32,0,2
BRDA:206,32,1,0
BRDA:229,33,0,1
BRDA:229,33,1,0
BRDA:251,34,0,0
BRDA:251,34,1,5
BRDA:262,35,0,3
BRDA:262,35,1,1
BRDA:263,36,0,0
[...]
FNDA:4,(anonymous_2)
FNDA:5,(anonymous_3)
FNDA:10,(anonymous_4)
FNDA:2,(anonymous_5)
FNDA:1,(anonymous_6)
FNDA:10,(anonymous_7)
FNDA:0,(anonymous_8)
FNDA:0,(anonymous_9)
FNDA:0,(anonymous_10)
DA:5,11
DA:6,11
DA:7,11
DA:11,2
DA:26,4
DA:27,4
DA:28,4
DA:29,5
DA:33,10
DA:387,2
DA:388,2
DA:389,2
DA:390,2
DA:391,20
DA:392,52
DA:393,4
DA:397,2
DA:401,1
DA:406,10
DA:411,1
DA:412,0
DA:413,0
DA:415,0
DA:416,0
DA:417,0
DA:418,0
DA:419,0
DA:420,0
DA:422,0
DA:423,0
DA:424,0
DA:425,0
DA:426,0
DA:427,0
DA:429,0
DA:431,0
DA:432,0
DA:433,0
DA:434,0
DA:435,0
DA:437,0
DA:440,0
DA:444,1
LF:43
LH:21
BRDA:4,0,0,11
BRDA:28,1,0,1
BRDA:28,1,1,3
BRDA:29,2,0,3
BRDA:29,2,1,1
BRDA:386,3,0,0
BRDA:392,4,0,4
BRDA:392,4,1,48
BRDA:392,5,0,52
BRDA:392,5,1,50
BRDA:411,6,0,0
BRDA:411,6,1,1
BRDA:415,7,0,0
BRDA:415,7,1,0
BRDA:422,8,0,0
BRDA:422,8,1,0
BRDA:422,9,0,0
BRDA:422,9,1,0
BRDA:425,10,0,0
BRDA:425,10,1,0
BRDA:431,11,0,0
BRDA:431,11,1,0
BRDA:431,12,0,0
BRDA:431,12,1,0
BRDA:433,13,0,0
BRDA:433,13,1,0
BRF:26
BRH:10
end_of_record
TN:
SF:skills/setup/quick-start/index.js
FN:177,log
FN:181,logStep
FN:185,generateEnvFile
FN:193,(anonymous_3)
FN:205,generateReadme
FN:254,createFromFiles
FN:270,scaffold
FN:276,(anonymous_7)
FN:407,parseArgs
FN:448,showHelp
FN:468,(anonymous_10)
FN:477,(anonymous_11)
FN:478,(anonymous_12)
FNF:13
FNH:3
FNDA:25,log
FNDA:0,logStep
FNDA:0,generateEnvFile
FNDA:0,(anonymous_3)
FNDA:0,generateReadme
FNDA:0,createFromFiles
FNDA:2,scaffold
FNDA:11,(anonymous_7)
FNDA:0,parseArgs
FNDA:0,showHelp
FNDA:0,(anonymous_10)
FNDA:0,(anonymous_11)
FNDA:0,(anonymous_12)
DA:10,1
DA:11,1
DA:12,1
DA:15,1
DA:167,1
DA:178,25
DA:182,0
DA:186,0
DA:188,0
DA:189,0
DA:192,0
DA:195,0
DA:198,0
DA:202,0
DA:206,0
DA:255,0
DA:257,0
DA:258,0
DA:259,0
DA:261,0
DA:262,0
DA:265,0
DA:266,0
DA:271,2
DA:274,2
DA:275,1
DA:276,1
DA:277,11
DA:278,11
DA:280,1
DA:284,1
DA:285,1
DA:286,1
DA:287,1
DA:290,1
DA:291,1
DA:294,0
DA:295,0
DA:296,0
DA:297,0
DA:301,0
DA:302,0
DA:303,0
DA:306,0
DA:307,0
DA:308,0
DA:311,0
DA:313,0
DA:314,0
DA:315,0
DA:316,0
DA:317,0
DA:318,0
DA:319,0
DA:326,0
DA:329,0
DA:331,0
DA:332,0
DA:333,0
DA:350,0
DA:353,0
DA:354,0
DA:357,0
DA:362,0
DA:365,0
DA:366,0
DA:371,0
DA:375,0
DA:376,0
DA:377,0
DA:378,0
DA:379,0
DA:381,0
DA:383,0
DA:384,0
DA:385,0
DA:391,0
DA:393,0
DA:394,0
DA:399,0
DA:400,0
DA:401,0
DA:402,0
DA:403,0
DA:404,0
DA:408,0
DA:416,0
DA:417,0
DA:419,0
DA:420,0
DA:422,0
DA:423,0
DA:424,0
DA:425,0
DA:426,0
DA:427,0
DA:428,0
DA:429,0
DA:430,0
DA:431,0
DA:432,0
DA:433,0
DA:434,0
DA:435,0
DA:436,0
DA:437,0
DA:438,0
DA:439,0
DA:441,0
DA:445,0
DA:449,0
DA:468,0
DA:474,1
DA:475,0
DA:476,0
DA:477,0
DA:479,0
DA:480,0
DA:483,1
LF:119
LH:21
BRDA:177,0,0,23
BRDA:188,1,0,0
BRDA:188,1,1,0
BRDA:195,2,0,0
BRDA:195,2,1,0
BRDA:195,3,0,0
BRDA:195,3,1,0
BRDA:195,3,2,0
BRDA:261,4,0,0
BRDA:261,4,1,0
BRDA:274,5,0,1
BRDA:274,5,1,1
BRDA:284,6,0,1
BRDA:284,6,1,0
BRDA:284,7,0,1
BRDA:284,7,1,1
BRDA:294,8,0,0
BRDA:294,8,1,0
BRDA:313,9,0,0
BRDA:313,9,1,0
BRDA:315,10,0,0
BRDA:315,10,1,0
BRDA:365,11,0,0
BRDA:365,11,1,0
BRDA:375,12,0,0
BRDA:375,12,1,0
BRDA:375,13,0,0
BRDA:375,13,1,0
BRDA:383,14,0,0
BRDA:383,14,1,0
BRDA:383,15,0,0
BRDA:383,15,1,0
BRDA:409,16,0,0
BRDA:409,16,1,0
BRDA:422,17,0,0
BRDA:422,17,1,0
BRDA:422,18,0,0
BRDA:422,18,1,0
BRDA:425,19,0,0
BRDA:425,19,1,0
BRDA:425,20,0,0
BRDA:425,20,1,0
BRDA:428,21,0,0
BRDA:428,21,1,0
BRDA:428,22,0,0
BRDA:428,22,1,0
BRDA:431,23,0,0
BRDA:431,23,1,0
BRDA:431,24,0,0
BRDA:431,24,1,0
BRDA:434,25,0,0
BRDA:434,25,1,0
BRDA:434,26,0,0
BRDA:434,26,1,0
BRDA:437,27,0,0
BRDA:437,27,1,0
BRDA:437,28,0,0
BRDA:437,28,1,0
BRDA:437,28,2,0
BRDA:474,29,0,0
BRDA:474,29,1,1
BRF:61
BRH:7
end_of_record
TN:
SF:skills/workflow/architect/index.js
FN:4,(anonymous_0)
FN:11,(anonymous_1)
FN:64,(anonymous_2)
FN:75,(anonymous_3)
FN:102,(anonymous_4)
FN:157,(anonymous_5)
FN:161,(anonymous_6)
FN:173,(anonymous_7)
FN:186,(anonymous_8)
FN:210,(anonymous_9)
FN:225,(anonymous_10)
FN:225,(anonymous_11)
FN:227,(anonymous_12)
FN:237,(anonymous_13)
FN:251,(anonymous_14)
FN:262,(anonymous_15)
FNF:16
FNH:15
FNDA:16,(anonymous_0)
FNDA:14,(anonymous_1)
FNDA:3,(anonymous_2)
FNDA:2,(anonymous_3)
FNDA:2,(anonymous_4)
FNDA:12,(anonymous_5)
FNDA:40,(anonymous_6)
FNDA:11,(anonymous_7)
FNDA:12,(anonymous_8)
FNDA:33,(anonymous_9)
FNDA:33,(anonymous_10)
FNDA:79,(anonymous_11)
FNDA:3,(anonymous_12)
FNDA:12,(anonymous_13)
FNDA:4,(anonymous_14)
FNDA:0,(anonymous_15)
DA:5,16
DA:6,16
DA:7,16
DA:12,14
DA:13,2
DA:16,12
DA:17,12
DA:18,12
DA:20,12
DA:21,12
DA:23,12
DA:24,33
DA:25,33
DA:33,33
DA:41,33
DA:49,33
DA:59,12
DA:61,12
DA:65,3
DA:66,3
DA:67,11
DA:68,10
DA:69,7
DA:71,3
DA:72,3
DA:76,2
DA:77,2
DA:79,2
DA:80,6
DA:83,2
DA:84,2
DA:85,6
DA:86,2
DA:87,2
DA:88,2
DA:89,4
DA:90,4
DA:91,4
DA:92,4
DA:93,4
DA:96,2
DA:99,2
DA:103,2
DA:104,2
DA:105,2
DA:107,2
DA:108,2
DA:109,2
DA:110,2
DA:111,2
DA:112,2
DA:113,2
DA:115,2
DA:116,2
DA:118,2
DA:119,2
DA:120,2
DA:121,2
DA:122,2
DA:124,2
DA:126,2
DA:127,2
DA:128,2
DA:129,2
DA:130,8
DA:132,2
DA:134,2
DA:135,2
DA:137,2
DA:138,2
DA:139,2
DA:140,2
DA:141,2
DA:143,2
DA:144,0
DA:145,0
DA:146,0
DA:148,0
DA:151,2
DA:152,2
DA:154,2
DA:158,12
DA:159,12
DA:161,12
DA:162,40
DA:163,1
DA:164,1
DA:165,1
DA:167,39
DA:168,33
DA:169,33
DA:171,33
DA:172,33
DA:173,11
DA:174,7
DA:175,7
DA:178,33
DA:181,12
DA:182,33
DA:187,12
DA:188,12
DA:189,12
DA:191,12
DA:192,33
DA:193,33
DA:194,33
DA:195,33
DA:198,12
DA:199,33
DA:200,33
DA:201,33
DA:202,7
DA:203,7
DA:204,7
DA:209,12
DA:210,33
DA:212,12
DA:213,30
DA:214,30
DA:215,30
DA:216,30
DA:217,4
DA:218,4
DA:219,4
DA:220,4
DA:225,79
DA:226,12
DA:227,3
DA:228,0
DA:234,12
DA:238,12
DA:240,12
DA:241,12
DA:242,12
DA:244,12
DA:245,31
DA:248,12
DA:252,4
DA:253,4
DA:254,16
DA:256,4
DA:257,16
DA:259,4
DA:263,0
DA:267,1
LF:145
LH:139
BRDA:12,0,0,2
BRDA:12,0,1,12
BRDA:12,1,0,14
BRDA:12,1,1,14
BRDA:12,1,2,14
BRDA:24,2,0,33
BRDA:24,2,1,0
BRDA:67,3,0,1
BRDA:67,3,1,10
BRDA:68,4,0,3
BRDA:68,4,1,7
BRDA:85,5,0,4
BRDA:85,5,1,2
BRDA:89,6,0,0
BRDA:89,6,1,4
BRDA:91,7,0,4
BRDA:91,7,1,0
BRDA:143,8,0,0
BRDA:143,8,1,2
BRDA:162,9,0,1
BRDA:162,9,1,39
BRDA:167,10,0,6
BRDA:167,10,1,33
BRDA:171,11,0,33
BRDA:171,11,1,0
BRDA:174,12,0,7
BRDA:174,12,1,0
BRDA:192,13,0,33
BRDA:192,13,1,0
BRDA:200,14,0,33
BRDA:200,14,1,0
BRDA:202,15,0,7
BRDA:202,15,1,0
BRDA:204,16,0,7
BRDA:204,16,1,7
BRDA:210,17,0,33
BRDA:210,17,1,26
BRDA:215,18,0,30
BRDA:215,18,1,0
BRDA:218,19,0,4
BRDA:218,19,1,0
BRDA:220,20,0,4
BRDA:220,20,1,0
BRDA:227,21,0,0
BRDA:227,21,1,3
BRDA:238,22,0,0
BRDA:238,22,1,12
BRDA:254,23,0,16
BRDA:254,23,1,0
BRDA:257,24,0,0
BRDA:257,24,1,16
BRF:51
BRH:35
end_of_record
TN:
SF:skills/workflow/caveman-mode/index.js
FN:53,(anonymous_0)
FN:62,(anonymous_1)
FN:73,(anonymous_2)
FN:74,(anonymous_3)
FN:81,(anonymous_4)
FN:110,(anonymous_5)
FN:124,(anonymous_6)
FN:132,(anonymous_7)
FN:153,(anonymous_8)
FN:169,(anonymous_9)
FN:177,(anonymous_10)
FN:183,(anonymous_11)
FN:193,(anonymous_12)
FNF:13
FNH:12
FNDA:9,(anonymous_0)
FNDA:4,(anonymous_1)
FNDA:2,(anonymous_2)
FNDA:8,(anonymous_3)
FNDA:3,(anonymous_4)
FNDA:1,(anonymous_5)
FNDA:1,(anonymous_6)
FNDA:2,(anonymous_7)
FNDA:3,(anonymous_8)
FNDA:5,(anonymous_9)
FNDA:2,(anonymous_10)
FNDA:1,(anonymous_11)
FNDA:0,(anonymous_12)
DA:1,1
DA:2,1
DA:4,1
DA:33,1
DA:48,1
DA:50,1
DA:54,9
DA:55,9
DA:56,9
DA:58,9
DA:63,4
DA:64,4
DA:65,1
DA:70,3
DA:74,8
DA:82,3
DA:83,3
DA:85,3
DA:86,1
DA:89,2
DA:90,24
DA:91,2
DA:92,2
DA:94,2
DA:100,2
DA:111,1
DA:112,0
DA:114,1
DA:115,1
DA:116,1
DA:125,1
DA:126,0
DA:128,1
DA:129,1
DA:133,2
DA:134,0
DA:139,2
DA:140,2
DA:146,2
DA:147,2
DA:148,2
DA:149,2
DA:150,2
DA:154,3
DA:155,3
DA:156,3
DA:170,5
DA:171,5
DA:173,1
DA:178,2
DA:179,2
DA:180,2
DA:184,1
DA:185,1
DA:186,1
DA:187,1
DA:188,4
DA:190,1
DA:194,0
DA:203,1
LF:60
LH:56
BRDA:53,0,0,0
BRDA:59,1,0,9
BRDA:59,1,1,0
BRDA:64,2,0,1
BRDA:64,2,1,3
BRDA:81,3,0,0
BRDA:83,4,0,0
BRDA:83,4,1,3
BRDA:85,5,0,1
BRDA:85,5,1,2
BRDA:91,6,0,1
BRDA:91,6,1,1
BRDA:106,7,0,0
BRDA:106,7,1,2
BRDA:111,8,0,0
BRDA:111,8,1,1
BRDA:111,9,0,1
BRDA:111,9,1,1
BRDA:114,10,0,1
BRDA:114,10,1,0
BRDA:115,11,0,0
BRDA:115,11,1,1
BRDA:119,12,0,0
BRDA:119,12,1,1
BRDA:120,13,0,0
BRDA:120,13,1,1
BRDA:124,14,0,0
BRDA:125,15,0,0
BRDA:125,15,1,1
BRDA:125,16,0,1
BRDA:125,16,1,1
BRDA:125,16,2,1
BRDA:128,17,0,1
BRDA:128,17,1,0
BRDA:132,18,0,0
BRDA:133,19,0,0
BRDA:133,19,1,2
BRDA:133,20,0,2
BRDA:133,20,1,2
BRDA:162,21,0,0
BRDA:162,21,1,3
BRDA:188,22,0,1
BRDA:188,22,1,3
BRF:43
BRH:27
end_of_record
TN:
SF:skills/workflow/checkpoints/index.js
FN:4,(anonymous_0)
FN:11,(anonymous_1)
FN:15,(anonymous_2)
FN:23,(anonymous_3)
FN:24,(anonymous_4)
FN:31,(anonymous_5)
FN:33,(anonymous_6)
FN:34,(anonymous_7)
FN:35,(anonymous_8)
FN:35,(anonymous_9)
FN:49,(anonymous_10)
FNF:11
FNH:10
FNDA:4,(anonymous_0)
FNDA:4,(anonymous_1)
FNDA:5,(anonymous_2)
FNDA:1,(anonymous_3)
FNDA:1,(anonymous_4)
FNDA:1,(anonymous_5)
FNDA:2,(anonymous_6)
FNDA:2,(anonymous_7)
FNDA:2,(anonymous_8)
FNDA:2,(anonymous_9)
FNDA:0,(anonymous_10)
DA:5,4
DA:6,4
DA:7,4
DA:8,4
DA:12,4
DA:15,5
DA:19,4
DA:20,4
DA:24,1
DA:25,1
DA:26,1
DA:27,1
DA:28,1
DA:32,1
DA:33,2
DA:34,2
DA:35,2
DA:37,1
DA:50,0
DA:54,1
LF:20
LH:19
BRDA:11,0,0,1
BRDA:25,1,0,0
BRDA:25,1,1,1
BRDA:38,2,0,1
BRDA:38,2,1,0
BRDA:42,3,0,1
BRDA:42,3,1,0
BRF:7
BRH:4
end_of_record
TN:
SF:skills/workflow/git-ops/index.js
FN:6,(anonymous_0)
FN:12,(anonymous_1)
FN:37,(anonymous_2)
FN:148,(anonymous_3)
FN:171,(anonymous_4)
FNF:5
FNH:4
FNDA:6,(anonymous_0)
FNDA:1,(anonymous_1)
FNDA:4,(anonymous_2)
FNDA:1,(anonymous_3)
FNDA:0,(anonymous_4)
DA:3,1
DA:7,6
DA:8,6
DA:9,6
DA:13,1
DA:14,1
DA:15,1
DA:16,1
DA:20,1
DA:28,0
DA:38,4
DA:39,4
DA:40,4
DA:41,4
DA:42,4
DA:43,4
DA:45,4
DA:145,4
DA:149,1
DA:168,1
DA:172,0
DA:176,1
LF:22
LH:20
BRDA:12,0,0,0
BRDA:14,1,0,0
BRDA:14,1,1,1
BRDA:18,2,0,1
BRDA:18,2,1,0
BRDA:32,3,0,0
BRDA:32,3,1,0
BRDA:37,4,0,1
BRDA:38,5,0,4
BRDA:38,5,1,4
BRDA:39,6,0,4
BRDA:39,6,1,3
BRDA:40,7,0,4
BRDA:40,7,1,4
BRDA:41,8,0,4
BRDA:41,8,1,3
BRDA:42,9,0,4
BRDA:42,9,1,4
BRDA:43,10,0,4
BRDA:43,10,1,4
BRDA:100,11,0,1
BRDA:100,11,1,3
BRDA:125,12,0,0
BRDA:125,12,1,4
BRDA:145,13,0,4
BRDA:145,13,1,0
BRDA:168,14,0,1
BRDA:168,14,1,0
BRF:28
BRH:20
end_of_record
TN:
SF:skills/workflow/planning-agent/index.js
FN:4,(anonymous_0)
FN:10,(anonymous_1)
FN:30,(anonymous_2)
FN:40,(anonymous_3)
FN:86,(anonymous_4)
FN:88,(anonymous_5)
FN:92,(anonymous_6)
FN:99,(anonymous_7)
FN:101,(anonymous_8)
FN:105,(anonymous_9)
FNF:10
FNH:9
FNDA:7,(anonymous_0)
FNDA:6,(anonymous_1)
FNDA:6,(anonymous_2)
FNDA:6,(anonymous_3)
FNDA:6,(anonymous_4)
FNDA:99,(anonymous_5)
FNDA:42,(anonymous_6)
FNDA:6,(anonymous_7)
FNDA:99,(anonymous_8)
FNDA:0,(anonymous_9)
DA:5,7
DA:6,7
DA:7,7
DA:11,6
DA:13,6
DA:14,6
DA:15,6
DA:16,6
DA:18,6
DA:31,6
DA:32,4
DA:33,3
DA:34,2
DA:35,1
DA:36,0
DA:37,0
DA:41,6
DA:60,6
DA:61,1
DA:63,6
DA:64,1
DA:71,6
DA:72,0
DA:79,6
DA:80,1
DA:83,6
DA:87,6
DA:88,6
DA:89,99
DA:90,99
DA:92,42
DA:100,6
DA:101,99
DA:102,6
DA:106,0
DA:110,1
LF:36
LH:32
BRDA:11,0,0,0
BRDA:11,0,1,6
BRDA:31,1,0,2
BRDA:31,1,1,4
BRDA:32,2,0,1
BRDA:32,2,1,3
BRDA:33,3,0,1
BRDA:33,3,1,2
BRDA:34,4,0,1
BRDA:34,4,1,1
BRDA:35,5,0,1
BRDA:35,5,1,0
BRDA:36,6,0,0
BRDA:36,6,1,0
BRDA:60,7,0,1
BRDA:60,7,1,5
BRDA:63,8,0,1
BRDA:63,8,1,5
BRDA:71,9,0,0
BRDA:71,9,1,6
BRDA:79,10,0,1
BRDA:79,10,1,5
BRDA:89,11,0,42
BRDA:89,11,1,57
BRDA:101,12,0,99
BRDA:101,12,1,0
BRDA:102,13,0,6
BRDA:102,13,1,0
BRF:28
BRH:21
end_of_record
TN:
SF:skills/workflow/rollback/index.js
FN:4,(anonymous_0)
FN:10,(anonymous_1)
FN:53,(anonymous_2)
FN:91,(anonymous_3)
FNF:4
FNH:3
FNDA:5,(anonymous_0)
FNDA:4,(anonymous_1)
FNDA:2,(anonymous_2)
FNDA:0,(anonymous_3)
DA:5,5
DA:6,5
DA:7,5
DA:11,4
DA:50,4
DA:54,2
DA:55,2
DA:56,1
DA:62,1
DA:63,1
DA:69,0
DA:70,0
DA:76,0
DA:77,0
DA:84,0
DA:92,0
DA:96,1
LF:17
LH:11
BRDA:13,0,0,4
BRDA:13,0,1,2
BRDA:29,1,0,4
BRDA:29,1,1,2
BRDA:35,2,0,4
BRDA:35,2,1,2
BRDA:45,3,0,4
BRDA:45,3,1,2
BRDA:50,4,0,4
BRDA:50,4,1,0
BRDA:55,5,0,1
BRDA:55,5,1,1
BRDA:62,6,0,1
BRDA:62,6,1,0
BRDA:69,7,0,0
BRDA:69,7,1,0
BRDA:76,8,0,0
BRDA:76,8,1,0
BRF:18
BRH:12
end_of_record
TN:
SF:skills/workflow/spec-driven/index.js
FN:4,(anonymous_0)
FN:10,(anonymous_1)
FN:19,(anonymous_2)
FN:29,(anonymous_3)
FN:40,(anonymous_4)
FN:73,(anonymous_5)
FN:82,(anonymous_6)
FN:83,(anonymous_7)
FN:102,(anonymous_8)
FN:107,(anonymous_9)
FN:112,(anonymous_10)
FN:153,(anonymous_11)
FN:154,(anonymous_12)
FN:162,(anonymous_13)
FN:165,(anonymous_14)
FN:168,(anonymous_15)
FN:169,(anonymous_16)
FN:177,(anonymous_17)
FN:182,(anonymous_18)
FNF:19
FNH:18
FNDA:11,(anonymous_0)
FNDA:9,(anonymous_1)
FNDA:11,(anonymous_2)
FNDA:2,(anonymous_3)
FNDA:1,(anonymous_4)
FNDA:2,(anonymous_5)
FNDA:3,(anonymous_6)
FNDA:2,(anonymous_7)
FNDA:2,(anonymous_8)
FNDA:2,(anonymous_9)
FNDA:2,(anonymous_10)
FNDA:9,(anonymous_11)
FNDA:2,(anonymous_12)
FNDA:1,(anonymous_13)
FNDA:2,(anonymous_14)
FNDA:2,(anonymous_15)
FNDA:2,(anonymous_16)
FNDA:1,(anonymous_17)
FNDA:0,(anonymous_18)
DA:5,11
DA:6,11
DA:7,11
DA:11,9
DA:19,11
DA:26,9
DA:30,2
DA:31,2
DA:32,1
DA:34,2
DA:35,0
DA:37,2
DA:41,1
DA:42,1
DA:43,1
DA:44,1
DA:45,1
DA:46,1
DA:47,1
DA:48,1
DA:49,1
DA:50,1
DA:51,1
DA:52,1
DA:53,1
DA:55,1
DA:56,1
DA:57,0
DA:59,1
DA:60,1
DA:61,0
DA:63,1
DA:64,0
DA:65,0
DA:66,0
DA:69,1
DA:70,1
DA:74,2
DA:75,2
DA:76,2
DA:78,2
DA:79,1
DA:82,3
DA:83,2
DA:85,2
DA:86,2
DA:87,0
DA:88,0
DA:92,2
DA:93,3
DA:94,1
DA:95,1
DA:99,2
DA:103,2
DA:107,2
DA:112,2
DA:118,2
DA:119,2
DA:120,2
DA:122,2
DA:123,2
DA:124,2
DA:125,2
DA:126,2
DA:127,2
DA:130,2
DA:131,0
DA:132,0
DA:133,0
DA:136,2
DA:137,0
DA:138,0
DA:139,0
DA:140,0
DA:143,2
DA:144,0
DA:145,0
DA:150,2
DA:154,9
DA:163,1
DA:165,2
DA:166,1
DA:168,2
DA:169,2
DA:171,1
DA:177,1
DA:183,0
DA:187,1
LF:88
LH:70
BRDA:12,0,0,9
BRDA:12,0,1,2
BRDA:14,1,0,9
BRDA:14,1,1,9
BRDA:15,2,0,9
BRDA:15,2,1,8
BRDA:16,3,0,9
BRDA:16,3,1,9
BRDA:17,4,0,9
BRDA:17,4,1,9
BRDA:18,5,0,9
BRDA:18,5,1,8
BRDA:19,6,0,9
BRDA:19,6,1,1
BRDA:31,7,0,1
BRDA:31,7,1,1
BRDA:31,8,0,2
BRDA:31,8,1,1
BRDA:34,9,0,0
BRDA:34,9,1,2
BRDA:34,10,0,2
BRDA:34,10,1,2
BRDA:50,11,0,1
BRDA:50,11,1,1
BRDA:56,12,0,1
BRDA:56,12,1,0
BRDA:60,13,0,1
BRDA:60,13,1,0
BRDA:63,14,0,0
BRDA:63,14,1,1
BRDA:63,15,0,1
BRDA:63,15,1,1
BRDA:78,16,0,1
BRDA:78,16,1,1
BRDA:82,17,0,2
BRDA:82,17,1,0
BRDA:82,18,0,0
BRDA:82,18,1,3
BRDA:83,19,0,2
BRDA:83,19,1,0
BRDA:83,20,0,0
BRDA:83,20,1,2
BRDA:86,21,0,0
BRDA:86,21,1,2
BRDA:93,22,0,1
BRDA:93,22,1,2
BRDA:104,23,0,1
BRDA:104,23,1,1
BRDA:107,24,0,2
BRDA:107,24,1,2
BRDA:112,25,0,2
BRDA:112,25,1,1
BRDA:123,26,0,2
BRDA:123,26,1,0
BRDA:124,27,0,0
BRDA:124,27,1,2
BRDA:125,28,0,2
BRDA:125,28,1,0
BRDA:127,29,0,0
BRDA:127,29,1,2
BRDA:130,30,0,2
BRDA:130,30,1,0
BRDA:131,31,0,0
BRDA:131,31,1,0
BRDA:136,32,0,2
BRDA:136,32,1,0
BRDA:137,33,0,0
BRDA:137,33,1,0
BRDA:138,34,0,0
BRDA:138,34,1,0
BRDA:143,35,0,2
BRDA:143,35,1,0
BRDA:144,36,0,0
BRDA:144,36,1,0
BRDA:157,37,0,2
BRDA:157,37,1,0
BRDA:163,38,0,0
BRDA:163,38,1,1
BRDA:163,39,0,1
BRDA:163,39,1,1
BRDA:165,40,0,1
BRDA:165,40,1,0
BRDA:176,41,0,1
BRDA:176,41,1,0
BRF:84
BRH:56
end_of_record
TN:
SF:skills/workflow/spec-engine/index.js
FN:6,(anonymous_0)
FN:13,(anonymous_1)
FN:40,(anonymous_2)
FN:50,(anonymous_3)
FN:51,(anonymous_4)
FN:55,(anonymous_5)
FN:73,(anonymous_6)
FN:81,(anonymous_7)
FN:86,(anonymous_8)
FN:100,(anonymous_9)
FN:113,(anonymous_10)
FN:121,(anonymous_11)
FN:122,(anonymous_12)
FN:157,(anonymous_13)
FN:167,(anonymous_14)
FN:176,(anonymous_15)
FN:189,(anonymous_16)
FN:197,(anonymous_17)
FN:215,(anonymous_18)
FN:242,(anonymous_19)
FN:261,(anonymous_20)
FN:277,(anonymous_21)
FNF:22
FNH:21
FNDA:19,(anonymous_0)
FNDA:16,(anonymous_1)
FNDA:3,(anonymous_2)
FNDA:3,(anonymous_3)
FNDA:3,(anonymous_4)
FNDA:3,(anonymous_5)
FNDA:2,(anonymous_6)
FNDA:1,(anonymous_7)
FNDA:3,(anonymous_8)
FNDA:13,(anonymous_9)
FNDA:13,(anonymous_10)
FNDA:36,(anonymous_11)
FNDA:36,(anonymous_12)
FNDA:67,(anonymous_13)
FNDA:28,(anonymous_14)
FNDA:13,(anonymous_15)
FNDA:4,(anonymous_16)
FNDA:13,(anonymous_17)
FNDA:13,(anonymous_18)
FNDA:13,(anonymous_19)
FNDA:13,(anonymous_20)
FNDA:0,(anonymous_21)
DA:3,1
DA:7,19
DA:8,19
DA:9,19
DA:14,16
DA:15,3
DA:18,13
DA:19,13
DA:20,13
DA:21,13
DA:22,13
DA:23,13
DA:24,13
DA:25,13
DA:27,13
DA:41,3
DA:43,3
DA:44,1
DA:47,3
DA:48,1
DA:50,3
DA:51,3
DA:52,2
DA:53,1
DA:55,2
DA:56,3
DA:57,3
DA:58,3
DA:62,3
DA:63,0
DA:66,3
DA:74,2
DA:75,1
DA:77,1
DA:78,1
DA:82,1
DA:83,1
DA:87,3
DA:101,13
DA:105,13
DA:106,15
DA:107,15
DA:109,0
DA:110,0
DA:114,13
DA:117,13
DA:119,13
DA:121,36
DA:122,36
DA:124,13
DA:125,13
DA:156,13
DA:157,67
DA:158,28
DA:159,28
DA:160,28
DA:161,28
DA:162,28
DA:167,28
DA:177,13
DA:178,13
DA:183,13
DA:185,39
DA:186,4
DA:189,13
DA:198,13
DA:199,13
DA:206,13
DA:208,65
DA:209,3
DA:212,13
DA:216,13
DA:217,13
DA:228,13
DA:229,3
DA:230,1
DA:231,1
DA:232,1
DA:233,9
DA:234,2
DA:239,13
DA:243,13
DA:244,13
DA:248,13
DA:250,26
DA:251,6
DA:252,6
DA:253,6
DA:254,5
DA:258,13
DA:262,13
DA:263,13
DA:268,13
DA:270,39
DA:271,3
DA:274,13
DA:278,0
DA:282,1
LF:98
LH:94
BRDA:14,0,0,3
BRDA:14,0,1,13
BRDA:14,1,0,16
BRDA:14,1,1,14
BRDA:43,2,0,1
BRDA:43,2,1,2
BRDA:43,3,0,3
BRDA:43,3,1,2
BRDA:47,4,0,1
BRDA:47,4,1,2
BRDA:47,5,0,3
BRDA:47,5,1,3
BRDA:52,6,0,1
BRDA:52,6,1,1
BRDA:56,7,0,0
BRDA:56,7,1,3
BRDA:57,8,0,0
BRDA:57,8,1,3
BRDA:58,9,0,0
BRDA:58,9,1,3
BRDA:62,10,0,0
BRDA:62,10,1,3
BRDA:62,11,0,3
BRDA:62,11,1,1
BRDA:74,12,0,1
BRDA:74,12,1,1
BRDA:107,13,0,13
BRDA:107,13,1,2
BRDA:110,14,0,0
BRDA:110,14,1,0
BRDA:158,15,0,28
BRDA:158,15,1,0
BRDA:158,16,0,28
BRDA:158,16,1,28
BRDA:161,17,0,28
BRDA:161,17,1,0
BRDA:170,18,0,13
BRDA:170,18,1,15
BRDA:170,19,0,13
BRDA:170,19,1,2
BRDA:192,20,0,4
BRDA:192,20,1,0
BRDA:233,21,0,2
BRDA:233,21,1,7
BRDA:233,22,0,9
BRDA:233,22,1,3
BRDA:233,22,2,7
BRDA:233,22,3,0
BRDA:253,23,0,5
BRDA:253,23,1,1
BRDA:253,24,0,6
BRDA:253,24,1,6
BRF:52
BRH:42
end_of_record
TN:
SF:skills/workflow/tdd-vibe/index.js
FN:4,(anonymous_0)
FN:10,(anonymous_1)
FN:42,(anonymous_2)
FN:54,(anonymous_3)
FNF:4
FNH:3
FNDA:7,(anonymous_0)
FNDA:4,(anonymous_1)
FNDA:2,(anonymous_2)
FNDA:0,(anonymous_3)
DA:5,7
DA:6,7
DA:7,7
DA:11,4
DA:13,2
DA:43,2
DA:51,2
DA:55,0
DA:59,1
LF:9
LH:8
BRDA:11,0,0,2
BRDA:11,0,1,2
BRF:2
BRH:2
end_of_record
TN:
SF:skills/workflow/verification/index.js
FN:4,(anonymous_0)
FN:11,(anonymous_1)
FN:30,(anonymous_2)
FN:31,(anonymous_3)
FN:38,(anonymous_4)
FN:39,(anonymous_5)
FN:49,(anonymous_6)
FN:73,(anonymous_7)
FN:105,(anonymous_8)
FN:106,(anonymous_9)
FN:107,(anonymous_10)
FN:111,(anonymous_11)
FN:112,(anonymous_12)
FN:113,(anonymous_13)
FN:124,(anonymous_14)
FNF:15
FNH:14
FNDA:14,(anonymous_0)
FNDA:10,(anonymous_1)
FNDA:15,(anonymous_2)
FNDA:15,(anonymous_3)
FNDA:9,(anonymous_4)
FNDA:9,(anonymous_5)
FNDA:1,(anonymous_6)
FNDA:1,(anonymous_7)
FNDA:1,(anonymous_8)
FNDA:2,(anonymous_9)
FNDA:4,(anonymous_10)
FNDA:2,(anonymous_11)
FNDA:2,(anonymous_12)
FNDA:2,(anonymous_13)
FNDA:0,(anonymous_14)
DA:5,14
DA:6,14
DA:7,14
DA:8,14
DA:12,10
DA:13,3
DA:16,7
DA:17,7
DA:19,7
DA:20,15
DA:21,15
DA:22,15
DA:30,15
DA:31,15
DA:33,7
DA:38,9
DA:39,9
DA:50,1
DA:52,1
DA:53,1
DA:54,1
DA:56,1
DA:57,1
DA:58,1
DA:59,2
DA:60,2
DA:65,2
DA:66,0
DA:70,1
DA:74,1
DA:76,1
DA:77,1
DA:78,1
DA:80,1
DA:81,2
DA:82,2
DA:83,2
DA:84,2
DA:90,2
DA:91,1
DA:95,1
DA:106,1
DA:107,4
DA:108,1
DA:109,1
DA:111,2
DA:112,2
DA:113,2
DA:115,1
DA:125,0
DA:129,1
LF:51
LH:49
BRDA:4,0,0,13
BRDA:8,1,0,14
BRDA:8,1,1,13
BRDA:12,2,0,3
BRDA:12,2,1,7
BRDA:12,3,0,10
BRDA:12,3,1,9
BRDA:17,4,0,7
BRDA:17,4,1,0
BRDA:17,4,2,0
BRDA:20,5,0,7
BRDA:20,5,1,8
BRDA:20,6,0,8
BRDA:20,6,1,0
BRDA:20,6,2,0
BRDA:25,7,0,6
BRDA:25,7,1,9
BRDA:26,8,0,6
BRDA:26,8,1,9
BRDA:26,9,0,2
BRDA:26,9,1,7
BRDA:36,10,0,6
BRDA:36,10,1,1
BRDA:39,11,0,2
BRDA:39,11,1,5
BRDA:41,12,0,2
BRDA:41,12,1,3
BRDA:50,13,0,0
BRDA:50,13,1,1
BRDA:50,14,0,1
BRDA:50,14,1,1
BRDA:56,15,0,1
BRDA:56,15,1,0
BRDA:57,16,0,1
BRDA:57,16,1,0
BRDA:65,17,0,2
BRDA:65,17,1,0
BRDA:74,18,0,0
BRDA:74,18,1,1
BRDA:80,19,0,1
BRDA:80,19,1,0
BRDA:81,20,0,2
BRDA:81,20,1,0
BRDA:81,21,0,2
BRDA:81,21,1,0
BRDA:81,21,2,0
BRDA:82,22,0,2
BRDA:82,22,1,0
BRDA:83,23,0,2
BRDA:83,23,1,0
BRDA:90,24,0,1
BRDA:90,24,1,1
BRDA:96,25,0,1
BRDA:96,25,1,0
BRDA:101,26,0,0
BRDA:101,26,1,1
BRDA:107,27,0,2
BRDA:107,27,1,0
BRDA:107,28,0,0
BRDA:107,28,1,4
BRDA:116,29,0,1
BRDA:116,29,1,0
BRF:62
BRH:42
end_of_record
